{
   "context": {
      "domain": "ONDC:RET10",
      "city": "std:080",
      "country": "IND",
      "action": "on_status",
      "core_version": "1.2.0",
      "bap_id": "preprod.eazehub.com",
      "bap_uri": "https://preprod.eazehub.com",
      "bpp_id": "pramaan.ondc.org/beta/preprod/mock/seller",
      "bpp_uri": "https://pramaan.ondc.org/beta/preprod/mock/seller",
      "transaction_id": "6739937851253860",
      "message_id": "e8ce668e-19ed-4dca-8ee5-d5c1c96294aa",
      "timestamp": "2025-02-13T10:18:14.834Z",
      "ttl": "PT50S"
   },
   "message": {
      "order": {
         "id": "1000441-1",
         "state": "In-progress",
         "provider": {
            "id": "pramaan_provider_1",
            "locations": [
               {
                  "id": "SSL1"
               }
            ]
         },
         "items": [
            {
               "id": "id_13owvn_0_0",
               "quantity": {
                  "count": 2
               },
               "location_id": "SSL1",
               "fulfillment_id": "931c04fd-e2df-4249-b670-2164d052b886"
            },
            {
               "id": "id_13owvn_0_0",
               "quantity": {
                  "count": 1
               },
               "location_id": "SSL1",
               "fulfillment_id": "d8f6c373-427f-4e1c-916c-c9cf83b1a5d1"
            }
         ],
         "billing": {
            "name": "Golla PrakashKumar",
            "address": {
               "name": "Golla PrakashKumar",
               "building": "A Block Ground Floor",
               "locality": "Opteamix Technology Solutions LLP 42 27th Cross Road Banashankari Stage II Banashankari",
               "city": "Bengaluru",
               "state": "Karnataka",
               "country": "India",
               "area_code": "560070"
            },
            "tax_number": "",
            "email": "pgolla@opteamix.com",
            "phone": "9164215281",
            "created_at": "2025-02-13T10:17:36.771Z",
            "updated_at": "2025-02-13T10:17:36.771Z"
         },
         "fulfillments": [
            {
               "id": "931c04fd-e2df-4249-b670-2164d052b886",
               "@ondc/org/provider_name": "Pramaan Store 1",
               "@ondc/org/category": "Standard Delivery",
               "@ondc/org/TAT": "PT24H",
               "state": {
                  "descriptor": {
                     "code": "Packed"
                  }
               },
               "type": "Delivery",
               "tracking": true,
               "start": {
                  "location": {
                     "id": "SSL1",
                     "gps": "28.527300, 77.182100",
                     "descriptor": {
                        "name": "Pramaan Store 1",
                        "images": [
                           "https://ondc.org/assets/theme/images/ondc_registered_logo.svg?v=399788fda7"
                        ]
                     },
                     "address": {
                        "locality": "N. Caldwell",
                        "city": "N. Caldwell",
                        "area_code": "110030",
                        "state": "New Delhi"
                     }
                  },
                  "time": {
                     "range": {
                        "start": "2025-02-13T10:17:58.358Z",
                        "end": "2025-02-13T23:00:00.000Z"
                     }
                  },
                  "contact": {
                     "phone": "9876543210",
                     "email": "ss_seller_1@ss.com"
                  }
               },
               "end": {
                  "contact": {
                     "phone": "9164215281",
                     "email": "pgolla@opteamix.com"
                  },
                  "location": {
                     "gps": "17.387140,78.491684",
                     "address": {
                        "city": "Bengaluru",
                        "name": "Opteamix Technology Solutions LLP 42 27th Cross Road Banashankari Stage II Banashankari",
                        "state": "Karnataka",
                        "country": "India",
                        "building": "A Block Ground Floor",
                        "locality": "Opteamix Technology Solutions LLP 42 27th Cross Road Banashankari Stage II Banashankari",
                        "area_code": "560070"
                     }
                  },
                  "person": {
                     "name": "Golla"
                  },
                  "time": {
                     "range": {
                        "start": "2025-02-14T09:30:00.000Z",
                        "end": "2025-02-14T19:00:00.000Z"
                     }
                  }
               },
               "tags": [
                  {
                     "code": "routing",
                     "list": [
                        {
                           "code": "type",
                           "value": "P2P"
                        }
                     ]
                  },
                  {
                     "code": "tracking",
                     "list": [
                        {
                           "code": "gps_enabled",
                           "value": "yes"
                        },
                        {
                           "code": "url_enabled",
                           "value": "yes"
                        },
                        {
                           "code": "url",
                           "value": "https://ondc.sequelstring.com/track/931c04fd-e2df-4249-b670-2164d052b886"
                        }
                     ]
                  }
               ]
            },
            {
               "id": "d8f6c373-427f-4e1c-916c-c9cf83b1a5d1",
               "type": "Cancel",
               "state": {
                  "descriptor": {
                     "code": "Cancelled"
                  }
               },
               "tags": [
                  {
                     "code": "cancel_request",
                     "list": [
                        {
                           "code": "reason_id",
                           "value": "016"
                        },
                        {
                           "code": "initiated_by",
                           "value": "https://pramaan.ondc.org/beta/preprod/mock/seller"
                        }
                     ]
                  },
                  {
                     "code": "quote_trail",
                     "list": [
                        {
                           "code": "type",
                           "value": "item"
                        },
                        {
                           "code": "id",
                           "value": "id_13owvn_0_0"
                        },
                        {
                           "code": "currency",
                           "value": "INR"
                        },
                        {
                           "code": "value",
                           "value": "-195.00"
                        }
                     ]
                  }
               ]
            }
         ],
         "quote": {
            "price": {
               "currency": "INR",
               "value": "275.00"
            },
            "breakup": [
               {
                  "@ondc/org/item_id": "id_13owvn_0_0",
                  "title": "Plain Atta",
                  "@ondc/org/item_quantity": {
                     "count": 3
                  },
                  "@ondc/org/title_type": "item",
                  "price": {
                     "currency": "INR",
                     "value": "195.00"
                  },
                  "item": {
                     "quantity": {
                        "available": {
                           "count": "99"
                        },
                        "maximum": {
                           "count": "99"
                        }
                     },
                     "price": {
                        "currency": "INR",
                        "value": "65.00"
                     }
                  }
               },
               {
                  "@ondc/org/item_id": "931c04fd-e2df-4249-b670-2164d052b886",
                  "title": "Delivery charges",
                  "@ondc/org/title_type": "delivery",
                  "price": {
                     "currency": "INR",
                     "value": "40"
                  }
               },
               {
                  "@ondc/org/item_id": "931c04fd-e2df-4249-b670-2164d052b886",
                  "title": "Convenience Fee",
                  "@ondc/org/title_type": "misc",
                  "price": {
                     "currency": "INR",
                     "value": "40"
                  }
               }
            ],
            "ttl": "PT6H"
         },
         "payment": {
            "status": "PAID",
            "collected_by": "BAP",
            "@ondc/org/settlement_details": [
               {
                  "bank_name": "AXIS BANK LTD ",
                  "branch_name": "NAVI MUMBAI",
                  "upi_address": "",
                  "settlement_type": "neft",
                  "beneficiary_name": "SEQUELSTRING AI",
                  "settlement_phase": "sale-amount",
                  "settlement_status": "NOT-PAID",
                  "settlement_ifsc_code": "AXIS123456",
                  "settlement_counterparty": "seller-app",
                  "settlement_bank_account_no": "9876543210012"
               },
               [
                  {
                     "settlement_counterparty": "buyer",
                     "settlement_phase": "refund",
                     "settlement_type": "upi",
                     "settlement_amount": "100",
                     "settlement_timestamp": "2025-02-13T10:18:06.007Z"
                  }
               ]
            ],
            "@ondc/org/buyer_app_finder_fee_type": "percent",
            "@ondc/org/buyer_app_finder_fee_amount": "3",
            "type": "ON-ORDER",
            "params": {
               "amount": "275.00",
               "transaction_id": "6739937851253860",
               "currency": "INR"
            }
         },
         "tags": [
            {
               "code": "bpp_terms",
               "list": [
                  {
                     "code": "np_type",
                     "value": "MSN"
                  },
                  {
                     "code": "tax_number",
                     "value": "00ABCDE1234F1Z5"
                  },
                  {
                     "code": "max_liability",
                     "value": "2"
                  },
                  {
                     "code": "max_liability_cap",
                     "value": "10000.00"
                  },
                  {
                     "code": "mandatory_arbitration",
                     "value": "false"
                  },
                  {
                     "code": "court_jurisdiction",
                     "value": "New Delhi"
                  },
                  {
                     "code": "delay_interest",
                     "value": "7.50"
                  },
                  {
                     "code": "provider_tax_number",
                     "value": "ABCDE1234F"
                  }
               ]
            }
         ],
         "created_at": "2025-02-13T10:17:58.021Z",
         "updated_at": "2025-02-13T10:18:14.834Z",
         "cancellation": {
            "cancelled_by": "https://pramaan.ondc.org/beta/preprod/mock/seller",
            "reason": {
               "id": "016"
            }
         }
      }
   }
}


{
   "context": {
      "domain": "ONDC:RET10",
      "city": "std:080",
      "country": "IND",
      "action": "on_status",
      "core_version": "1.2.0",
      "bap_id": "preprod.eazehub.com",
      "bap_uri": "https://preprod.eazehub.com",
      "bpp_id": "pramaan.ondc.org/beta/preprod/mock/seller",
      "bpp_uri": "https://pramaan.ondc.org/beta/preprod/mock/seller",
      "transaction_id": "6739937851253860",
      "message_id": "80c4cbb6-dd4e-4981-a32a-e7ec210c9346",
      "timestamp": "2025-02-13T10:18:24.834Z",
      "ttl": "PT50S"
   },
   "message": {
      "order": {
         "id": "1000441-1",
         "state": "In-progress",
         "provider": {
            "id": "pramaan_provider_1",
            "locations": [
               {
                  "id": "SSL1"
               }
            ]
         },
         "items": [
            {
               "id": "id_13owvn_0_0",
               "quantity": {
                  "count": 2
               },
               "location_id": "SSL1",
               "fulfillment_id": "931c04fd-e2df-4249-b670-2164d052b886"
            },
            {
               "id": "id_13owvn_0_0",
               "quantity": {
                  "count": 1
               },
               "location_id": "SSL1",
               "fulfillment_id": "d8f6c373-427f-4e1c-916c-c9cf83b1a5d1"
            }
         ],
         "billing": {
            "name": "Golla PrakashKumar",
            "address": {
               "name": "Golla PrakashKumar",
               "building": "A Block Ground Floor",
               "locality": "Opteamix Technology Solutions LLP 42 27th Cross Road Banashankari Stage II Banashankari",
               "city": "Bengaluru",
               "state": "Karnataka",
               "country": "India",
               "area_code": "560070"
            },
            "tax_number": "",
            "email": "pgolla@opteamix.com",
            "phone": "9164215281",
            "created_at": "2025-02-13T10:17:36.771Z",
            "updated_at": "2025-02-13T10:17:36.771Z"
         },
         "fulfillments": [
            {
               "id": "931c04fd-e2df-4249-b670-2164d052b886",
               "@ondc/org/provider_name": "Pramaan Store 1",
               "@ondc/org/category": "Standard Delivery",
               "@ondc/org/TAT": "PT24H",
               "state": {
                  "descriptor": {
                     "code": "Agent-assigned"
                  }
               },
               "type": "Delivery",
               "tracking": true,
               "start": {
                  "location": {
                     "id": "SSL1",
                     "gps": "28.527300, 77.182100",
                     "descriptor": {
                        "name": "Pramaan Store 1",
                        "images": [
                           "https://ondc.org/assets/theme/images/ondc_registered_logo.svg?v=399788fda7"
                        ]
                     },
                     "address": {
                        "locality": "N. Caldwell",
                        "city": "N. Caldwell",
                        "area_code": "110030",
                        "state": "New Delhi"
                     }
                  },
                  "time": {
                     "range": {
                        "start": "2025-02-13T10:17:58.358Z",
                        "end": "2025-02-13T23:00:00.000Z"
                     }
                  },
                  "contact": {
                     "phone": "9876543210",
                     "email": "ss_seller_1@ss.com"
                  }
               },
               "end": {
                  "contact": {
                     "phone": "9164215281",
                     "email": "pgolla@opteamix.com"
                  },
                  "location": {
                     "gps": "17.387140,78.491684",
                     "address": {
                        "city": "Bengaluru",
                        "name": "Opteamix Technology Solutions LLP 42 27th Cross Road Banashankari Stage II Banashankari",
                        "state": "Karnataka",
                        "country": "India",
                        "building": "A Block Ground Floor",
                        "locality": "Opteamix Technology Solutions LLP 42 27th Cross Road Banashankari Stage II Banashankari",
                        "area_code": "560070"
                     }
                  },
                  "person": {
                     "name": "Golla"
                  },
                  "time": {
                     "range": {
                        "start": "2025-02-14T09:30:00.000Z",
                        "end": "2025-02-14T19:00:00.000Z"
                     }
                  }
               },
               "tags": [
                  {
                     "code": "routing",
                     "list": [
                        {
                           "code": "type",
                           "value": "P2P"
                        }
                     ]
                  },
                  {
                     "code": "tracking",
                     "list": [
                        {
                           "code": "gps_enabled",
                           "value": "yes"
                        },
                        {
                           "code": "url_enabled",
                           "value": "yes"
                        },
                        {
                           "code": "url",
                           "value": "https://ondc.sequelstring.com/track/931c04fd-e2df-4249-b670-2164d052b886"
                        }
                     ]
                  }
               ]
            },
            {
               "id": "d8f6c373-427f-4e1c-916c-c9cf83b1a5d1",
               "type": "Cancel",
               "state": {
                  "descriptor": {
                     "code": "Cancelled"
                  }
               },
               "tags": [
                  {
                     "code": "cancel_request",
                     "list": [
                        {
                           "code": "reason_id",
                           "value": "016"
                        },
                        {
                           "code": "initiated_by",
                           "value": "https://pramaan.ondc.org/beta/preprod/mock/seller"
                        }
                     ]
                  },
                  {
                     "code": "quote_trail",
                     "list": [
                        {
                           "code": "type",
                           "value": "item"
                        },
                        {
                           "code": "id",
                           "value": "id_13owvn_0_0"
                        },
                        {
                           "code": "currency",
                           "value": "INR"
                        },
                        {
                           "code": "value",
                           "value": "-195.00"
                        }
                     ]
                  }
               ]
            }
         ],
         "quote": {
            "price": {
               "currency": "INR",
               "value": "275.00"
            },
            "breakup": [
               {
                  "@ondc/org/item_id": "id_13owvn_0_0",
                  "title": "Plain Atta",
                  "@ondc/org/item_quantity": {
                     "count": 3
                  },
                  "@ondc/org/title_type": "item",
                  "price": {
                     "currency": "INR",
                     "value": "195.00"
                  },
                  "item": {
                     "quantity": {
                        "available": {
                           "count": "99"
                        },
                        "maximum": {
                           "count": "99"
                        }
                     },
                     "price": {
                        "currency": "INR",
                        "value": "65.00"
                     }
                  }
               },
               {
                  "@ondc/org/item_id": "931c04fd-e2df-4249-b670-2164d052b886",
                  "title": "Delivery charges",
                  "@ondc/org/title_type": "delivery",
                  "price": {
                     "currency": "INR",
                     "value": "40"
                  }
               },
               {
                  "@ondc/org/item_id": "931c04fd-e2df-4249-b670-2164d052b886",
                  "title": "Convenience Fee",
                  "@ondc/org/title_type": "misc",
                  "price": {
                     "currency": "INR",
                     "value": "40"
                  }
               }
            ],
            "ttl": "PT6H"
         },
         "payment": {
            "status": "PAID",
            "collected_by": "BAP",
            "@ondc/org/settlement_details": [
               {
                  "bank_name": "AXIS BANK LTD ",
                  "branch_name": "NAVI MUMBAI",
                  "upi_address": "",
                  "settlement_type": "neft",
                  "beneficiary_name": "SEQUELSTRING AI",
                  "settlement_phase": "sale-amount",
                  "settlement_status": "NOT-PAID",
                  "settlement_ifsc_code": "AXIS123456",
                  "settlement_counterparty": "seller-app",
                  "settlement_bank_account_no": "9876543210012"
               },
               [
                  {
                     "settlement_counterparty": "buyer",
                     "settlement_phase": "refund",
                     "settlement_type": "upi",
                     "settlement_amount": "100",
                     "settlement_timestamp": "2025-02-13T10:18:06.007Z"
                  }
               ]
            ],
            "@ondc/org/buyer_app_finder_fee_type": "percent",
            "@ondc/org/buyer_app_finder_fee_amount": "3",
            "type": "ON-ORDER",
            "params": {
               "amount": "275.00",
               "transaction_id": "6739937851253860",
               "currency": "INR"
            }
         },
         "tags": [
            {
               "code": "bpp_terms",
               "list": [
                  {
                     "code": "np_type",
                     "value": "MSN"
                  },
                  {
                     "code": "tax_number",
                     "value": "00ABCDE1234F1Z5"
                  },
                  {
                     "code": "max_liability",
                     "value": "2"
                  },
                  {
                     "code": "max_liability_cap",
                     "value": "10000.00"
                  },
                  {
                     "code": "mandatory_arbitration",
                     "value": "false"
                  },
                  {
                     "code": "court_jurisdiction",
                     "value": "New Delhi"
                  },
                  {
                     "code": "delay_interest",
                     "value": "7.50"
                  },
                  {
                     "code": "provider_tax_number",
                     "value": "ABCDE1234F"
                  }
               ]
            }
         ],
         "created_at": "2025-02-13T10:17:58.021Z",
         "updated_at": "2025-02-13T10:18:24.834Z",
         "cancellation": {
            "cancelled_by": "https://pramaan.ondc.org/beta/preprod/mock/seller",
            "reason": {
               "id": "016"
            }
         }
      }
   }
}


{
   "context": {
      "domain": "ONDC:RET10",
      "city": "std:080",
      "country": "IND",
      "action": "on_status",
      "core_version": "1.2.0",
      "bap_id": "preprod.eazehub.com",
      "bap_uri": "https://preprod.eazehub.com",
      "bpp_id": "pramaan.ondc.org/beta/preprod/mock/seller",
      "bpp_uri": "https://pramaan.ondc.org/beta/preprod/mock/seller",
      "transaction_id": "6739937851253860",
      "message_id": "d848bdf1-830c-4487-951c-b8220fa3f74e",
      "timestamp": "2025-02-13T10:18:37.213Z",
      "ttl": "PT50S"
   },
   "message": {
      "order": {
         "id": "1000441-1",
         "state": "In-progress",
         "provider": {
            "id": "pramaan_provider_1",
            "locations": [
               {
                  "id": "SSL1"
               }
            ]
         },
         "items": [
            {
               "id": "id_13owvn_0_0",
               "quantity": {
                  "count": 2
               },
               "location_id": "SSL1",
               "fulfillment_id": "931c04fd-e2df-4249-b670-2164d052b886"
            },
            {
               "id": "id_13owvn_0_0",
               "quantity": {
                  "count": 1
               },
               "location_id": "SSL1",
               "fulfillment_id": "d8f6c373-427f-4e1c-916c-c9cf83b1a5d1"
            }
         ],
         "billing": {
            "name": "Golla PrakashKumar",
            "address": {
               "name": "Golla PrakashKumar",
               "building": "A Block Ground Floor",
               "locality": "Opteamix Technology Solutions LLP 42 27th Cross Road Banashankari Stage II Banashankari",
               "city": "Bengaluru",
               "state": "Karnataka",
               "country": "India",
               "area_code": "560070"
            },
            "tax_number": "",
            "email": "pgolla@opteamix.com",
            "phone": "9164215281",
            "created_at": "2025-02-13T10:17:36.771Z",
            "updated_at": "2025-02-13T10:17:36.771Z"
         },
         "fulfillments": [
            {
               "id": "931c04fd-e2df-4249-b670-2164d052b886",
               "@ondc/org/provider_name": "Pramaan Store 1",
               "@ondc/org/category": "Standard Delivery",
               "@ondc/org/TAT": "PT24H",
               "state": {
                  "descriptor": {
                     "code": "Order-picked-up"
                  }
               },
               "type": "Delivery",
               "tracking": true,
               "start": {
                  "location": {
                     "id": "SSL1",
                     "gps": "28.527300, 77.182100",
                     "descriptor": {
                        "name": "Pramaan Store 1",
                        "images": [
                           "https://ondc.org/assets/theme/images/ondc_registered_logo.svg?v=399788fda7"
                        ]
                     },
                     "address": {
                        "locality": "N. Caldwell",
                        "city": "N. Caldwell",
                        "area_code": "110030",
                        "state": "New Delhi"
                     }
                  },
                  "time": {
                     "range": {
                        "start": "2025-02-13T10:17:58.358Z",
                        "end": "2025-02-13T23:00:00.000Z"
                     },
                     "timestamp": "2025-02-13T10:18:37.213Z"
                  },
                  "contact": {
                     "phone": "9876543210",
                     "email": "ss_seller_1@ss.com"
                  }
               },
               "end": {
                  "contact": {
                     "phone": "9164215281",
                     "email": "pgolla@opteamix.com"
                  },
                  "location": {
                     "gps": "17.387140,78.491684",
                     "address": {
                        "city": "Bengaluru",
                        "name": "Opteamix Technology Solutions LLP 42 27th Cross Road Banashankari Stage II Banashankari",
                        "state": "Karnataka",
                        "country": "India",
                        "building": "A Block Ground Floor",
                        "locality": "Opteamix Technology Solutions LLP 42 27th Cross Road Banashankari Stage II Banashankari",
                        "area_code": "560070"
                     }
                  },
                  "person": {
                     "name": "Golla"
                  },
                  "time": {
                     "range": {
                        "start": "2025-02-14T09:30:00.000Z",
                        "end": "2025-02-14T19:00:00.000Z"
                     }
                  }
               },
               "tags": [
                  {
                     "code": "routing",
                     "list": [
                        {
                           "code": "type",
                           "value": "P2P"
                        }
                     ]
                  },
                  {
                     "code": "tracking",
                     "list": [
                        {
                           "code": "gps_enabled",
                           "value": "yes"
                        },
                        {
                           "code": "url_enabled",
                           "value": "yes"
                        },
                        {
                           "code": "url",
                           "value": "https://ondc.sequelstring.com/track/931c04fd-e2df-4249-b670-2164d052b886"
                        }
                     ]
                  }
               ]
            },
            {
               "id": "d8f6c373-427f-4e1c-916c-c9cf83b1a5d1",
               "type": "Cancel",
               "state": {
                  "descriptor": {
                     "code": "Cancelled"
                  }
               },
               "tags": [
                  {
                     "code": "cancel_request",
                     "list": [
                        {
                           "code": "reason_id",
                           "value": "016"
                        },
                        {
                           "code": "initiated_by",
                           "value": "https://pramaan.ondc.org/beta/preprod/mock/seller"
                        }
                     ]
                  },
                  {
                     "code": "quote_trail",
                     "list": [
                        {
                           "code": "type",
                           "value": "item"
                        },
                        {
                           "code": "id",
                           "value": "id_13owvn_0_0"
                        },
                        {
                           "code": "currency",
                           "value": "INR"
                        },
                        {
                           "code": "value",
                           "value": "-195.00"
                        }
                     ]
                  }
               ]
            }
         ],
         "quote": {
            "price": {
               "currency": "INR",
               "value": "275.00"
            },
            "breakup": [
               {
                  "@ondc/org/item_id": "id_13owvn_0_0",
                  "title": "Plain Atta",
                  "@ondc/org/item_quantity": {
                     "count": 3
                  },
                  "@ondc/org/title_type": "item",
                  "price": {
                     "currency": "INR",
                     "value": "195.00"
                  },
                  "item": {
                     "quantity": {
                        "available": {
                           "count": "99"
                        },
                        "maximum": {
                           "count": "99"
                        }
                     },
                     "price": {
                        "currency": "INR",
                        "value": "65.00"
                     }
                  }
               },
               {
                  "@ondc/org/item_id": "931c04fd-e2df-4249-b670-2164d052b886",
                  "title": "Delivery charges",
                  "@ondc/org/title_type": "delivery",
                  "price": {
                     "currency": "INR",
                     "value": "40"
                  }
               },
               {
                  "@ondc/org/item_id": "931c04fd-e2df-4249-b670-2164d052b886",
                  "title": "Convenience Fee",
                  "@ondc/org/title_type": "misc",
                  "price": {
                     "currency": "INR",
                     "value": "40"
                  }
               }
            ],
            "ttl": "PT6H"
         },
         "payment": {
            "status": "PAID",
            "collected_by": "BAP",
            "@ondc/org/settlement_details": [
               {
                  "bank_name": "AXIS BANK LTD ",
                  "branch_name": "NAVI MUMBAI",
                  "upi_address": "",
                  "settlement_type": "neft",
                  "beneficiary_name": "SEQUELSTRING AI",
                  "settlement_phase": "sale-amount",
                  "settlement_status": "NOT-PAID",
                  "settlement_ifsc_code": "AXIS123456",
                  "settlement_counterparty": "seller-app",
                  "settlement_bank_account_no": "9876543210012"
               },
               [
                  {
                     "settlement_counterparty": "buyer",
                     "settlement_phase": "refund",
                     "settlement_type": "upi",
                     "settlement_amount": "100",
                     "settlement_timestamp": "2025-02-13T10:18:06.007Z"
                  }
               ]
            ],
            "@ondc/org/buyer_app_finder_fee_type": "percent",
            "@ondc/org/buyer_app_finder_fee_amount": "3",
            "type": "ON-ORDER",
            "params": {
               "amount": "275.00",
               "transaction_id": "6739937851253860",
               "currency": "INR"
            }
         },
         "tags": [
            {
               "code": "bpp_terms",
               "list": [
                  {
                     "code": "np_type",
                     "value": "MSN"
                  },
                  {
                     "code": "tax_number",
                     "value": "00ABCDE1234F1Z5"
                  },
                  {
                     "code": "max_liability",
                     "value": "2"
                  },
                  {
                     "code": "max_liability_cap",
                     "value": "10000.00"
                  },
                  {
                     "code": "mandatory_arbitration",
                     "value": "false"
                  },
                  {
                     "code": "court_jurisdiction",
                     "value": "New Delhi"
                  },
                  {
                     "code": "delay_interest",
                     "value": "7.50"
                  },
                  {
                     "code": "provider_tax_number",
                     "value": "ABCDE1234F"
                  }
               ]
            }
         ],
         "created_at": "2025-02-13T10:17:58.021Z",
         "updated_at": "2025-02-13T10:18:37.213Z",
         "cancellation": {
            "cancelled_by": "https://pramaan.ondc.org/beta/preprod/mock/seller",
            "reason": {
               "id": "016"
            }
         },
         "documents": [
            {
               "label": "Invoice",
               "url": "https://ondc.sequelstring.com/seller/document/invoice.pdf"
            }
         ]
      }
   }
}


{
   "context": {
      "domain": "ONDC:RET10",
      "city": "std:080",
      "country": "IND",
      "action": "on_status",
      "core_version": "1.2.0",
      "bap_id": "preprod.eazehub.com",
      "bap_uri": "https://preprod.eazehub.com",
      "bpp_id": "pramaan.ondc.org/beta/preprod/mock/seller",
      "bpp_uri": "https://pramaan.ondc.org/beta/preprod/mock/seller",
      "transaction_id": "6739937851253860",
      "message_id": "79548a37-1f45-48ff-b1c9-62d1fe8d7f07",
      "timestamp": "2025-02-13T10:18:49.048Z",
      "ttl": "PT50S"
   },
   "message": {
      "order": {
         "id": "1000441-1",
         "state": "In-progress",
         "provider": {
            "id": "pramaan_provider_1",
            "locations": [
               {
                  "id": "SSL1"
               }
            ]
         },
         "items": [
            {
               "id": "id_13owvn_0_0",
               "quantity": {
                  "count": 2
               },
               "location_id": "SSL1",
               "fulfillment_id": "931c04fd-e2df-4249-b670-2164d052b886"
            },
            {
               "id": "id_13owvn_0_0",
               "quantity": {
                  "count": 1
               },
               "location_id": "SSL1",
               "fulfillment_id": "d8f6c373-427f-4e1c-916c-c9cf83b1a5d1"
            }
         ],
         "billing": {
            "name": "Golla PrakashKumar",
            "address": {
               "name": "Golla PrakashKumar",
               "building": "A Block Ground Floor",
               "locality": "Opteamix Technology Solutions LLP 42 27th Cross Road Banashankari Stage II Banashankari",
               "city": "Bengaluru",
               "state": "Karnataka",
               "country": "India",
               "area_code": "560070"
            },
            "tax_number": "",
            "email": "pgolla@opteamix.com",
            "phone": "9164215281",
            "created_at": "2025-02-13T10:17:36.771Z",
            "updated_at": "2025-02-13T10:17:36.771Z"
         },
         "fulfillments": [
            {
               "id": "931c04fd-e2df-4249-b670-2164d052b886",
               "@ondc/org/provider_name": "Pramaan Store 1",
               "@ondc/org/category": "Standard Delivery",
               "@ondc/org/TAT": "PT24H",
               "state": {
                  "descriptor": {
                     "code": "Out-for-delivery"
                  }
               },
               "type": "Delivery",
               "tracking": true,
               "start": {
                  "location": {
                     "id": "SSL1",
                     "gps": "28.527300, 77.182100",
                     "descriptor": {
                        "name": "Pramaan Store 1",
                        "images": [
                           "https://ondc.org/assets/theme/images/ondc_registered_logo.svg?v=399788fda7"
                        ]
                     },
                     "address": {
                        "locality": "N. Caldwell",
                        "city": "N. Caldwell",
                        "area_code": "110030",
                        "state": "New Delhi"
                     }
                  },
                  "time": {
                     "range": {
                        "start": "2025-02-13T10:17:58.358Z",
                        "end": "2025-02-13T23:00:00.000Z"
                     },
                     "timestamp": "2025-02-13T10:18:37.213Z"
                  },
                  "contact": {
                     "phone": "9876543210",
                     "email": "ss_seller_1@ss.com"
                  }
               },
               "end": {
                  "contact": {
                     "phone": "9164215281",
                     "email": "pgolla@opteamix.com"
                  },
                  "location": {
                     "gps": "17.387140,78.491684",
                     "address": {
                        "city": "Bengaluru",
                        "name": "Opteamix Technology Solutions LLP 42 27th Cross Road Banashankari Stage II Banashankari",
                        "state": "Karnataka",
                        "country": "India",
                        "building": "A Block Ground Floor",
                        "locality": "Opteamix Technology Solutions LLP 42 27th Cross Road Banashankari Stage II Banashankari",
                        "area_code": "560070"
                     }
                  },
                  "person": {
                     "name": "Golla"
                  },
                  "time": {
                     "range": {
                        "start": "2025-02-14T09:30:00.000Z",
                        "end": "2025-02-14T19:00:00.000Z"
                     }
                  }
               },
               "tags": [
                  {
                     "code": "routing",
                     "list": [
                        {
                           "code": "type",
                           "value": "P2P"
                        }
                     ]
                  },
                  {
                     "code": "tracking",
                     "list": [
                        {
                           "code": "gps_enabled",
                           "value": "yes"
                        },
                        {
                           "code": "url_enabled",
                           "value": "yes"
                        },
                        {
                           "code": "url",
                           "value": "https://ondc.sequelstring.com/track/931c04fd-e2df-4249-b670-2164d052b886"
                        }
                     ]
                  }
               ]
            },
            {
               "id": "d8f6c373-427f-4e1c-916c-c9cf83b1a5d1",
               "type": "Cancel",
               "state": {
                  "descriptor": {
                     "code": "Cancelled"
                  }
               },
               "tags": [
                  {
                     "code": "cancel_request",
                     "list": [
                        {
                           "code": "reason_id",
                           "value": "016"
                        },
                        {
                           "code": "initiated_by",
                           "value": "https://pramaan.ondc.org/beta/preprod/mock/seller"
                        }
                     ]
                  },
                  {
                     "code": "quote_trail",
                     "list": [
                        {
                           "code": "type",
                           "value": "item"
                        },
                        {
                           "code": "id",
                           "value": "id_13owvn_0_0"
                        },
                        {
                           "code": "currency",
                           "value": "INR"
                        },
                        {
                           "code": "value",
                           "value": "-195.00"
                        }
                     ]
                  }
               ]
            }
         ],
         "quote": {
            "price": {
               "currency": "INR",
               "value": "275.00"
            },
            "breakup": [
               {
                  "@ondc/org/item_id": "id_13owvn_0_0",
                  "title": "Plain Atta",
                  "@ondc/org/item_quantity": {
                     "count": 3
                  },
                  "@ondc/org/title_type": "item",
                  "price": {
                     "currency": "INR",
                     "value": "195.00"
                  },
                  "item": {
                     "quantity": {
                        "available": {
                           "count": "99"
                        },
                        "maximum": {
                           "count": "99"
                        }
                     },
                     "price": {
                        "currency": "INR",
                        "value": "65.00"
                     }
                  }
               },
               {
                  "@ondc/org/item_id": "931c04fd-e2df-4249-b670-2164d052b886",
                  "title": "Delivery charges",
                  "@ondc/org/title_type": "delivery",
                  "price": {
                     "currency": "INR",
                     "value": "40"
                  }
               },
               {
                  "@ondc/org/item_id": "931c04fd-e2df-4249-b670-2164d052b886",
                  "title": "Convenience Fee",
                  "@ondc/org/title_type": "misc",
                  "price": {
                     "currency": "INR",
                     "value": "40"
                  }
               }
            ],
            "ttl": "PT6H"
         },
         "payment": {
            "status": "PAID",
            "collected_by": "BAP",
            "@ondc/org/settlement_details": [
               {
                  "bank_name": "AXIS BANK LTD ",
                  "branch_name": "NAVI MUMBAI",
                  "upi_address": "",
                  "settlement_type": "neft",
                  "beneficiary_name": "SEQUELSTRING AI",
                  "settlement_phase": "sale-amount",
                  "settlement_status": "NOT-PAID",
                  "settlement_ifsc_code": "AXIS123456",
                  "settlement_counterparty": "seller-app",
                  "settlement_bank_account_no": "9876543210012"
               },
               [
                  {
                     "settlement_counterparty": "buyer",
                     "settlement_phase": "refund",
                     "settlement_type": "upi",
                     "settlement_amount": "100",
                     "settlement_timestamp": "2025-02-13T10:18:06.007Z"
                  }
               ]
            ],
            "@ondc/org/buyer_app_finder_fee_type": "percent",
            "@ondc/org/buyer_app_finder_fee_amount": "3",
            "type": "ON-ORDER",
            "params": {
               "amount": "275.00",
               "transaction_id": "6739937851253860",
               "currency": "INR"
            }
         },
         "tags": [
            {
               "code": "bpp_terms",
               "list": [
                  {
                     "code": "np_type",
                     "value": "MSN"
                  },
                  {
                     "code": "tax_number",
                     "value": "00ABCDE1234F1Z5"
                  },
                  {
                     "code": "max_liability",
                     "value": "2"
                  },
                  {
                     "code": "max_liability_cap",
                     "value": "10000.00"
                  },
                  {
                     "code": "mandatory_arbitration",
                     "value": "false"
                  },
                  {
                     "code": "court_jurisdiction",
                     "value": "New Delhi"
                  },
                  {
                     "code": "delay_interest",
                     "value": "7.50"
                  },
                  {
                     "code": "provider_tax_number",
                     "value": "ABCDE1234F"
                  }
               ]
            }
         ],
         "created_at": "2025-02-13T10:17:58.021Z",
         "updated_at": "2025-02-13T10:18:49.048Z",
         "cancellation": {
            "cancelled_by": "https://pramaan.ondc.org/beta/preprod/mock/seller",
            "reason": {
               "id": "016"
            }
         },
         "documents": [
            {
               "label": "Invoice",
               "url": "https://ondc.sequelstring.com/seller/document/invoice.pdf"
            }
         ]
      }
   }
}


{
   "context": {
      "domain": "ONDC:RET10",
      "city": "std:080",
      "country": "IND",
      "action": "on_status",
      "core_version": "1.2.0",
      "bap_id": "preprod.eazehub.com",
      "bap_uri": "https://preprod.eazehub.com",
      "bpp_id": "pramaan.ondc.org/beta/preprod/mock/seller",
      "bpp_uri": "https://pramaan.ondc.org/beta/preprod/mock/seller",
      "transaction_id": "6739937851253860",
      "message_id": "476b38e6-a65e-4f31-9ac7-a67481b0ff39",
      "timestamp": "2025-02-13T10:19:01.678Z",
      "ttl": "PT50S"
   },
   "message": {
      "order": {
         "id": "1000441-1",
         "state": "Completed",
         "provider": {
            "id": "pramaan_provider_1",
            "locations": [
               {
                  "id": "SSL1"
               }
            ]
         },
         "items": [
            {
               "id": "id_13owvn_0_0",
               "quantity": {
                  "count": 2
               },
               "location_id": "SSL1",
               "fulfillment_id": "931c04fd-e2df-4249-b670-2164d052b886"
            },
            {
               "id": "id_13owvn_0_0",
               "quantity": {
                  "count": 1
               },
               "location_id": "SSL1",
               "fulfillment_id": "d8f6c373-427f-4e1c-916c-c9cf83b1a5d1"
            }
         ],
         "billing": {
            "name": "Golla PrakashKumar",
            "address": {
               "name": "Golla PrakashKumar",
               "building": "A Block Ground Floor",
               "locality": "Opteamix Technology Solutions LLP 42 27th Cross Road Banashankari Stage II Banashankari",
               "city": "Bengaluru",
               "state": "Karnataka",
               "country": "India",
               "area_code": "560070"
            },
            "tax_number": "",
            "email": "pgolla@opteamix.com",
            "phone": "9164215281",
            "created_at": "2025-02-13T10:17:36.771Z",
            "updated_at": "2025-02-13T10:17:36.771Z"
         },
         "fulfillments": [
            {
               "id": "931c04fd-e2df-4249-b670-2164d052b886",
               "@ondc/org/provider_name": "Pramaan Store 1",
               "@ondc/org/category": "Standard Delivery",
               "@ondc/org/TAT": "PT24H",
               "state": {
                  "descriptor": {
                     "code": "Order-delivered"
                  }
               },
               "type": "Delivery",
               "tracking": true,
               "start": {
                  "location": {
                     "id": "SSL1",
                     "gps": "28.527300, 77.182100",
                     "descriptor": {
                        "name": "Pramaan Store 1",
                        "images": [
                           "https://ondc.org/assets/theme/images/ondc_registered_logo.svg?v=399788fda7"
                        ]
                     },
                     "address": {
                        "locality": "N. Caldwell",
                        "city": "N. Caldwell",
                        "area_code": "110030",
                        "state": "New Delhi"
                     }
                  },
                  "time": {
                     "range": {
                        "start": "2025-02-13T10:17:58.358Z",
                        "end": "2025-02-13T23:00:00.000Z"
                     },
                     "timestamp": "2025-02-13T10:18:37.213Z"
                  },
                  "contact": {
                     "phone": "9876543210",
                     "email": "ss_seller_1@ss.com"
                  }
               },
               "end": {
                  "contact": {
                     "phone": "9164215281",
                     "email": "pgolla@opteamix.com"
                  },
                  "location": {
                     "gps": "17.387140,78.491684",
                     "address": {
                        "city": "Bengaluru",
                        "name": "Opteamix Technology Solutions LLP 42 27th Cross Road Banashankari Stage II Banashankari",
                        "state": "Karnataka",
                        "country": "India",
                        "building": "A Block Ground Floor",
                        "locality": "Opteamix Technology Solutions LLP 42 27th Cross Road Banashankari Stage II Banashankari",
                        "area_code": "560070"
                     }
                  },
                  "person": {
                     "name": "Golla"
                  },
                  "time": {
                     "range": {
                        "start": "2025-02-14T09:30:00.000Z",
                        "end": "2025-02-14T19:00:00.000Z"
                     },
                     "timestamp": "2025-02-13T10:19:01.678Z"
                  }
               },
               "tags": [
                  {
                     "code": "routing",
                     "list": [
                        {
                           "code": "type",
                           "value": "P2P"
                        }
                     ]
                  },
                  {
                     "code": "tracking",
                     "list": [
                        {
                           "code": "gps_enabled",
                           "value": "yes"
                        },
                        {
                           "code": "url_enabled",
                           "value": "yes"
                        },
                        {
                           "code": "url",
                           "value": "https://ondc.sequelstring.com/track/931c04fd-e2df-4249-b670-2164d052b886"
                        }
                     ]
                  }
               ]
            },
            {
               "id": "d8f6c373-427f-4e1c-916c-c9cf83b1a5d1",
               "type": "Cancel",
               "state": {
                  "descriptor": {
                     "code": "Cancelled"
                  }
               },
               "tags": [
                  {
                     "code": "cancel_request",
                     "list": [
                        {
                           "code": "reason_id",
                           "value": "016"
                        },
                        {
                           "code": "initiated_by",
                           "value": "https://pramaan.ondc.org/beta/preprod/mock/seller"
                        }
                     ]
                  },
                  {
                     "code": "quote_trail",
                     "list": [
                        {
                           "code": "type",
                           "value": "item"
                        },
                        {
                           "code": "id",
                           "value": "id_13owvn_0_0"
                        },
                        {
                           "code": "currency",
                           "value": "INR"
                        },
                        {
                           "code": "value",
                           "value": "-195.00"
                        }
                     ]
                  }
               ]
            }
         ],
         "quote": {
            "price": {
               "currency": "INR",
               "value": "275.00"
            },
            "breakup": [
               {
                  "@ondc/org/item_id": "id_13owvn_0_0",
                  "title": "Plain Atta",
                  "@ondc/org/item_quantity": {
                     "count": 3
                  },
                  "@ondc/org/title_type": "item",
                  "price": {
                     "currency": "INR",
                     "value": "195.00"
                  },
                  "item": {
                     "quantity": {
                        "available": {
                           "count": "99"
                        },
                        "maximum": {
                           "count": "99"
                        }
                     },
                     "price": {
                        "currency": "INR",
                        "value": "65.00"
                     }
                  }
               },
               {
                  "@ondc/org/item_id": "931c04fd-e2df-4249-b670-2164d052b886",
                  "title": "Delivery charges",
                  "@ondc/org/title_type": "delivery",
                  "price": {
                     "currency": "INR",
                     "value": "40"
                  }
               },
               {
                  "@ondc/org/item_id": "931c04fd-e2df-4249-b670-2164d052b886",
                  "title": "Convenience Fee",
                  "@ondc/org/title_type": "misc",
                  "price": {
                     "currency": "INR",
                     "value": "40"
                  }
               }
            ],
            "ttl": "PT6H"
         },
         "payment": {
            "status": "PAID",
            "collected_by": "BAP",
            "@ondc/org/settlement_details": [
               {
                  "bank_name": "AXIS BANK LTD ",
                  "branch_name": "NAVI MUMBAI",
                  "upi_address": "",
                  "settlement_type": "neft",
                  "beneficiary_name": "SEQUELSTRING AI",
                  "settlement_phase": "sale-amount",
                  "settlement_status": "NOT-PAID",
                  "settlement_ifsc_code": "AXIS123456",
                  "settlement_counterparty": "seller-app",
                  "settlement_bank_account_no": "9876543210012"
               },
               [
                  {
                     "settlement_counterparty": "buyer",
                     "settlement_phase": "refund",
                     "settlement_type": "upi",
                     "settlement_amount": "100",
                     "settlement_timestamp": "2025-02-13T10:18:06.007Z"
                  }
               ]
            ],
            "@ondc/org/buyer_app_finder_fee_type": "percent",
            "@ondc/org/buyer_app_finder_fee_amount": "3",
            "type": "ON-ORDER",
            "params": {
               "amount": "275.00",
               "transaction_id": "6739937851253860",
               "currency": "INR"
            }
         },
         "tags": [
            {
               "code": "bpp_terms",
               "list": [
                  {
                     "code": "np_type",
                     "value": "MSN"
                  },
                  {
                     "code": "tax_number",
                     "value": "00ABCDE1234F1Z5"
                  },
                  {
                     "code": "max_liability",
                     "value": "2"
                  },
                  {
                     "code": "max_liability_cap",
                     "value": "10000.00"
                  },
                  {
                     "code": "mandatory_arbitration",
                     "value": "false"
                  },
                  {
                     "code": "court_jurisdiction",
                     "value": "New Delhi"
                  },
                  {
                     "code": "delay_interest",
                     "value": "7.50"
                  },
                  {
                     "code": "provider_tax_number",
                     "value": "ABCDE1234F"
                  }
               ]
            }
         ],
         "created_at": "2025-02-13T10:17:58.021Z",
         "updated_at": "2025-02-13T10:19:01.678Z",
         "cancellation": {
            "cancelled_by": "https://pramaan.ondc.org/beta/preprod/mock/seller",
            "reason": {
               "id": "016"
            }
         },
         "documents": [
            {
               "label": "Invoice",
               "url": "https://ondc.sequelstring.com/seller/document/invoice.pdf"
            }
         ]
      }
   }
}


