{
   "context": {
      "domain": "ONDC:RET10",
      "city": "std:080",
      "country": "IND",
      "action": "select",
      "core_version": "1.2.0",
      "bap_id": "preprod.eazehub.com",
      "bap_uri": "https://preprod.eazehub.com",
      "bpp_id": "pramaan.ondc.org/beta/preprod/mock/seller",
      "bpp_uri": "https://pramaan.ondc.org/beta/preprod/mock/seller",
      "transaction_id": "6739937851253860",
      "message_id": "MSG5fbb75e9-03b0-4ee9-8c73-20459d8f544e",
      "timestamp": "2025-02-13T10:16:44.524Z",
      "ttl": "PT30S"
   },
   "message": {
      "order": {
         "provider": {
            "id": "pramaan_provider_1",
            "locations": [
               {
                  "id": "SSL1"
               }
            ]
         },
         "items": [
            {
               "id": "id_13owvn_0_0",
               "location_id": "SSL1",
               "quantity": {
                  "count": 1
               }
            }
         ],
         "fulfillments": [
            {
               "end": {
                  "location": {
                     "gps": "17.387140,78.491684",
                     "address": {
                        "area_code": "110030"
                     }
                  }
               }
            }
         ]
      }
   }
}


{
   "context": {
      "domain": "ONDC:RET10",
      "city": "std:080",
      "country": "IND",
      "action": "select",
      "core_version": "1.2.0",
      "bap_id": "preprod.eazehub.com",
      "bap_uri": "https://preprod.eazehub.com",
      "bpp_id": "pramaan.ondc.org/beta/preprod/mock/seller",
      "bpp_uri": "https://pramaan.ondc.org/beta/preprod/mock/seller",
      "transaction_id": "6739937851253860",
      "message_id": "MSG875aa267-05ec-471a-87c5-6a8d146af4eb",
      "timestamp": "2025-02-13T10:16:46.086Z",
      "ttl": "PT30S"
   },
   "message": {
      "order": {
         "provider": {
            "id": "pramaan_provider_1",
            "locations": [
               {
                  "id": "SSL1"
               }
            ]
         },
         "items": [
            {
               "id": "id_13owvn_0_0",
               "location_id": "SSL1",
               "quantity": {
                  "count": 2
               }
            }
         ],
         "fulfillments": [
            {
               "end": {
                  "location": {
                     "gps": "17.387140,78.491684",
                     "address": {
                        "area_code": "110030"
                     }
                  }
               }
            }
         ]
      }
   }
}


{
   "context": {
      "domain": "ONDC:RET10",
      "city": "std:080",
      "country": "IND",
      "action": "select",
      "core_version": "1.2.0",
      "bap_id": "preprod.eazehub.com",
      "bap_uri": "https://preprod.eazehub.com",
      "bpp_id": "pramaan.ondc.org/beta/preprod/mock/seller",
      "bpp_uri": "https://pramaan.ondc.org/beta/preprod/mock/seller",
      "transaction_id": "6739937851253860",
      "message_id": "MSGb356ca57-14fb-4a6d-ac74-a5ae3dba5f69",
      "timestamp": "2025-02-13T10:16:48.903Z",
      "ttl": "PT30S"
   },
   "message": {
      "order": {
         "provider": {
            "id": "pramaan_provider_1",
            "locations": [
               {
                  "id": "SSL1"
               }
            ]
         },
         "items": [
            {
               "id": "id_13owvn_0_0",
               "location_id": "SSL1",
               "quantity": {
                  "count": 3
               }
            }
         ],
         "fulfillments": [
            {
               "end": {
                  "location": {
                     "gps": "17.387140,78.491684",
                     "address": {
                        "area_code": "110030"
                     }
                  }
               }
            }
         ]
      }
   }
}


