{
   "context": {
      "domain": "ONDC:RET10",
      "city": "std:080",
      "country": "IND",
      "action": "status",
      "core_version": "1.2.0",
      "bap_id": "preprod.eazehub.com",
      "bap_uri": "https://preprod.eazehub.com",
      "bpp_id": "pramaan.ondc.org/beta/preprod/mock/seller",
      "bpp_uri": "https://pramaan.ondc.org/beta/preprod/mock/seller",
      "transaction_id": "6739937851253860",
      "message_id": "MSG4c73b911-69b7-4b4c-9116-674e716bc801",
      "timestamp": "2025-02-13T10:17:58.422Z",
      "ttl": "PT30S"
   },
   "message": {
      "order_id": "1000441-1"
   }
}


