{
   "context": {
      "domain": "ONDC:RET10",
      "city": "std:080",
      "country": "IND",
      "action": "update",
      "core_version": "1.2.0",
      "bap_id": "preprod.eazehub.com",
      "bap_uri": "https://preprod.eazehub.com",
      "bpp_id": "pramaan.ondc.org/beta/preprod/mock/seller",
      "bpp_uri": "https://pramaan.ondc.org/beta/preprod/mock/seller",
      "transaction_id": "6739937851253860",
      "message_id": "MSG3f970d81-7a29-4330-89b0-662548747513",
      "timestamp": "2025-02-13T10:18:06.007Z",
      "ttl": "PT30S"
   },
   "message": {
      "update_target": "payment",
      "order": {
         "id": "1000441-1",
         "fulfillments": [
            {
               "id": "d8f6c373-427f-4e1c-916c-c9cf83b1a5d1",
               "type": "Cancel"
            }
         ],
         "payment": {
            "@ondc/org/settlement_details": [
               {
                  "settlement_counterparty": "buyer",
                  "settlement_phase": "refund",
                  "settlement_type": "upi",
                  "settlement_amount": "100",
                  "settlement_timestamp": "2025-02-13T10:18:06.007Z"
               }
            ]
         }
      }
   }
}


