{
   "context": {
      "domain": "ONDC:RET10",
      "city": "std:080",
      "country": "IND",
      "action": "init",
      "core_version": "1.2.0",
      "bap_id": "preprod.eazehub.com",
      "bap_uri": "https://preprod.eazehub.com",
      "bpp_id": "pramaan.ondc.org/beta/preprod/mock/seller",
      "bpp_uri": "https://pramaan.ondc.org/beta/preprod/mock/seller",
      "transaction_id": "ae11a4cb-1908-4e5a-ad8d-5fd8b77e7c06",
      "message_id": "MSG006be825-0c2e-43a5-8706-5fc1e6d5fc8b",
      "timestamp": "2025-02-13T16:54:40.444Z",
      "ttl": "PT30S"
   },
   "message": {
      "order": {
         "provider": {
            "id": "pramaan_provider_2",
            "locations": [
               {
                  "id": "SSL2"
               }
            ]
         },
         "items": [
            {
               "id": "id_13owvn_0_1",
               "fulfillment_id": "efb5daef-9fac-4edb-bc15-d0c6928899db",
               "quantity": {
                  "count": 1
               }
            }
         ],
         "billing": {
            "name": "madhura 6",
            "address": {
               "name": "madhura 6",
               "building": "no. 7",
               "locality": "Fusilli Reasons Old Sadasivam Street Pudupet Gopalapuram",
               "city": "Chennai",
               "state": "Tamil Nadu",
               "country": "India",
               "area_code": "600086"
            },
            "tax_number": "",
            "email": "sarvamangala711@gmail.com",
            "phone": "9164215281",
            "created_at": "2025-02-13T16:54:40.443Z",
            "updated_at": "2025-02-13T16:54:40.443Z"
         },
         "fulfillments": [
            {
               "id": "efb5daef-9fac-4edb-bc15-d0c6928899db",
               "type": "Delivery",
               "end": {
                  "location": {
                     "gps": "17.387140,78.491684",
                     "address": {
                        "name": "Fusilli Reasons Old Sadasivam Street Pudupet Gopalapuram",
                        "building": "no. 7",
                        "locality": "Fusilli Reasons Old Sadasivam Street Pudupet Gopalapuram",
                        "city": "Chennai",
                        "state": "Tamil Nadu",
                        "country": "India",
                        "area_code": "600086"
                     }
                  },
                  "contact": {
                     "phone": "9164215281"
                  }
               }
            }
         ]
      }
   }
}


{
   "context": {
      "domain": "ONDC:RET10",
      "city": "std:080",
      "country": "IND",
      "action": "init",
      "core_version": "1.2.0",
      "bap_id": "preprod.eazehub.com",
      "bap_uri": "https://preprod.eazehub.com",
      "bpp_id": "pramaan.ondc.org/beta/preprod/mock/seller",
      "bpp_uri": "https://pramaan.ondc.org/beta/preprod/mock/seller",
      "transaction_id": "ae11a4cb-1908-4e5a-ad8d-5fd8b77e7c06",
      "message_id": "MSG1abdeefe-a319-485a-b355-ce5cb209b301",
      "timestamp": "2025-02-13T16:54:48.483Z",
      "ttl": "PT30S"
   },
   "message": {
      "order": {
         "provider": {
            "id": "pramaan_provider_2",
            "locations": [
               {
                  "id": "SSL2"
               }
            ]
         },
         "items": [
            {
               "id": "id_13owvn_0_1",
               "fulfillment_id": "efb5daef-9fac-4edb-bc15-d0c6928899db",
               "quantity": {
                  "count": 1
               }
            }
         ],
         "billing": {
            "name": "madhura 7",
            "address": {
               "name": "madhura 7",
               "building": "no. 7",
               "locality": "Fusilli Reasons Old Sadasivam Street Pudupet Gopalapuram",
               "city": "Chennai",
               "state": "Tamil Nadu",
               "country": "India",
               "area_code": "600086"
            },
            "tax_number": "",
            "email": "sarvamangala711@gmail.com",
            "phone": "9164215281",
            "created_at": "2025-02-13T16:54:48.483Z",
            "updated_at": "2025-02-13T16:54:48.483Z"
         },
         "fulfillments": [
            {
               "id": "efb5daef-9fac-4edb-bc15-d0c6928899db",
               "type": "Delivery",
               "end": {
                  "location": {
                     "gps": "17.387140,78.491684",
                     "address": {
                        "name": "Fusilli Reasons Old Sadasivam Street Pudupet Gopalapuram",
                        "building": "no. 7",
                        "locality": "Fusilli Reasons Old Sadasivam Street Pudupet Gopalapuram",
                        "city": "Chennai",
                        "state": "Tamil Nadu",
                        "country": "India",
                        "area_code": "600086"
                     }
                  },
                  "contact": {
                     "phone": "9164215281"
                  }
               }
            }
         ]
      }
   }
}


