{
   "context": {
      "ttl": "PT30S",
      "city": "std:080",
      "action": "issue",
      "bap_id": "preprod.eazehub.com",
      "bpp_id": "pramaan.ondc.org/beta/preprod/mock/seller",
      "domain": "ONDC:RET10",
      "bap_uri": "https://preprod.eazehub.com",
      "bpp_uri": "https://pramaan.ondc.org/beta/preprod/mock/seller",
      "country": "IND",
      "timestamp": "2025-02-13T16:56:24.160Z",
      "message_id": "15bbc36a-5e6b-4cd7-a407-537240bf9384",
      "core_version": "1.2.0",
      "transaction_id": "ae11a4cb-1908-4e5a-ad8d-5fd8b77e7c06"
   },
   "message": {
      "issue": {
         "id": "31",
         "created_at": "2025-02-13T16:56:24.181Z",
         "updated_at": "2025-02-13T16:56:24.181Z",
         "category": "ITEM",
         "sub_category": "ITM04",
         "issue_type": "ISSUE",
         "status": "OPEN",
         "complainant_info": {
            "person": {
               "name": "madhura 7"
            },
            "contact": {
               "phone": "9164215281",
               "email": "sarvamangala711@gmail.com"
            }
         },
         "order_details": {
            "id": "1000450-1",
            "state": "CREATED",
            "items": [
               {
                  "id": "id_13owvn_0_1",
                  "quantity": 1
               }
            ],
            "fulfillments": [
               {
                  "id": "efb5daef-9fac-4edb-bc15-d0c6928899db",
                  "state": "PENDING"
               }
            ],
            "provider_id": "pramaan_provider_2"
         },
         "description": {
            "short_desc": "atta spoiled",
            "long_desc": "atta spoiled",
            "additional_desc": {
               "url": ""
            },
            "images": []
         },
         "source": {
            "network_participant_id": "preprod.eazehub.com",
            "type": "CONSUMER"
         },
         "expected_response_time": {
            "duration": "PT2H"
         },
         "expected_resolution_time": {
            "duration": "P1D"
         },
         "issue_actions": {
            "complainant_actions": [
               {
                  "complainant_action": "OPEN",
                  "short_desc": "atta spoiled",
                  "updated_at": "2025-02-13T16:56:24.181Z",
                  "updated_by": {
                     "org": {
                        "name": "preprod.eazehub.com::ONDC:RET10"
                     },
                     "person": {
                        "name": "madhura 7"
                     },
                     "contact": {
                        "phone": "9164215281",
                        "email": "sarvamangala711@gmail.com"
                     }
                  }
               }
            ]
         }
      }
   }
}


{
   "context": {
      "ttl": "PT30S",
      "city": "std:080",
      "action": "issue",
      "bap_id": "preprod.eazehub.com",
      "bpp_id": "pramaan.ondc.org/beta/preprod/mock/seller",
      "domain": "ONDC:RET10",
      "bap_uri": "https://preprod.eazehub.com",
      "bpp_uri": "https://pramaan.ondc.org/beta/preprod/mock/seller",
      "country": "IND",
      "timestamp": "2025-02-13T16:57:07.519Z",
      "message_id": "882e67ef-f3da-4b1c-b52c-dc708fe48c65",
      "core_version": "1.2.0",
      "transaction_id": "ae11a4cb-1908-4e5a-ad8d-5fd8b77e7c06"
   },
   "message": {
      "issue": {
         "id": "31",
         "created_at": "2025-02-13T16:57:07.521Z",
         "updated_at": "2025-02-13T16:57:07.521Z",
         "status": "CLOSED",
         "rating": "THUMBS-UP",
         "issue_actions": {
            "complainant_actions": [
               {
                  "complainant_action": "CLOSE",
                  "short_desc": "Issue Closed",
                  "updated_at": "2025-02-13T16:57:07.521Z",
                  "updated_by": {
                     "org": {
                        "name": "preprod.eazehub.com::ONDC:RET10"
                     },
                     "person": {
                        "name": "madhura 7"
                     },
                     "contact": {
                        "phone": "9164215281",
                        "email": "sarvamangala711@gmail.com"
                     }
                  }
               }
            ]
         }
      }
   }
}


