{
   "context": {
      "ttl": "PT30S",
      "city": "std:080",
      "action": "issue_status",
      "bap_id": "preprod.eazehub.com",
      "bpp_id": "pramaan.ondc.org/beta/preprod/mock/seller",
      "domain": "ONDC:RET10",
      "bap_uri": "https://preprod.eazehub.com",
      "bpp_uri": "https://pramaan.ondc.org/beta/preprod/mock/seller",
      "country": "IND",
      "timestamp": "2025-02-13T16:56:36.889Z",
      "message_id": "29676fd4-4230-4ada-ab1b-8af305bdc8e5",
      "core_version": "1.2.0",
      "transaction_id": "ae11a4cb-1908-4e5a-ad8d-5fd8b77e7c06"
   },
   "message": {
      "issue_id": "31"
   }
}


