{
   "context": {
      "ttl": "PT30S",
      "city": "std:080",
      "action": "on_issue",
      "bap_id": "preprod.eazehub.com",
      "bpp_id": "pramaan.ondc.org/beta/preprod/mock/seller",
      "domain": "ONDC:RET10",
      "bap_uri": "https://preprod.eazehub.com",
      "bpp_uri": "https://pramaan.ondc.org/beta/preprod/mock/seller",
      "country": "IND",
      "timestamp": "2025-02-13T16:56:24.486Z",
      "message_id": "15bbc36a-5e6b-4cd7-a407-537240bf9384",
      "core_version": "1.2.0",
      "transaction_id": "ae11a4cb-1908-4e5a-ad8d-5fd8b77e7c06"
   },
   "message": {
      "issue": {
         "id": "31",
         "issue_actions": {
            "respondent_actions": [
               {
                  "respondent_action": "PROCESSING",
                  "short_desc": "Complaint is being processed",
                  "updated_at": "2025-02-13T16:56:24.445Z",
                  "updated_by": {
                     "org": {
                        "name": "pramaan.ondc.org/beta/preprod/mock/seller::ONDC:RET10"
                     },
                     "contact": {
                        "phone": "9350657100",
                        "email": "bigtuna@theoffice.com"
                     },
                     "person": {
                        "name": "Jim Halpert"
                     }
                  },
                  "cascaded_level": 1
               }
            ]
         },
         "created_at": "2025-02-13T16:56:24.181Z",
         "updated_at": "2025-02-13T16:56:24.486Z"
      }
   }
}


