{
   "context": {
      "domain": "ONDC:RET10",
      "city": "std:080",
      "country": "IND",
      "action": "select",
      "core_version": "1.2.0",
      "bap_id": "preprod.eazehub.com",
      "bap_uri": "https://preprod.eazehub.com",
      "bpp_id": "pramaan.ondc.org/beta/preprod/mock/seller",
      "bpp_uri": "https://pramaan.ondc.org/beta/preprod/mock/seller",
      "transaction_id": "ae11a4cb-1908-4e5a-ad8d-5fd8b77e7c06",
      "message_id": "MSG189f9c3d-479f-4491-a385-71c263308143",
      "timestamp": "2025-02-13T16:54:23.462Z",
      "ttl": "PT30S"
   },
   "message": {
      "order": {
         "provider": {
            "id": "pramaan_provider_2",
            "locations": [
               {
                  "id": "SSL2"
               }
            ]
         },
         "items": [
            {
               "id": "id_13owvn_0_1",
               "location_id": "SSL2",
               "quantity": {
                  "count": 1
               }
            }
         ],
         "fulfillments": [
            {
               "end": {
                  "location": {
                     "gps": "17.387140,78.491684",
                     "address": {
                        "area_code": "110030"
                     }
                  }
               }
            }
         ]
      }
   }
}


