{
   "context": {
      "domain": "ONDC:RET10",
      "city": "std:080",
      "country": "IND",
      "action": "status",
      "core_version": "1.2.0",
      "bap_id": "preprod.eazehub.com",
      "bap_uri": "https://preprod.eazehub.com",
      "bpp_id": "pramaan.ondc.org/beta/preprod/mock/seller",
      "bpp_uri": "https://pramaan.ondc.org/beta/preprod/mock/seller",
      "transaction_id": "ae11a4cb-1908-4e5a-ad8d-5fd8b77e7c06",
      "message_id": "MSG92d17777-2a1c-4d92-bc4c-630566e51ca2",
      "timestamp": "2025-02-13T16:55:06.370Z",
      "ttl": "PT30S"
   },
   "message": {
      "order_id": "1000450-1"
   }
}


