{
   "context": {
      "domain": "ONDC:RET10",
      "city": "std:080",
      "country": "IND",
      "action": "cancel",
      "core_version": "1.2.0",
      "bap_id": "preprod.eazehub.com",
      "bap_uri": "https://preprod.eazehub.com",
      "bpp_id": "pramaan.ondc.org/beta/preprod/mock/seller",
      "bpp_uri": "https://pramaan.ondc.org/beta/preprod/mock/seller",
      "transaction_id": "6742162664684839",
      "message_id": "MSG24b67b40-1b7b-4b90-8325-7b0aa18af933",
      "timestamp": "2025-02-13T10:55:52.858Z",
      "ttl": "PT30S"
   },
   "message": {
      "order_id": "1000446-1",
      "cancellation_reason_id": "010"
   }
}


