{
   "context": {
      "domain": "ONDC:RET10",
      "city": "std:080",
      "country": "IND",
      "action": "on_confirm",
      "core_version": "1.2.0",
      "bap_id": "preprod.eazehub.com",
      "bap_uri": "https://preprod.eazehub.com",
      "bpp_id": "pramaan.ondc.org/beta/preprod/mock/seller",
      "bpp_uri": "https://pramaan.ondc.org/beta/preprod/mock/seller",
      "transaction_id": "6742162664684839",
      "message_id": "MSG10a8b9c6-0369-4ba9-b64f-e37d6379c87b",
      "timestamp": "2025-02-13T10:54:26.135Z",
      "ttl": "PT30S"
   },
   "message": {
      "order": {
         "id": "1000446-1",
         "state": "Created",
         "provider": {
            "id": "pramaan_provider_1",
            "locations": [
               {
                  "id": "SSL1"
               }
            ]
         },
         "items": [
            {
               "id": "id_13owvn_0_0",
               "quantity": {
                  "count": 3
               },
               "location_id": "SSL1",
               "fulfillment_id": "191b3c49-0934-4ed4-8e35-4030ff7b245a"
            }
         ],
         "billing": {
            "name": "madhura 4",
            "address": {
               "name": "madhura 4",
               "building": "no. 7",
               "locality": "Fusilli Reasons Old Sadasivam Street Pudupet Gopalapuram",
               "city": "Chennai",
               "state": "Tamil Nadu",
               "country": "India",
               "area_code": "600086"
            },
            "tax_number": "",
            "email": "sarvamangala711@gmail.com",
            "phone": "9164215281",
            "created_at": "2025-02-13T10:54:17.966Z",
            "updated_at": "2025-02-13T10:54:17.966Z"
         },
         "fulfillments": [
            {
               "id": "191b3c49-0934-4ed4-8e35-4030ff7b245a",
               "@ondc/org/provider_name": "Pramaan Store 1",
               "@ondc/org/category": "Standard Delivery",
               "@ondc/org/TAT": "PT24H",
               "state": {
                  "descriptor": {
                     "code": "Pending"
                  }
               },
               "type": "Delivery",
               "tracking": true,
               "start": {
                  "location": {
                     "id": "SSL1",
                     "gps": "28.527300, 77.182100",
                     "descriptor": {
                        "name": "Pramaan Store 1",
                        "images": [
                           "https://ondc.org/assets/theme/images/ondc_registered_logo.svg?v=399788fda7"
                        ]
                     },
                     "address": {
                        "locality": "N. Caldwell",
                        "city": "N. Caldwell",
                        "area_code": "110030",
                        "state": "New Delhi"
                     }
                  },
                  "time": {
                     "range": {
                        "start": "2025-02-13T10:54:26.134Z",
                        "end": "2025-02-13T23:00:00.000Z"
                     }
                  },
                  "contact": {
                     "phone": "9876543210",
                     "email": "ss_seller_1@ss.com"
                  }
               },
               "end": {
                  "contact": {
                     "phone": "9164215281",
                     "email": "sarvamangala711@gmail.com"
                  },
                  "location": {
                     "gps": "17.387140,78.491684",
                     "address": {
                        "city": "Chennai",
                        "name": "Fusilli Reasons Old Sadasivam Street Pudupet Gopalapuram",
                        "state": "Tamil Nadu",
                        "country": "India",
                        "building": "no. 7",
                        "locality": "Fusilli Reasons Old Sadasivam Street Pudupet Gopalapuram",
                        "area_code": "600086"
                     }
                  },
                  "person": {
                     "name": "madhura"
                  },
                  "time": {
                     "range": {
                        "start": "2025-02-14T09:30:00.000Z",
                        "end": "2025-02-14T19:00:00.000Z"
                     }
                  }
               }
            }
         ],
         "cancellation_terms": [
            {
               "fulfillment_state": {
                  "descriptor": {
                     "code": "Pending",
                     "short_desc": ""
                  }
               },
               "refund_eligible": true,
               "reason_required": false,
               "cancellation_fee": {
                  "percentage": "0.00",
                  "amount": {
                     "currency": "INR",
                     "value": "0.00"
                  }
               },
               "amount": {
                  "currency": "INR",
                  "value": "0.00"
               }
            },
            {
               "fulfillment_state": {
                  "descriptor": {
                     "code": "Packed",
                     "short_desc": "001,003"
                  }
               },
               "refund_eligible": true,
               "reason_required": true,
               "cancellation_fee": {
                  "percentage": "0.00",
                  "amount": {
                     "currency": "INR",
                     "value": "0.00"
                  }
               },
               "amount": {
                  "currency": "INR",
                  "value": "0.00"
               }
            },
            {
               "fulfillment_state": {
                  "descriptor": {
                     "code": "Order-picked-up",
                     "short_desc": "001,003"
                  }
               },
               "refund_eligible": false,
               "reason_required": true,
               "cancellation_fee": {
                  "percentage": "10.00",
                  "amount": {
                     "currency": "INR",
                     "value": "0.00"
                  }
               },
               "amount": {
                  "currency": "INR",
                  "value": "27.50"
               }
            },
            {
               "fulfillment_state": {
                  "descriptor": {
                     "code": "Out-for-delivery",
                     "short_desc": "009"
                  }
               },
               "refund_eligible": false,
               "reason_required": true,
               "cancellation_fee": {
                  "percentage": "30.00",
                  "amount": {
                     "currency": "INR",
                     "value": "0.00"
                  }
               },
               "amount": {
                  "currency": "INR",
                  "value": "82.50"
               }
            },
            {
               "fulfillment_state": {
                  "descriptor": {
                     "code": "Out-for-delivery",
                     "short_desc": "010,011,012,013,014,015"
                  }
               },
               "refund_eligible": false,
               "reason_required": true,
               "cancellation_fee": {
                  "percentage": "35.00",
                  "amount": {
                     "currency": "INR",
                     "value": "0.00"
                  }
               },
               "amount": {
                  "currency": "INR",
                  "value": "96.25"
               }
            }
         ],
         "quote": {
            "price": {
               "currency": "INR",
               "value": "275.00"
            },
            "breakup": [
               {
                  "@ondc/org/item_id": "id_13owvn_0_0",
                  "title": "Plain Atta",
                  "@ondc/org/item_quantity": {
                     "count": 3
                  },
                  "@ondc/org/title_type": "item",
                  "price": {
                     "currency": "INR",
                     "value": "195.00"
                  },
                  "item": {
                     "quantity": {
                        "available": {
                           "count": "99"
                        },
                        "maximum": {
                           "count": "99"
                        }
                     },
                     "price": {
                        "currency": "INR",
                        "value": "65.00"
                     }
                  }
               },
               {
                  "@ondc/org/item_id": "191b3c49-0934-4ed4-8e35-4030ff7b245a",
                  "title": "Delivery charges",
                  "@ondc/org/title_type": "delivery",
                  "price": {
                     "currency": "INR",
                     "value": "40"
                  }
               },
               {
                  "@ondc/org/item_id": "191b3c49-0934-4ed4-8e35-4030ff7b245a",
                  "title": "Convenience Fee",
                  "@ondc/org/title_type": "misc",
                  "price": {
                     "currency": "INR",
                     "value": "40"
                  }
               }
            ],
            "ttl": "PT6H"
         },
         "payment": {
            "status": "PAID",
            "collected_by": "BAP",
            "@ondc/org/settlement_details": [
               {
                  "bank_name": "AXIS BANK LTD ",
                  "branch_name": "NAVI MUMBAI",
                  "upi_address": "",
                  "settlement_type": "neft",
                  "beneficiary_name": "SEQUELSTRING AI",
                  "settlement_phase": "sale-amount",
                  "settlement_status": "NOT-PAID",
                  "settlement_ifsc_code": "AXIS123456",
                  "settlement_counterparty": "seller-app",
                  "settlement_bank_account_no": "9876543210012"
               }
            ],
            "@ondc/org/buyer_app_finder_fee_type": "percent",
            "@ondc/org/buyer_app_finder_fee_amount": "3",
            "type": "ON-ORDER",
            "params": {
               "amount": "275.00",
               "transaction_id": "6742162664684839",
               "currency": "INR"
            }
         },
         "tags": [
            {
               "code": "bpp_terms",
               "list": [
                  {
                     "code": "np_type",
                     "value": "MSN"
                  },
                  {
                     "code": "tax_number",
                     "value": "00ABCDE1234F1Z5"
                  },
                  {
                     "code": "max_liability",
                     "value": "2"
                  },
                  {
                     "code": "max_liability_cap",
                     "value": "10000.00"
                  },
                  {
                     "code": "mandatory_arbitration",
                     "value": "false"
                  },
                  {
                     "code": "court_jurisdiction",
                     "value": "New Delhi"
                  },
                  {
                     "code": "delay_interest",
                     "value": "7.50"
                  },
                  {
                     "code": "provider_tax_number",
                     "value": "ABCDE1234F"
                  }
               ]
            }
         ],
         "created_at": "2025-02-13T10:54:25.794Z",
         "updated_at": "2025-02-13T10:54:26.135Z"
      }
   }
}


