{
   "context": {
      "domain": "ONDC:RET10",
      "city": "std:080",
      "country": "IND",
      "action": "on_init",
      "core_version": "1.2.0",
      "bap_id": "preprod.eazehub.com",
      "bap_uri": "https://preprod.eazehub.com",
      "bpp_id": "pramaan.ondc.org/beta/preprod/mock/seller",
      "bpp_uri": "https://pramaan.ondc.org/beta/preprod/mock/seller",
      "transaction_id": "6742162664684839",
      "message_id": "MSGeda0cd3f-cf89-4c60-88e2-4bafe0c80570",
      "timestamp": "2025-02-13T10:54:13.341Z",
      "ttl": "PT30S"
   },
   "message": {
      "order": {
         "provider": {
            "id": "pramaan_provider_1",
            "locations": [
               {
                  "id": "SSL1"
               }
            ]
         },
         "items": [
            {
               "id": "id_13owvn_0_0",
               "quantity": {
                  "count": 3
               },
               "location_id": "SSL1",
               "fulfillment_id": "191b3c49-0934-4ed4-8e35-4030ff7b245a"
            }
         ],
         "quote": {
            "price": {
               "currency": "INR",
               "value": "275.00"
            },
            "breakup": [
               {
                  "@ondc/org/item_id": "id_13owvn_0_0",
                  "title": "Plain Atta",
                  "@ondc/org/item_quantity": {
                     "count": 3
                  },
                  "@ondc/org/title_type": "item",
                  "price": {
                     "currency": "INR",
                     "value": "195.00"
                  },
                  "item": {
                     "quantity": {
                        "available": {
                           "count": "99"
                        },
                        "maximum": {
                           "count": "99"
                        }
                     },
                     "price": {
                        "currency": "INR",
                        "value": "65.00"
                     }
                  }
               },
               {
                  "@ondc/org/item_id": "191b3c49-0934-4ed4-8e35-4030ff7b245a",
                  "title": "Delivery charges",
                  "@ondc/org/title_type": "delivery",
                  "price": {
                     "currency": "INR",
                     "value": "40"
                  }
               },
               {
                  "@ondc/org/item_id": "191b3c49-0934-4ed4-8e35-4030ff7b245a",
                  "title": "Convenience Fee",
                  "@ondc/org/title_type": "misc",
                  "price": {
                     "currency": "INR",
                     "value": "40"
                  }
               }
            ],
            "ttl": "PT6H"
         },
         "cancellation_terms": [
            {
               "fulfillment_state": {
                  "descriptor": {
                     "code": "Pending",
                     "short_desc": ""
                  }
               },
               "refund_eligible": true,
               "reason_required": false,
               "cancellation_fee": {
                  "percentage": "0.00",
                  "amount": {
                     "currency": "INR",
                     "value": "0.00"
                  }
               },
               "amount": {
                  "currency": "INR",
                  "value": "0.00"
               }
            },
            {
               "fulfillment_state": {
                  "descriptor": {
                     "code": "Packed",
                     "short_desc": "001,003"
                  }
               },
               "refund_eligible": true,
               "reason_required": true,
               "cancellation_fee": {
                  "percentage": "0.00",
                  "amount": {
                     "currency": "INR",
                     "value": "0.00"
                  }
               },
               "amount": {
                  "currency": "INR",
                  "value": "0.00"
               }
            },
            {
               "fulfillment_state": {
                  "descriptor": {
                     "code": "Order-picked-up",
                     "short_desc": "001,003"
                  }
               },
               "refund_eligible": false,
               "reason_required": true,
               "cancellation_fee": {
                  "percentage": "10.00",
                  "amount": {
                     "currency": "INR",
                     "value": "0.00"
                  }
               },
               "amount": {
                  "currency": "INR",
                  "value": "27.50"
               }
            },
            {
               "fulfillment_state": {
                  "descriptor": {
                     "code": "Out-for-delivery",
                     "short_desc": "009"
                  }
               },
               "refund_eligible": false,
               "reason_required": true,
               "cancellation_fee": {
                  "percentage": "30.00",
                  "amount": {
                     "currency": "INR",
                     "value": "0.00"
                  }
               },
               "amount": {
                  "currency": "INR",
                  "value": "82.50"
               }
            },
            {
               "fulfillment_state": {
                  "descriptor": {
                     "code": "Out-for-delivery",
                     "short_desc": "010,011,012,013,014,015"
                  }
               },
               "refund_eligible": false,
               "reason_required": true,
               "cancellation_fee": {
                  "percentage": "35.00",
                  "amount": {
                     "currency": "INR",
                     "value": "0.00"
                  }
               },
               "amount": {
                  "currency": "INR",
                  "value": "96.25"
               }
            }
         ],
         "billing": {
            "name": "madhura 3",
            "address": {
               "name": "madhura 3",
               "building": "no. 7",
               "locality": "Fusilli Reasons Old Sadasivam Street Pudupet Gopalapuram",
               "city": "Chennai",
               "state": "Tamil Nadu",
               "country": "India",
               "area_code": "600086"
            },
            "tax_number": "",
            "email": "sarvamangala711@gmail.com",
            "phone": "9164215281",
            "created_at": "2025-02-13T10:54:13.008Z",
            "updated_at": "2025-02-13T10:54:13.008Z"
         },
         "fulfillments": [
            {
               "id": "191b3c49-0934-4ed4-8e35-4030ff7b245a",
               "type": "Delivery",
               "end": {
                  "location": {
                     "gps": "17.387140,78.491684",
                     "address": {
                        "name": "Fusilli Reasons Old Sadasivam Street Pudupet Gopalapuram",
                        "building": "no. 7",
                        "locality": "Fusilli Reasons Old Sadasivam Street Pudupet Gopalapuram",
                        "city": "Chennai",
                        "state": "Tamil Nadu",
                        "country": "India",
                        "area_code": "600086"
                     }
                  },
                  "contact": {
                     "phone": "9164215281"
                  }
               },
               "tracking": true
            }
         ],
         "payment": {
            "status": "NOT-PAID",
            "@ondc/org/buyer_app_finder_fee_type": "percent",
            "@ondc/org/buyer_app_finder_fee_amount": "3",
            "@ondc/org/settlement_details": [
               {
                  "settlement_counterparty": "seller-app",
                  "upi_address": "",
                  "beneficiary_name": "SEQUELSTRING AI",
                  "settlement_type": "neft",
                  "settlement_bank_account_no": "9876543210012",
                  "settlement_ifsc_code": "AXIS123456",
                  "settlement_phase": "sale-amount",
                  "settlement_status": "NOT-PAID",
                  "bank_name": "AXIS BANK LTD ",
                  "branch_name": "NAVI MUMBAI"
               }
            ],
            "collected_by": "BAP"
         },
         "tags": [
            {
               "code": "bpp_terms",
               "list": [
                  {
                     "code": "np_type",
                     "value": "MSN"
                  },
                  {
                     "code": "tax_number",
                     "value": "00ABCDE1234F1Z5"
                  },
                  {
                     "code": "max_liability",
                     "value": "2"
                  },
                  {
                     "code": "max_liability_cap",
                     "value": "10000.00"
                  },
                  {
                     "code": "mandatory_arbitration",
                     "value": "false"
                  },
                  {
                     "code": "court_jurisdiction",
                     "value": "New Delhi"
                  },
                  {
                     "code": "delay_interest",
                     "value": "7.50"
                  },
                  {
                     "code": "provider_tax_number",
                     "value": "ABCDE1234F"
                  }
               ]
            }
         ]
      }
   }
}


{
   "context": {
      "domain": "ONDC:RET10",
      "city": "std:080",
      "country": "IND",
      "action": "on_init",
      "core_version": "1.2.0",
      "bap_id": "preprod.eazehub.com",
      "bap_uri": "https://preprod.eazehub.com",
      "bpp_id": "pramaan.ondc.org/beta/preprod/mock/seller",
      "bpp_uri": "https://pramaan.ondc.org/beta/preprod/mock/seller",
      "transaction_id": "6742162664684839",
      "message_id": "MSGaa63a4ea-14f7-474d-939e-a8d8818609a0",
      "timestamp": "2025-02-13T10:54:18.271Z",
      "ttl": "PT30S"
   },
   "message": {
      "order": {
         "provider": {
            "id": "pramaan_provider_1",
            "locations": [
               {
                  "id": "SSL1"
               }
            ]
         },
         "items": [
            {
               "id": "id_13owvn_0_0",
               "quantity": {
                  "count": 3
               },
               "location_id": "SSL1",
               "fulfillment_id": "191b3c49-0934-4ed4-8e35-4030ff7b245a"
            }
         ],
         "quote": {
            "price": {
               "currency": "INR",
               "value": "275.00"
            },
            "breakup": [
               {
                  "@ondc/org/item_id": "id_13owvn_0_0",
                  "title": "Plain Atta",
                  "@ondc/org/item_quantity": {
                     "count": 3
                  },
                  "@ondc/org/title_type": "item",
                  "price": {
                     "currency": "INR",
                     "value": "195.00"
                  },
                  "item": {
                     "quantity": {
                        "available": {
                           "count": "99"
                        },
                        "maximum": {
                           "count": "99"
                        }
                     },
                     "price": {
                        "currency": "INR",
                        "value": "65.00"
                     }
                  }
               },
               {
                  "@ondc/org/item_id": "191b3c49-0934-4ed4-8e35-4030ff7b245a",
                  "title": "Delivery charges",
                  "@ondc/org/title_type": "delivery",
                  "price": {
                     "currency": "INR",
                     "value": "40"
                  }
               },
               {
                  "@ondc/org/item_id": "191b3c49-0934-4ed4-8e35-4030ff7b245a",
                  "title": "Convenience Fee",
                  "@ondc/org/title_type": "misc",
                  "price": {
                     "currency": "INR",
                     "value": "40"
                  }
               }
            ],
            "ttl": "PT6H"
         },
         "cancellation_terms": [
            {
               "fulfillment_state": {
                  "descriptor": {
                     "code": "Pending",
                     "short_desc": ""
                  }
               },
               "refund_eligible": true,
               "reason_required": false,
               "cancellation_fee": {
                  "percentage": "0.00",
                  "amount": {
                     "currency": "INR",
                     "value": "0.00"
                  }
               },
               "amount": {
                  "currency": "INR",
                  "value": "0.00"
               }
            },
            {
               "fulfillment_state": {
                  "descriptor": {
                     "code": "Packed",
                     "short_desc": "001,003"
                  }
               },
               "refund_eligible": true,
               "reason_required": true,
               "cancellation_fee": {
                  "percentage": "0.00",
                  "amount": {
                     "currency": "INR",
                     "value": "0.00"
                  }
               },
               "amount": {
                  "currency": "INR",
                  "value": "0.00"
               }
            },
            {
               "fulfillment_state": {
                  "descriptor": {
                     "code": "Order-picked-up",
                     "short_desc": "001,003"
                  }
               },
               "refund_eligible": false,
               "reason_required": true,
               "cancellation_fee": {
                  "percentage": "10.00",
                  "amount": {
                     "currency": "INR",
                     "value": "0.00"
                  }
               },
               "amount": {
                  "currency": "INR",
                  "value": "27.50"
               }
            },
            {
               "fulfillment_state": {
                  "descriptor": {
                     "code": "Out-for-delivery",
                     "short_desc": "009"
                  }
               },
               "refund_eligible": false,
               "reason_required": true,
               "cancellation_fee": {
                  "percentage": "30.00",
                  "amount": {
                     "currency": "INR",
                     "value": "0.00"
                  }
               },
               "amount": {
                  "currency": "INR",
                  "value": "82.50"
               }
            },
            {
               "fulfillment_state": {
                  "descriptor": {
                     "code": "Out-for-delivery",
                     "short_desc": "010,011,012,013,014,015"
                  }
               },
               "refund_eligible": false,
               "reason_required": true,
               "cancellation_fee": {
                  "percentage": "35.00",
                  "amount": {
                     "currency": "INR",
                     "value": "0.00"
                  }
               },
               "amount": {
                  "currency": "INR",
                  "value": "96.25"
               }
            }
         ],
         "billing": {
            "name": "madhura 4",
            "address": {
               "name": "madhura 4",
               "building": "no. 7",
               "locality": "Fusilli Reasons Old Sadasivam Street Pudupet Gopalapuram",
               "city": "Chennai",
               "state": "Tamil Nadu",
               "country": "India",
               "area_code": "600086"
            },
            "tax_number": "",
            "email": "sarvamangala711@gmail.com",
            "phone": "9164215281",
            "created_at": "2025-02-13T10:54:17.966Z",
            "updated_at": "2025-02-13T10:54:17.966Z"
         },
         "fulfillments": [
            {
               "id": "191b3c49-0934-4ed4-8e35-4030ff7b245a",
               "type": "Delivery",
               "end": {
                  "location": {
                     "gps": "17.387140,78.491684",
                     "address": {
                        "name": "Fusilli Reasons Old Sadasivam Street Pudupet Gopalapuram",
                        "building": "no. 7",
                        "locality": "Fusilli Reasons Old Sadasivam Street Pudupet Gopalapuram",
                        "city": "Chennai",
                        "state": "Tamil Nadu",
                        "country": "India",
                        "area_code": "600086"
                     }
                  },
                  "contact": {
                     "phone": "9164215281"
                  }
               },
               "tracking": true
            }
         ],
         "payment": {
            "status": "NOT-PAID",
            "@ondc/org/buyer_app_finder_fee_type": "percent",
            "@ondc/org/buyer_app_finder_fee_amount": "3",
            "@ondc/org/settlement_details": [
               {
                  "settlement_counterparty": "seller-app",
                  "upi_address": "",
                  "beneficiary_name": "SEQUELSTRING AI",
                  "settlement_type": "neft",
                  "settlement_bank_account_no": "9876543210012",
                  "settlement_ifsc_code": "AXIS123456",
                  "settlement_phase": "sale-amount",
                  "settlement_status": "NOT-PAID",
                  "bank_name": "AXIS BANK LTD ",
                  "branch_name": "NAVI MUMBAI"
               }
            ],
            "collected_by": "BAP"
         },
         "tags": [
            {
               "code": "bpp_terms",
               "list": [
                  {
                     "code": "np_type",
                     "value": "MSN"
                  },
                  {
                     "code": "tax_number",
                     "value": "00ABCDE1234F1Z5"
                  },
                  {
                     "code": "max_liability",
                     "value": "2"
                  },
                  {
                     "code": "max_liability_cap",
                     "value": "10000.00"
                  },
                  {
                     "code": "mandatory_arbitration",
                     "value": "false"
                  },
                  {
                     "code": "court_jurisdiction",
                     "value": "New Delhi"
                  },
                  {
                     "code": "delay_interest",
                     "value": "7.50"
                  },
                  {
                     "code": "provider_tax_number",
                     "value": "ABCDE1234F"
                  }
               ]
            }
         ]
      }
   }
}


