{
   "context": {
      "domain": "ONDC:RET10",
      "city": "std:080",
      "country": "IND",
      "action": "select",
      "core_version": "1.2.0",
      "bap_id": "preprod.eazehub.com",
      "bap_uri": "https://preprod.eazehub.com",
      "bpp_id": "pramaan.ondc.org/beta/preprod/mock/seller",
      "bpp_uri": "https://pramaan.ondc.org/beta/preprod/mock/seller",
      "transaction_id": "6742162664684839",
      "message_id": "MSG5646a53f-c139-4a4a-8c71-93d1387ed70a",
      "timestamp": "2025-02-13T10:53:49.308Z",
      "ttl": "PT30S"
   },
   "message": {
      "order": {
         "provider": {
            "id": "pramaan_provider_1",
            "locations": [
               {
                  "id": "SSL1"
               }
            ]
         },
         "items": [
            {
               "id": "id_13owvn_0_0",
               "location_id": "SSL1",
               "quantity": {
                  "count": 1
               }
            }
         ],
         "fulfillments": [
            {
               "end": {
                  "location": {
                     "gps": "17.387140,78.491684",
                     "address": {
                        "area_code": "110030"
                     }
                  }
               }
            }
         ]
      }
   }
}


{
   "context": {
      "domain": "ONDC:RET10",
      "city": "std:080",
      "country": "IND",
      "action": "select",
      "core_version": "1.2.0",
      "bap_id": "preprod.eazehub.com",
      "bap_uri": "https://preprod.eazehub.com",
      "bpp_id": "pramaan.ondc.org/beta/preprod/mock/seller",
      "bpp_uri": "https://pramaan.ondc.org/beta/preprod/mock/seller",
      "transaction_id": "6742162664684839",
      "message_id": "MSGc04ad96b-58b0-4611-82f7-f14a067e4668",
      "timestamp": "2025-02-13T10:54:00.165Z",
      "ttl": "PT30S"
   },
   "message": {
      "order": {
         "provider": {
            "id": "pramaan_provider_1",
            "locations": [
               {
                  "id": "SSL1"
               }
            ]
         },
         "items": [
            {
               "id": "id_13owvn_0_0",
               "location_id": "SSL1",
               "quantity": {
                  "count": 2
               }
            }
         ],
         "fulfillments": [
            {
               "end": {
                  "location": {
                     "gps": "17.387140,78.491684",
                     "address": {
                        "area_code": "110030"
                     }
                  }
               }
            }
         ]
      }
   }
}


{
   "context": {
      "domain": "ONDC:RET10",
      "city": "std:080",
      "country": "IND",
      "action": "select",
      "core_version": "1.2.0",
      "bap_id": "preprod.eazehub.com",
      "bap_uri": "https://preprod.eazehub.com",
      "bpp_id": "pramaan.ondc.org/beta/preprod/mock/seller",
      "bpp_uri": "https://pramaan.ondc.org/beta/preprod/mock/seller",
      "transaction_id": "6742162664684839",
      "message_id": "MSGedb21cbe-5d26-4e3e-a70a-07afee351794",
      "timestamp": "2025-02-13T10:54:04.085Z",
      "ttl": "PT30S"
   },
   "message": {
      "order": {
         "provider": {
            "id": "pramaan_provider_1",
            "locations": [
               {
                  "id": "SSL1"
               }
            ]
         },
         "items": [
            {
               "id": "id_13owvn_0_0",
               "location_id": "SSL1",
               "quantity": {
                  "count": 3
               }
            }
         ],
         "fulfillments": [
            {
               "end": {
                  "location": {
                     "gps": "17.387140,78.491684",
                     "address": {
                        "area_code": "110030"
                     }
                  }
               }
            }
         ]
      }
   }
}


