{
   "context": {
      "domain": "ONDC:RET10",
      "city": "std:080",
      "country": "IND",
      "action": "status",
      "core_version": "1.2.0",
      "bap_id": "preprod.eazehub.com",
      "bap_uri": "https://preprod.eazehub.com",
      "bpp_id": "pramaan.ondc.org/beta/preprod/mock/seller",
      "bpp_uri": "https://pramaan.ondc.org/beta/preprod/mock/seller",
      "transaction_id": "6742162664684839",
      "message_id": "MSG9b9bd447-5b05-44c2-80f1-8f3280b0441e",
      "timestamp": "2025-02-13T10:54:26.207Z",
      "ttl": "PT30S"
   },
   "message": {
      "order_id": "1000446-1"
   }
}


