{
   "context": {
      "city": "std:080",
      "action": "info",
      "bap_id": "preprod.eazehub.com",
      "bpp_id": "pramaan.ondc.org/beta/preprod/mock/seller",
      "domain": "ONDC:RET10",
      "bap_uri": "https://preprod.eazehub.com",
      "bpp_uri": "https://pramaan.ondc.org/beta/preprod/mock/seller",
      "country": "IND",
      "timestamp": "2025-02-13T12:31:55.664Z",
      "message_id": "MSG0ea09a6c-7e14-4322-bcad-47341d7dcfbb",
      "core_version": "1.2.0",
      "transaction_id": "6748049077864261",
      "ttl": "PT30S"
   },
   "message": {
      "intent": {
         "descriptor": {
            "code": "INFO"
         }
      }
   }
}


