{
   "context": {
      "city": "std:080",
      "action": "on_info",
      "bap_id": "preprod.eazehub.com",
      "bpp_id": "pramaan.ondc.org/beta/preprod/mock/seller",
      "domain": "ONDC:RET10",
      "bap_uri": "https://preprod.eazehub.com",
      "bpp_uri": "https://pramaan.ondc.org/beta/preprod/mock/seller",
      "country": "IND",
      "timestamp": "2025-02-13T12:31:56.156Z",
      "message_id": "MSG0ea09a6c-7e14-4322-bcad-47341d7dcfbb",
      "core_version": "1.2.0",
      "transaction_id": "6748049077864261",
      "ttl": "PT30S"
   },
   "message": {
      "info": {
         "type": "BPP",
         "entity": {
            "gst": {
               "legal_entity_name": "Wayne Enterprises",
               "business_address": "1007 Mountain Drive, Gotham, NJ 07001",
               "city_code": [
                  "std:555"
               ],
               "gst_no": "07BRUCE1234B1Z7"
            },
            "pan": {
               "name_as_per_pan": "Wayne Enterprises",
               "pan_no": "BATMN0077Q",
               "date_of_incorporation": "01/04/1939"
            },
            "name_of_authorised_signatory": "Lucius Fox",
            "address_of_authorised_signatory": "Wayne Tower, 18th Floor, Gotham, NJ 07001",
            "email_id": "lucius.fox@wayne.com",
            "mobile_no": 9876543210,
            "country": "USA",
            "bank_details": {
               "account_no": "123456789",
               "ifsc_code": "GOTH123456",
               "beneficiary_name": "Wayne Enterprises",
               "bank_name": "Gotham National Bank",
               "branch_name": "Wayne Tower Branch"
            }
         }
      }
   }
}


