{
   "context": {
      "domain": "ONDC:RET10",
      "city": "std:080",
      "country": "IND",
      "action": "init",
      "core_version": "1.2.0",
      "bap_id": "preprod.eazehub.com",
      "bap_uri": "https://preprod.eazehub.com",
      "bpp_id": "pramaan.ondc.org/beta/preprod/mock/seller",
      "bpp_uri": "https://pramaan.ondc.org/beta/preprod/mock/seller",
      "transaction_id": "6740160051579557",
      "message_id": "MSG48f910e0-fcad-4380-9f8c-17e3a54ab681",
      "timestamp": "2025-02-13T10:21:31.035Z",
      "ttl": "PT30S"
   },
   "message": {
      "order": {
         "provider": {
            "id": "pramaan_provider_1",
            "locations": [
               {
                  "id": "SSL1"
               }
            ]
         },
         "items": [
            {
               "id": "id_13owvn_0_0",
               "fulfillment_id": "a354fb12-7d01-49bf-a60e-741b0c22f20f",
               "quantity": {
                  "count": 4
               }
            }
         ],
         "billing": {
            "name": "Golla PrakashKumar",
            "address": {
               "name": "Golla PrakashKumar",
               "building": "A Block Ground Floor",
               "locality": "Opteamix Technology Solutions LLP 42 27th Cross Road Banashankari Stage II Banashankari",
               "city": "Bengaluru",
               "state": "Karnataka",
               "country": "India",
               "area_code": "560070"
            },
            "tax_number": "",
            "email": "pgolla@opteamix.com",
            "phone": "9164215281",
            "created_at": "2025-02-13T10:21:31.034Z",
            "updated_at": "2025-02-13T10:21:31.034Z"
         },
         "fulfillments": [
            {
               "id": "a354fb12-7d01-49bf-a60e-741b0c22f20f",
               "type": "Delivery",
               "end": {
                  "location": {
                     "gps": "17.387140,78.491684",
                     "address": {
                        "name": "Opteamix Technology Solutions LLP 42 27th Cross Road Banashankari Stage II Banashankari",
                        "building": "A Block Ground Floor",
                        "locality": "Opteamix Technology Solutions LLP 42 27th Cross Road Banashankari Stage II Banashankari",
                        "city": "Bengaluru",
                        "state": "Karnataka",
                        "country": "India",
                        "area_code": "560070"
                     }
                  },
                  "contact": {
                     "phone": "9164215281"
                  }
               }
            }
         ]
      }
   }
}


