{
   "context": {
      "domain": "ONDC:RET10",
      "city": "std:080",
      "country": "IND",
      "action": "on_cancel",
      "core_version": "1.2.0",
      "bap_id": "preprod.eazehub.com",
      "bap_uri": "https://preprod.eazehub.com",
      "bpp_id": "pramaan.ondc.org/beta/preprod/mock/seller",
      "bpp_uri": "https://pramaan.ondc.org/beta/preprod/mock/seller",
      "transaction_id": "6740160051579557",
      "message_id": "c96931aa-40ac-480d-8b24-cf2ace408f94",
      "timestamp": "2025-02-13T10:23:16.178Z",
      "ttl": "PT30S"
   },
   "message": {
      "order": {
         "id": "1000442-1",
         "state": "Cancelled",
         "provider": {
            "id": "pramaan_provider_1",
            "locations": [
               {
                  "id": "SSL1"
               }
            ]
         },
         "items": [
            {
               "id": "id_13owvn_0_0",
               "quantity": {
                  "count": 4
               },
               "location_id": "SSL1",
               "fulfillment_id": "848e16d0-5091-4cec-96a3-009bd4ec8ca1"
            },
            {
               "id": "id_13owvn_0_0",
               "quantity": {
                  "count": 0
               },
               "location_id": "SSL1",
               "fulfillment_id": "a354fb12-7d01-49bf-a60e-741b0c22f20f"
            }
         ],
         "billing": {
            "name": "Golla PrakashKumar",
            "address": {
               "name": "Golla PrakashKumar",
               "building": "A Block Ground Floor",
               "locality": "Opteamix Technology Solutions LLP 42 27th Cross Road Banashankari Stage II Banashankari",
               "city": "Bengaluru",
               "state": "Karnataka",
               "country": "India",
               "area_code": "560070"
            },
            "tax_number": "",
            "email": "pgolla@opteamix.com",
            "phone": "9164215281",
            "created_at": "2025-02-13T10:21:31.034Z",
            "updated_at": "2025-02-13T10:21:31.034Z"
         },
         "fulfillments": [
            {
               "id": "a354fb12-7d01-49bf-a60e-741b0c22f20f",
               "@ondc/org/provider_name": "Pramaan Store 1",
               "@ondc/org/category": "Standard Delivery",
               "@ondc/org/TAT": "PT24H",
               "state": {
                  "descriptor": {
                     "code": "Cancelled"
                  }
               },
               "type": "Delivery",
               "tracking": true,
               "start": {
                  "location": {
                     "id": "SSL1",
                     "gps": "28.527300, 77.182100",
                     "descriptor": {
                        "name": "Pramaan Store 1",
                        "images": [
                           "https://ondc.org/assets/theme/images/ondc_registered_logo.svg?v=399788fda7"
                        ]
                     },
                     "address": {
                        "locality": "N. Caldwell",
                        "city": "N. Caldwell",
                        "area_code": "110030",
                        "state": "New Delhi"
                     }
                  },
                  "time": {
                     "range": {
                        "start": "2025-02-13T10:22:16.211Z",
                        "end": "2025-02-13T23:00:00.000Z"
                     },
                     "timestamp": "2025-02-13T10:22:53.523Z"
                  },
                  "contact": {
                     "phone": "9876543210",
                     "email": "ss_seller_1@ss.com"
                  }
               },
               "end": {
                  "contact": {
                     "phone": "9164215281",
                     "email": "pgolla@opteamix.com"
                  },
                  "location": {
                     "gps": "17.387140,78.491684",
                     "address": {
                        "city": "Bengaluru",
                        "name": "Opteamix Technology Solutions LLP 42 27th Cross Road Banashankari Stage II Banashankari",
                        "state": "Karnataka",
                        "country": "India",
                        "building": "A Block Ground Floor",
                        "locality": "Opteamix Technology Solutions LLP 42 27th Cross Road Banashankari Stage II Banashankari",
                        "area_code": "560070"
                     }
                  },
                  "person": {
                     "name": "Golla"
                  },
                  "time": {
                     "range": {
                        "start": "2025-02-14T09:30:00.000Z",
                        "end": "2025-02-14T19:00:00.000Z"
                     }
                  }
               },
               "tags": [
                  {
                     "code": "routing",
                     "list": [
                        {
                           "code": "type",
                           "value": "P2P"
                        }
                     ]
                  },
                  {
                     "code": "tracking",
                     "list": [
                        {
                           "code": "gps_enabled",
                           "value": "yes"
                        },
                        {
                           "code": "url_enabled",
                           "value": "yes"
                        },
                        {
                           "code": "url",
                           "value": "https://ondc.sequelstring.com/track/a354fb12-7d01-49bf-a60e-741b0c22f20f"
                        }
                     ]
                  },
                  {
                     "code": "cancel_request",
                     "list": [
                        {
                           "code": "retry_count",
                           "value": "3"
                        },
                        {
                           "code": "rto_id",
                           "value": "848e16d0-5091-4cec-96a3-009bd4ec8ca1"
                        },
                        {
                           "code": "reason_id",
                           "value": "016"
                        },
                        {
                           "code": "initiated_at",
                           "value": "pramaan.ondc.org/beta/preprod/mock/seller"
                        }
                     ]
                  },
                  {
                     "code": "precancel_state",
                     "list": [
                        {
                           "code": "fulfillment_state",
                           "value": "Out-for-delivery"
                        },
                        {
                           "code": "updated_at",
                           "value": "2025-02-13T10:23:04.223Z"
                        }
                     ]
                  }
               ]
            },
            {
               "id": "848e16d0-5091-4cec-96a3-009bd4ec8ca1",
               "@ondc/org/provider_name": "Pramaan Store 1",
               "end": {
                  "contact": {
                     "phone": "9876543210",
                     "email": "ss_seller_1@ss.com"
                  },
                  "location": {
                     "id": "SSL1",
                     "gps": "28.527300, 77.182100",
                     "descriptor": {
                        "name": "Pramaan Store 1",
                        "images": [
                           "https://ondc.org/assets/theme/images/ondc_registered_logo.svg?v=399788fda7"
                        ]
                     },
                     "address": {
                        "locality": "N. Caldwell",
                        "city": "N. Caldwell",
                        "area_code": "110030",
                        "state": "New Delhi"
                     }
                  }
               },
               "start": {
                  "contact": {
                     "phone": "9164215281",
                     "email": "pgolla@opteamix.com"
                  },
                  "location": {
                     "gps": "17.387140,78.491684",
                     "address": {
                        "city": "Bengaluru",
                        "name": "Opteamix Technology Solutions LLP 42 27th Cross Road Banashankari Stage II Banashankari",
                        "state": "Karnataka",
                        "country": "India",
                        "building": "A Block Ground Floor",
                        "locality": "Opteamix Technology Solutions LLP 42 27th Cross Road Banashankari Stage II Banashankari",
                        "area_code": "560070"
                     }
                  },
                  "time": {
                     "timestamp": "2025-02-13T10:23:16.178Z"
                  }
               },
               "type": "RTO",
               "state": {
                  "descriptor": {
                     "code": "RTO-Initiated"
                  }
               },
               "tags": [
                  {
                     "code": "cancel_request",
                     "list": [
                        {
                           "code": "retry_count",
                           "value": "3"
                        },
                        {
                           "code": "rto_id",
                           "value": "848e16d0-5091-4cec-96a3-009bd4ec8ca1"
                        },
                        {
                           "code": "reason_id",
                           "value": "016"
                        },
                        {
                           "code": "initiated_at",
                           "value": "pramaan.ondc.org/beta/preprod/mock/seller"
                        }
                     ]
                  },
                  {
                     "code": "precancel_state",
                     "list": [
                        {
                           "code": "fulfillment_state",
                           "value": "Out-for-delivery"
                        },
                        {
                           "code": "updated_at",
                           "value": "2025-02-13T10:23:04.223Z"
                        }
                     ]
                  },
                  {
                     "code": "quote_trail",
                     "list": [
                        {
                           "code": "type",
                           "value": "item"
                        },
                        {
                           "code": "id",
                           "value": "id_13owvn_0_0"
                        },
                        {
                           "code": "currency",
                           "value": "INR"
                        },
                        {
                           "code": "value",
                           "value": "-260.00"
                        }
                     ]
                  }
               ]
            }
         ],
         "quote": {
            "price": {
               "currency": "INR",
               "value": "40.00"
            },
            "breakup": [
               {
                  "@ondc/org/item_id": "id_13owvn_0_0",
                  "title": "Plain Atta",
                  "@ondc/org/item_quantity": {
                     "count": 0
                  },
                  "@ondc/org/title_type": "item",
                  "price": {
                     "currency": "INR",
                     "value": "0"
                  },
                  "item": {
                     "quantity": {
                        "available": {
                           "count": "99"
                        },
                        "maximum": {
                           "count": "99"
                        }
                     },
                     "price": {
                        "currency": "INR",
                        "value": "65.00"
                     }
                  }
               },
               {
                  "@ondc/org/item_id": "a354fb12-7d01-49bf-a60e-741b0c22f20f",
                  "title": "Delivery charges",
                  "@ondc/org/title_type": "delivery",
                  "price": {
                     "currency": "INR",
                     "value": "40"
                  }
               },
               {
                  "@ondc/org/item_id": "a354fb12-7d01-49bf-a60e-741b0c22f20f",
                  "title": "Convenience Fee",
                  "@ondc/org/title_type": "misc",
                  "price": {
                     "currency": "INR",
                     "value": "0"
                  }
               }
            ],
            "ttl": "PT6H"
         },
         "payment": {
            "status": "PAID",
            "collected_by": "BAP",
            "@ondc/org/settlement_details": [
               {
                  "bank_name": "AXIS BANK LTD ",
                  "branch_name": "NAVI MUMBAI",
                  "upi_address": "",
                  "settlement_type": "neft",
                  "beneficiary_name": "SEQUELSTRING AI",
                  "settlement_phase": "sale-amount",
                  "settlement_status": "NOT-PAID",
                  "settlement_ifsc_code": "AXIS123456",
                  "settlement_counterparty": "seller-app",
                  "settlement_bank_account_no": "9876543210012"
               }
            ],
            "@ondc/org/buyer_app_finder_fee_type": "percent",
            "@ondc/org/buyer_app_finder_fee_amount": "3",
            "type": "ON-ORDER",
            "params": {
               "amount": "340.00",
               "transaction_id": "6740160051579557",
               "currency": "INR"
            }
         },
         "tags": [
            {
               "code": "bpp_terms",
               "list": [
                  {
                     "code": "np_type",
                     "value": "MSN"
                  },
                  {
                     "code": "tax_number",
                     "value": "00ABCDE1234F1Z5"
                  },
                  {
                     "code": "max_liability",
                     "value": "2"
                  },
                  {
                     "code": "max_liability_cap",
                     "value": "10000.00"
                  },
                  {
                     "code": "mandatory_arbitration",
                     "value": "false"
                  },
                  {
                     "code": "court_jurisdiction",
                     "value": "New Delhi"
                  },
                  {
                     "code": "delay_interest",
                     "value": "7.50"
                  },
                  {
                     "code": "provider_tax_number",
                     "value": "ABCDE1234F"
                  }
               ]
            }
         ],
         "created_at": "2025-02-13T10:22:15.895Z",
         "updated_at": "2025-02-13T10:23:16.178Z",
         "documents": [
            {
               "label": "Invoice",
               "url": "https://ondc.sequelstring.com/seller/document/invoice.pdf"
            }
         ],
         "cancellation": {
            "cancelled_by": "pramaan.ondc.org/beta/preprod/mock/seller",
            "reason": {
               "id": "015"
            }
         }
      }
   }
}


