{
   "context": {
      "domain": "ONDC:RET10",
      "city": "std:080",
      "country": "IND",
      "action": "on_select",
      "core_version": "1.2.0",
      "bap_id": "preprod.eazehub.com",
      "bap_uri": "https://preprod.eazehub.com",
      "bpp_id": "pramaan.ondc.org/beta/preprod/mock/seller",
      "bpp_uri": "https://pramaan.ondc.org/beta/preprod/mock/seller",
      "transaction_id": "6740160051579557",
      "message_id": "MSG8874e725-054a-4b5a-a5bd-444dee920ffd",
      "timestamp": "2025-02-13T10:20:27.004Z",
      "ttl": "PT30S"
   },
   "message": {
      "order": {
         "fulfillments": [
            {
               "id": "d0699b72-611f-45fe-bb91-7b55970a24d2",
               "type": "Delivery",
               "@ondc/org/provider_name": "Pramaan Store 1",
               "tracking": true,
               "@ondc/org/category": "Standard Delivery",
               "@ondc/org/TAT": "PT24H",
               "state": {
                  "descriptor": {
                     "code": "Serviceable"
                  }
               }
            },
            {
               "id": "f92baaaf-d80b-4533-95af-c28a9ff215be",
               "type": "Self-Pickup",
               "@ondc/org/provider_name": "",
               "tracking": false,
               "@ondc/org/category": "Takeaway",
               "@ondc/org/TAT": "PT24H",
               "state": {
                  "descriptor": {
                     "code": "Serviceable"
                  }
               }
            }
         ],
         "items": [
            {
               "id": "id_13owvn_0_0",
               "quantity": {
                  "count": 1
               },
               "location_id": "SSL1",
               "fulfillment_id": "d0699b72-611f-45fe-bb91-7b55970a24d2"
            }
         ],
         "quote": {
            "price": {
               "currency": "INR",
               "value": "145.00"
            },
            "breakup": [
               {
                  "@ondc/org/item_id": "id_13owvn_0_0",
                  "title": "Plain Atta",
                  "@ondc/org/item_quantity": {
                     "count": 1
                  },
                  "@ondc/org/title_type": "item",
                  "price": {
                     "currency": "INR",
                     "value": "65.00"
                  },
                  "item": {
                     "quantity": {
                        "available": {
                           "count": "99"
                        },
                        "maximum": {
                           "count": "99"
                        }
                     },
                     "price": {
                        "currency": "INR",
                        "value": "65.00"
                     }
                  }
               },
               {
                  "@ondc/org/item_id": "d0699b72-611f-45fe-bb91-7b55970a24d2",
                  "title": "Delivery charges",
                  "@ondc/org/title_type": "delivery",
                  "price": {
                     "currency": "INR",
                     "value": "40"
                  }
               },
               {
                  "@ondc/org/item_id": "d0699b72-611f-45fe-bb91-7b55970a24d2",
                  "title": "Convenience Fee",
                  "@ondc/org/title_type": "misc",
                  "price": {
                     "currency": "INR",
                     "value": "40"
                  }
               }
            ],
            "ttl": "PT6H"
         },
         "provider": {
            "id": "pramaan_provider_1",
            "locations": [
               {
                  "id": "SSL1"
               }
            ]
         }
      }
   }
}


{
   "context": {
      "domain": "ONDC:RET10",
      "city": "std:080",
      "country": "IND",
      "action": "on_select",
      "core_version": "1.2.0",
      "bap_id": "preprod.eazehub.com",
      "bap_uri": "https://preprod.eazehub.com",
      "bpp_id": "pramaan.ondc.org/beta/preprod/mock/seller",
      "bpp_uri": "https://pramaan.ondc.org/beta/preprod/mock/seller",
      "transaction_id": "6740160051579557",
      "message_id": "MSG41ccd805-e0f3-4ba9-9191-88764f4400c9",
      "timestamp": "2025-02-13T10:20:28.918Z",
      "ttl": "PT30S"
   },
   "message": {
      "order": {
         "fulfillments": [
            {
               "id": "a354fb12-7d01-49bf-a60e-741b0c22f20f",
               "type": "Delivery",
               "@ondc/org/provider_name": "Pramaan Store 1",
               "tracking": true,
               "@ondc/org/category": "Standard Delivery",
               "@ondc/org/TAT": "PT24H",
               "state": {
                  "descriptor": {
                     "code": "Serviceable"
                  }
               }
            },
            {
               "id": "7d2637b3-d530-4dba-bd75-ad964bdba6ec",
               "type": "Self-Pickup",
               "@ondc/org/provider_name": "",
               "tracking": false,
               "@ondc/org/category": "Takeaway",
               "@ondc/org/TAT": "PT24H",
               "state": {
                  "descriptor": {
                     "code": "Serviceable"
                  }
               }
            }
         ],
         "items": [
            {
               "id": "id_13owvn_0_0",
               "quantity": {
                  "count": 4
               },
               "location_id": "SSL1",
               "fulfillment_id": "a354fb12-7d01-49bf-a60e-741b0c22f20f"
            }
         ],
         "quote": {
            "price": {
               "currency": "INR",
               "value": "340.00"
            },
            "breakup": [
               {
                  "@ondc/org/item_id": "id_13owvn_0_0",
                  "title": "Plain Atta",
                  "@ondc/org/item_quantity": {
                     "count": 4
                  },
                  "@ondc/org/title_type": "item",
                  "price": {
                     "currency": "INR",
                     "value": "260.00"
                  },
                  "item": {
                     "quantity": {
                        "available": {
                           "count": "99"
                        },
                        "maximum": {
                           "count": "99"
                        }
                     },
                     "price": {
                        "currency": "INR",
                        "value": "65.00"
                     }
                  }
               },
               {
                  "@ondc/org/item_id": "a354fb12-7d01-49bf-a60e-741b0c22f20f",
                  "title": "Delivery charges",
                  "@ondc/org/title_type": "delivery",
                  "price": {
                     "currency": "INR",
                     "value": "40"
                  }
               },
               {
                  "@ondc/org/item_id": "a354fb12-7d01-49bf-a60e-741b0c22f20f",
                  "title": "Convenience Fee",
                  "@ondc/org/title_type": "misc",
                  "price": {
                     "currency": "INR",
                     "value": "40"
                  }
               }
            ],
            "ttl": "PT6H"
         },
         "provider": {
            "id": "pramaan_provider_1",
            "locations": [
               {
                  "id": "SSL1"
               }
            ]
         }
      }
   }
}


