{
   "context": {
      "domain": "ONDC:RET10",
      "city": "std:080",
      "country": "IND",
      "action": "status",
      "core_version": "1.2.0",
      "bap_id": "preprod.eazehub.com",
      "bap_uri": "https://preprod.eazehub.com",
      "bpp_id": "pramaan.ondc.org/beta/preprod/mock/seller",
      "bpp_uri": "https://pramaan.ondc.org/beta/preprod/mock/seller",
      "transaction_id": "6740160051579557",
      "message_id": "MSG10fe7694-2b12-42d3-a066-948c8adbbe03",
      "timestamp": "2025-02-13T10:22:16.275Z",
      "ttl": "PT30S"
   },
   "message": {
      "order_id": "1000442-1"
   }
}


