{
   "context": {
      "domain": "ONDC:RET10",
      "action": "catalog_rejection",
      "country": "IND",
      "city": "std:080",
      "core_version": "1.2.0",
      "bap_id": "preprod.eazehub.com",
      "bap_uri": "https://preprod.eazehub.com",
      "transaction_id": "TRXN6762110049768766",
      "message_id": "MSGaf0338b3-192e-458b-b31b-A1b051f02c92",
      "timestamp": "2025-02-13T16:27:00.814Z",
      "bpp_id": "pramaan.ondc.org/beta/preprod/mock/seller",
      "bpp_uri": "https://pramaan.ondc.org/beta/preprod/mock/seller",
      "ttl": "PT30S"
   },
   "errors": [
      {
         "type": "ITEM-ERROR",
         "code": "91018",
         "path": "message.catalog.bpp/providers[?(@.id=='pramaan_provider_1')].items[?(@.id=='id_13owvn_0_0')]",
         "message": "Available quantity for the SKU is either absent or invalid"
      }
   ]
}


