{
   "context": {
      "domain": "ONDC:RET10",
      "action": "search",
      "country": "IND",
      "city": "std:080",
      "core_version": "1.2.0",
      "bap_id": "preprod.eazehub.com",
      "bap_uri": "https://preprod.eazehub.com",
      "transaction_id": "TRXN6762110049768766",
      "message_id": "MSGe47b33fc-6ff9-499a-ad6d-2c3f53ccbd55",
      "timestamp": "2025-02-13T16:26:16.636Z",
      "ttl": "PT30S"
   },
   "message": {
      "intent": {
         "fulfillment": {
            "type": "Delivery"
         },
         "payment": {
            "@ondc/org/buyer_app_finder_fee_type": "percent",
            "@ondc/org/buyer_app_finder_fee_amount": "3"
         },
         "tags": [
            {
               "code": "catalog_full",
               "list": [
                  {
                     "code": "payload_type",
                     "value": "link"
                  }
               ]
            }
         ]
      }
   }
}


