{
   "context": {
      "domain": "ONDC:RET10",
      "city": "std:080",
      "country": "IND",
      "action": "init",
      "core_version": "1.2.0",
      "bap_id": "preprod.eazehub.com",
      "bap_uri": "https://preprod.eazehub.com",
      "bpp_id": "pramaan.ondc.org/beta/preprod/mock/seller",
      "bpp_uri": "https://pramaan.ondc.org/beta/preprod/mock/seller",
      "transaction_id": "6741741148131368",
      "message_id": "MSGd388871a-207c-477b-a646-fb8938af7434",
      "timestamp": "2025-02-13T10:47:07.949Z",
      "ttl": "PT30S"
   },
   "message": {
      "order": {
         "provider": {
            "id": "pramaan_provider_2",
            "locations": [
               {
                  "id": "SSL2"
               }
            ]
         },
         "items": [
            {
               "id": "id_5yzai_3_1",
               "fulfillment_id": "58052a4e-75ee-44dc-ab06-3ee53a0b1fbb",
               "quantity": {
                  "count": 4
               }
            }
         ],
         "billing": {
            "name": "madhura 2",
            "address": {
               "name": "madhura 2",
               "building": "no. 7",
               "locality": "Fusilli Reasons Old Sadasivam Street Pudupet Gopalapuram",
               "city": "Chennai",
               "state": "Tamil Nadu",
               "country": "India",
               "area_code": "600086"
            },
            "tax_number": "",
            "email": "sarvamangala711@gmail.com",
            "phone": "9164215281",
            "created_at": "2025-02-13T10:47:07.949Z",
            "updated_at": "2025-02-13T10:47:07.949Z"
         },
         "fulfillments": [
            {
               "id": "58052a4e-75ee-44dc-ab06-3ee53a0b1fbb",
               "type": "Delivery",
               "end": {
                  "location": {
                     "gps": "17.387140,78.491684",
                     "address": {
                        "name": "Fusilli Reasons Old Sadasivam Street Pudupet Gopalapuram",
                        "building": "no. 7",
                        "locality": "Fusilli Reasons Old Sadasivam Street Pudupet Gopalapuram",
                        "city": "Chennai",
                        "state": "Tamil Nadu",
                        "country": "India",
                        "area_code": "600086"
                     }
                  },
                  "contact": {
                     "phone": "9164215281"
                  }
               }
            }
         ]
      }
   }
}


{
   "context": {
      "domain": "ONDC:RET10",
      "city": "std:080",
      "country": "IND",
      "action": "init",
      "core_version": "1.2.0",
      "bap_id": "preprod.eazehub.com",
      "bap_uri": "https://preprod.eazehub.com",
      "bpp_id": "pramaan.ondc.org/beta/preprod/mock/seller",
      "bpp_uri": "https://pramaan.ondc.org/beta/preprod/mock/seller",
      "transaction_id": "6741741148131368",
      "message_id": "MSGc68a32c5-d9c1-410a-a352-eeecbadce697",
      "timestamp": "2025-02-13T10:47:11.722Z",
      "ttl": "PT30S"
   },
   "message": {
      "order": {
         "provider": {
            "id": "pramaan_provider_2",
            "locations": [
               {
                  "id": "SSL2"
               }
            ]
         },
         "items": [
            {
               "id": "id_5yzai_3_1",
               "fulfillment_id": "58052a4e-75ee-44dc-ab06-3ee53a0b1fbb",
               "quantity": {
                  "count": 4
               }
            }
         ],
         "billing": {
            "name": "madhura 3",
            "address": {
               "name": "madhura 3",
               "building": "no. 7",
               "locality": "Fusilli Reasons Old Sadasivam Street Pudupet Gopalapuram",
               "city": "Chennai",
               "state": "Tamil Nadu",
               "country": "India",
               "area_code": "600086"
            },
            "tax_number": "",
            "email": "sarvamangala711@gmail.com",
            "phone": "9164215281",
            "created_at": "2025-02-13T10:47:11.722Z",
            "updated_at": "2025-02-13T10:47:11.722Z"
         },
         "fulfillments": [
            {
               "id": "58052a4e-75ee-44dc-ab06-3ee53a0b1fbb",
               "type": "Delivery",
               "end": {
                  "location": {
                     "gps": "17.387140,78.491684",
                     "address": {
                        "name": "Fusilli Reasons Old Sadasivam Street Pudupet Gopalapuram",
                        "building": "no. 7",
                        "locality": "Fusilli Reasons Old Sadasivam Street Pudupet Gopalapuram",
                        "city": "Chennai",
                        "state": "Tamil Nadu",
                        "country": "India",
                        "area_code": "600086"
                     }
                  },
                  "contact": {
                     "phone": "9164215281"
                  }
               }
            }
         ]
      }
   }
}


