{
   "context": {
      "domain": "ONDC:RET10",
      "city": "std:080",
      "country": "IND",
      "action": "on_select",
      "core_version": "1.2.0",
      "bap_id": "preprod.eazehub.com",
      "bap_uri": "https://preprod.eazehub.com",
      "bpp_id": "pramaan.ondc.org/beta/preprod/mock/seller",
      "bpp_uri": "https://pramaan.ondc.org/beta/preprod/mock/seller",
      "transaction_id": "6741741148131368",
      "message_id": "MSG175f9601-d76e-48bf-be1b-f3e25e2bd033",
      "timestamp": "2025-02-13T10:46:48.107Z",
      "ttl": "PT30S"
   },
   "message": {
      "order": {
         "fulfillments": [
            {
               "id": "70653f37-623f-4990-84cf-a95ab90b3b4b",
               "type": "Delivery",
               "@ondc/org/provider_name": "Pramaan Store 2",
               "tracking": true,
               "@ondc/org/category": "Standard Delivery",
               "@ondc/org/TAT": "PT24H",
               "state": {
                  "descriptor": {
                     "code": "Serviceable"
                  }
               }
            },
            {
               "id": "ed81fc85-97dd-43a1-aa41-9fbc07258179",
               "type": "Self-Pickup",
               "@ondc/org/provider_name": "",
               "tracking": false,
               "@ondc/org/category": "Takeaway",
               "@ondc/org/TAT": "PT24H",
               "state": {
                  "descriptor": {
                     "code": "Serviceable"
                  }
               }
            }
         ],
         "items": [
            {
               "id": "id_5yzai_3_1",
               "quantity": {
                  "count": 1
               },
               "location_id": "SSL2",
               "fulfillment_id": "70653f37-623f-4990-84cf-a95ab90b3b4b"
            }
         ],
         "quote": {
            "price": {
               "currency": "INR",
               "value": "229.00"
            },
            "breakup": [
               {
                  "@ondc/org/item_id": "id_5yzai_3_1",
                  "title": "Arhar Dal",
                  "@ondc/org/item_quantity": {
                     "count": 1
                  },
                  "@ondc/org/title_type": "item",
                  "price": {
                     "currency": "INR",
                     "value": "149.00"
                  },
                  "item": {
                     "quantity": {
                        "available": {
                           "count": "99"
                        },
                        "maximum": {
                           "count": "99"
                        }
                     },
                     "price": {
                        "currency": "INR",
                        "value": "149.00"
                     }
                  }
               },
               {
                  "@ondc/org/item_id": "70653f37-623f-4990-84cf-a95ab90b3b4b",
                  "title": "Delivery charges",
                  "@ondc/org/title_type": "delivery",
                  "price": {
                     "currency": "INR",
                     "value": "40"
                  }
               },
               {
                  "@ondc/org/item_id": "70653f37-623f-4990-84cf-a95ab90b3b4b",
                  "title": "Convenience Fee",
                  "@ondc/org/title_type": "misc",
                  "price": {
                     "currency": "INR",
                     "value": "40"
                  }
               }
            ],
            "ttl": "PT6H"
         },
         "provider": {
            "id": "pramaan_provider_2",
            "locations": [
               {
                  "id": "SSL2"
               }
            ]
         }
      }
   }
}


{
   "context": {
      "domain": "ONDC:RET10",
      "city": "std:080",
      "country": "IND",
      "action": "on_select",
      "core_version": "1.2.0",
      "bap_id": "preprod.eazehub.com",
      "bap_uri": "https://preprod.eazehub.com",
      "bpp_id": "pramaan.ondc.org/beta/preprod/mock/seller",
      "bpp_uri": "https://pramaan.ondc.org/beta/preprod/mock/seller",
      "transaction_id": "6741741148131368",
      "message_id": "MSG0627798f-a7a1-40df-b0cb-0bd0f1838a1d",
      "timestamp": "2025-02-13T10:46:57.830Z",
      "ttl": "PT30S"
   },
   "message": {
      "order": {
         "fulfillments": [
            {
               "id": "85ebf307-c5a0-47ce-b661-6ef4ab7ae056",
               "type": "Delivery",
               "@ondc/org/provider_name": "Pramaan Store 2",
               "tracking": true,
               "@ondc/org/category": "Standard Delivery",
               "@ondc/org/TAT": "PT24H",
               "state": {
                  "descriptor": {
                     "code": "Serviceable"
                  }
               }
            },
            {
               "id": "d6bf83fb-7965-4b42-a2fc-27d72c606973",
               "type": "Self-Pickup",
               "@ondc/org/provider_name": "",
               "tracking": false,
               "@ondc/org/category": "Takeaway",
               "@ondc/org/TAT": "PT24H",
               "state": {
                  "descriptor": {
                     "code": "Serviceable"
                  }
               }
            }
         ],
         "items": [
            {
               "id": "id_5yzai_3_1",
               "quantity": {
                  "count": 3
               },
               "location_id": "SSL2",
               "fulfillment_id": "85ebf307-c5a0-47ce-b661-6ef4ab7ae056"
            }
         ],
         "quote": {
            "price": {
               "currency": "INR",
               "value": "527.00"
            },
            "breakup": [
               {
                  "@ondc/org/item_id": "id_5yzai_3_1",
                  "title": "Arhar Dal",
                  "@ondc/org/item_quantity": {
                     "count": 3
                  },
                  "@ondc/org/title_type": "item",
                  "price": {
                     "currency": "INR",
                     "value": "447.00"
                  },
                  "item": {
                     "quantity": {
                        "available": {
                           "count": "99"
                        },
                        "maximum": {
                           "count": "99"
                        }
                     },
                     "price": {
                        "currency": "INR",
                        "value": "149.00"
                     }
                  }
               },
               {
                  "@ondc/org/item_id": "85ebf307-c5a0-47ce-b661-6ef4ab7ae056",
                  "title": "Delivery charges",
                  "@ondc/org/title_type": "delivery",
                  "price": {
                     "currency": "INR",
                     "value": "40"
                  }
               },
               {
                  "@ondc/org/item_id": "85ebf307-c5a0-47ce-b661-6ef4ab7ae056",
                  "title": "Convenience Fee",
                  "@ondc/org/title_type": "misc",
                  "price": {
                     "currency": "INR",
                     "value": "40"
                  }
               }
            ],
            "ttl": "PT6H"
         },
         "provider": {
            "id": "pramaan_provider_2",
            "locations": [
               {
                  "id": "SSL2"
               }
            ]
         }
      }
   }
}


{
   "context": {
      "domain": "ONDC:RET10",
      "city": "std:080",
      "country": "IND",
      "action": "on_select",
      "core_version": "1.2.0",
      "bap_id": "preprod.eazehub.com",
      "bap_uri": "https://preprod.eazehub.com",
      "bpp_id": "pramaan.ondc.org/beta/preprod/mock/seller",
      "bpp_uri": "https://pramaan.ondc.org/beta/preprod/mock/seller",
      "transaction_id": "6741741148131368",
      "message_id": "MSGfba7063d-9c5d-42e9-a542-8863f340a252",
      "timestamp": "2025-02-13T10:47:01.108Z",
      "ttl": "PT30S"
   },
   "message": {
      "order": {
         "fulfillments": [
            {
               "id": "58052a4e-75ee-44dc-ab06-3ee53a0b1fbb",
               "type": "Delivery",
               "@ondc/org/provider_name": "Pramaan Store 2",
               "tracking": true,
               "@ondc/org/category": "Standard Delivery",
               "@ondc/org/TAT": "PT24H",
               "state": {
                  "descriptor": {
                     "code": "Serviceable"
                  }
               }
            },
            {
               "id": "4e5e90bd-f9d4-46d1-af2a-1f7d8242c42a",
               "type": "Self-Pickup",
               "@ondc/org/provider_name": "",
               "tracking": false,
               "@ondc/org/category": "Takeaway",
               "@ondc/org/TAT": "PT24H",
               "state": {
                  "descriptor": {
                     "code": "Serviceable"
                  }
               }
            }
         ],
         "items": [
            {
               "id": "id_5yzai_3_1",
               "quantity": {
                  "count": 4
               },
               "location_id": "SSL2",
               "fulfillment_id": "58052a4e-75ee-44dc-ab06-3ee53a0b1fbb"
            }
         ],
         "quote": {
            "price": {
               "currency": "INR",
               "value": "676.00"
            },
            "breakup": [
               {
                  "@ondc/org/item_id": "id_5yzai_3_1",
                  "title": "Arhar Dal",
                  "@ondc/org/item_quantity": {
                     "count": 4
                  },
                  "@ondc/org/title_type": "item",
                  "price": {
                     "currency": "INR",
                     "value": "596.00"
                  },
                  "item": {
                     "quantity": {
                        "available": {
                           "count": "99"
                        },
                        "maximum": {
                           "count": "99"
                        }
                     },
                     "price": {
                        "currency": "INR",
                        "value": "149.00"
                     }
                  }
               },
               {
                  "@ondc/org/item_id": "58052a4e-75ee-44dc-ab06-3ee53a0b1fbb",
                  "title": "Delivery charges",
                  "@ondc/org/title_type": "delivery",
                  "price": {
                     "currency": "INR",
                     "value": "40"
                  }
               },
               {
                  "@ondc/org/item_id": "58052a4e-75ee-44dc-ab06-3ee53a0b1fbb",
                  "title": "Convenience Fee",
                  "@ondc/org/title_type": "misc",
                  "price": {
                     "currency": "INR",
                     "value": "40"
                  }
               }
            ],
            "ttl": "PT6H"
         },
         "provider": {
            "id": "pramaan_provider_2",
            "locations": [
               {
                  "id": "SSL2"
               }
            ]
         }
      }
   }
}


