{
   "context": {
      "domain": "ONDC:RET10",
      "city": "std:080",
      "country": "IND",
      "action": "on_track",
      "core_version": "1.2.0",
      "bap_id": "preprod.eazehub.com",
      "bap_uri": "https://preprod.eazehub.com",
      "bpp_id": "pramaan.ondc.org/beta/preprod/mock/seller",
      "bpp_uri": "https://pramaan.ondc.org/beta/preprod/mock/seller",
      "transaction_id": "6741741148131368",
      "message_id": "MSG01c50c5e-c8ba-48fb-ad4e-04fb5c9815ee",
      "timestamp": "2025-02-13T10:49:04.623Z",
      "ttl": "PT30S"
   },
   "message": {
      "tracking": {
         "id": "e021fb98-f735-48c3-b91a-6284d860abca",
         "url": "http://sequelstring-lsp-ondc.com/track",
         "status": "active"
      }
   }
}


