{
   "context": {
      "domain": "ONDC:RET10",
      "city": "std:080",
      "country": "IND",
      "action": "status",
      "core_version": "1.2.0",
      "bap_id": "preprod.eazehub.com",
      "bap_uri": "https://preprod.eazehub.com",
      "bpp_id": "pramaan.ondc.org/beta/preprod/mock/seller",
      "bpp_uri": "https://pramaan.ondc.org/beta/preprod/mock/seller",
      "transaction_id": "6741741148131368",
      "message_id": "MSGc222f47c-42e3-4cce-813e-021affc2ff56",
      "timestamp": "2025-02-13T10:47:20.047Z",
      "ttl": "PT30S"
   },
   "message": {
      "order_id": "1000445-1"
   }
}


{
   "context": {
      "domain": "ONDC:RET10",
      "city": "std:080",
      "country": "IND",
      "action": "status",
      "core_version": "1.2.0",
      "bap_id": "preprod.eazehub.com",
      "bap_uri": "https://preprod.eazehub.com",
      "bpp_id": "pramaan.ondc.org/beta/preprod/mock/seller",
      "bpp_uri": "https://pramaan.ondc.org/beta/preprod/mock/seller",
      "transaction_id": "6741741148131368",
      "message_id": "MSG4f3908b6-9863-46f8-8c90-b1bf6501ac23",
      "timestamp": "2025-02-13T10:48:56.012Z",
      "ttl": "PT30S"
   },
   "message": {
      "order_id": "1000445-1"
   }
}


