{
   "context": {
      "domain": "ONDC:RET10",
      "city": "std:080",
      "country": "IND",
      "action": "on_select",
      "core_version": "1.2.0",
      "bap_id": "preprod.eazehub.com",
      "bap_uri": "https://preprod.eazehub.com",
      "bpp_id": "pramaan.ondc.org/beta/preprod/mock/seller",
      "bpp_uri": "https://pramaan.ondc.org/beta/preprod/mock/seller",
      "transaction_id": "6743763566792065",
      "message_id": "MSGcb75ffea-d0dd-4fdc-b01b-9f3322055008",
      "timestamp": "2025-02-13T11:20:47.401Z",
      "ttl": "PT30S"
   },
   "message": {
      "order": {
         "fulfillments": [
            {
               "id": "fee913d0-b254-47dd-9043-b0e1677d3e42",
               "type": "Delivery",
               "@ondc/org/provider_name": "Pramaan Store 1",
               "tracking": true,
               "@ondc/org/category": "Standard Delivery",
               "@ondc/org/TAT": "PT24H",
               "state": {
                  "descriptor": {
                     "code": "Serviceable"
                  }
               }
            },
            {
               "id": "5319f597-f9d3-4b6c-b7f5-739a406afcb4",
               "type": "Self-Pickup",
               "@ondc/org/provider_name": "",
               "tracking": false,
               "@ondc/org/category": "Takeaway",
               "@ondc/org/TAT": "PT24H",
               "state": {
                  "descriptor": {
                     "code": "Serviceable"
                  }
               }
            }
         ],
         "items": [
            {
               "id": "id_13owvn_0_0",
               "quantity": {
                  "count": 1
               },
               "location_id": "SSL1",
               "fulfillment_id": "fee913d0-b254-47dd-9043-b0e1677d3e42"
            }
         ],
         "quote": {
            "price": {
               "currency": "INR",
               "value": "145.00"
            },
            "breakup": [
               {
                  "@ondc/org/item_id": "id_13owvn_0_0",
                  "title": "Plain Atta",
                  "@ondc/org/item_quantity": {
                     "count": 1
                  },
                  "@ondc/org/title_type": "item",
                  "price": {
                     "currency": "INR",
                     "value": "65.00"
                  },
                  "item": {
                     "quantity": {
                        "available": {
                           "count": "99"
                        },
                        "maximum": {
                           "count": "99"
                        }
                     },
                     "price": {
                        "currency": "INR",
                        "value": "65.00"
                     }
                  }
               },
               {
                  "@ondc/org/item_id": "fee913d0-b254-47dd-9043-b0e1677d3e42",
                  "title": "Delivery charges",
                  "@ondc/org/title_type": "delivery",
                  "price": {
                     "currency": "INR",
                     "value": "40"
                  }
               },
               {
                  "@ondc/org/item_id": "fee913d0-b254-47dd-9043-b0e1677d3e42",
                  "title": "Convenience Fee",
                  "@ondc/org/title_type": "misc",
                  "price": {
                     "currency": "INR",
                     "value": "40"
                  }
               }
            ],
            "ttl": "PT6H"
         },
         "provider": {
            "id": "pramaan_provider_1",
            "locations": [
               {
                  "id": "SSL1"
               }
            ]
         }
      }
   }
}


{
   "context": {
      "domain": "ONDC:RET10",
      "city": "std:080",
      "country": "IND",
      "action": "on_select",
      "core_version": "1.2.0",
      "bap_id": "preprod.eazehub.com",
      "bap_uri": "https://preprod.eazehub.com",
      "bpp_id": "pramaan.ondc.org/beta/preprod/mock/seller",
      "bpp_uri": "https://pramaan.ondc.org/beta/preprod/mock/seller",
      "transaction_id": "6743763566792065",
      "message_id": "MSG52a5eac6-87d3-48bd-a2df-feb1faa319b9",
      "timestamp": "2025-02-13T11:22:03.908Z",
      "ttl": "PT30S"
   },
   "message": {
      "order": {
         "fulfillments": [
            {
               "id": "03f97902-ab29-4b41-b93b-ca86076d1205",
               "type": "Delivery",
               "@ondc/org/provider_name": "Pramaan Store 1",
               "tracking": true,
               "@ondc/org/category": "Standard Delivery",
               "@ondc/org/TAT": "PT24H",
               "state": {
                  "descriptor": {
                     "code": "Serviceable"
                  }
               }
            },
            {
               "id": "51a1d4aa-3a42-4e56-b33a-2b64f7b5f1fd",
               "type": "Self-Pickup",
               "@ondc/org/provider_name": "",
               "tracking": false,
               "@ondc/org/category": "Takeaway",
               "@ondc/org/TAT": "PT24H",
               "state": {
                  "descriptor": {
                     "code": "Serviceable"
                  }
               }
            }
         ],
         "items": [
            {
               "id": "id_13owvn_0_0",
               "quantity": {
                  "count": 100
               },
               "location_id": "SSL1",
               "fulfillment_id": "03f97902-ab29-4b41-b93b-ca86076d1205"
            }
         ],
         "quote": {
            "price": {
               "currency": "INR",
               "value": "80.00"
            },
            "breakup": [
               {
                  "@ondc/org/item_id": "id_13owvn_0_0",
                  "title": "Plain Atta",
                  "@ondc/org/item_quantity": {
                     "count": 0
                  },
                  "@ondc/org/title_type": "item",
                  "price": {
                     "currency": "INR",
                     "value": "0.00"
                  },
                  "item": {
                     "quantity": {
                        "available": {
                           "count": "99"
                        },
                        "maximum": {
                           "count": "99"
                        }
                     },
                     "price": {
                        "currency": "INR",
                        "value": "65.00"
                     }
                  }
               },
               {
                  "@ondc/org/item_id": "03f97902-ab29-4b41-b93b-ca86076d1205",
                  "title": "Delivery charges",
                  "@ondc/org/title_type": "delivery",
                  "price": {
                     "currency": "INR",
                     "value": "40"
                  }
               },
               {
                  "@ondc/org/item_id": "03f97902-ab29-4b41-b93b-ca86076d1205",
                  "title": "Convenience Fee",
                  "@ondc/org/title_type": "misc",
                  "price": {
                     "currency": "INR",
                     "value": "40"
                  }
               }
            ],
            "ttl": "PT6H"
         },
         "provider": {
            "id": "pramaan_provider_1",
            "locations": [
               {
                  "id": "SSL1"
               }
            ]
         }
      }
   },
   "error": {
      "type": "DOMAIN-ERROR",
      "code": "40002",
      "message": "[{\"item_id\":\"id_13owvn_0_0\",\"error\":\"40002\"}]"
   }
}


{
   "context": {
      "domain": "ONDC:RET10",
      "city": "std:080",
      "country": "IND",
      "action": "on_select",
      "core_version": "1.2.0",
      "bap_id": "preprod.eazehub.com",
      "bap_uri": "https://preprod.eazehub.com",
      "bpp_id": "pramaan.ondc.org/beta/preprod/mock/seller",
      "bpp_uri": "https://pramaan.ondc.org/beta/preprod/mock/seller",
      "transaction_id": "6743763566792065",
      "message_id": "MSG069c1de8-0f5a-4c1c-ae11-91899e708e0f",
      "timestamp": "2025-02-13T11:22:44.757Z",
      "ttl": "PT30S"
   },
   "message": {
      "order": {
         "fulfillments": [
            {
               "id": "eae0ba1b-0d2f-45e2-8378-8ae2c9ecd9f7",
               "type": "Delivery",
               "@ondc/org/provider_name": "Pramaan Store 1",
               "tracking": true,
               "@ondc/org/category": "Standard Delivery",
               "@ondc/org/TAT": "PT24H",
               "state": {
                  "descriptor": {
                     "code": "Serviceable"
                  }
               }
            },
            {
               "id": "9c5a4e0e-e89f-4e91-9687-955bba4ccc5f",
               "type": "Self-Pickup",
               "@ondc/org/provider_name": "",
               "tracking": false,
               "@ondc/org/category": "Takeaway",
               "@ondc/org/TAT": "PT24H",
               "state": {
                  "descriptor": {
                     "code": "Serviceable"
                  }
               }
            }
         ],
         "items": [
            {
               "id": "id_13owvn_0_0",
               "quantity": {
                  "count": 101
               },
               "location_id": "SSL1",
               "fulfillment_id": "eae0ba1b-0d2f-45e2-8378-8ae2c9ecd9f7"
            }
         ],
         "quote": {
            "price": {
               "currency": "INR",
               "value": "80.00"
            },
            "breakup": [
               {
                  "@ondc/org/item_id": "id_13owvn_0_0",
                  "title": "Plain Atta",
                  "@ondc/org/item_quantity": {
                     "count": 0
                  },
                  "@ondc/org/title_type": "item",
                  "price": {
                     "currency": "INR",
                     "value": "0.00"
                  },
                  "item": {
                     "quantity": {
                        "available": {
                           "count": "99"
                        },
                        "maximum": {
                           "count": "99"
                        }
                     },
                     "price": {
                        "currency": "INR",
                        "value": "65.00"
                     }
                  }
               },
               {
                  "@ondc/org/item_id": "eae0ba1b-0d2f-45e2-8378-8ae2c9ecd9f7",
                  "title": "Delivery charges",
                  "@ondc/org/title_type": "delivery",
                  "price": {
                     "currency": "INR",
                     "value": "40"
                  }
               },
               {
                  "@ondc/org/item_id": "eae0ba1b-0d2f-45e2-8378-8ae2c9ecd9f7",
                  "title": "Convenience Fee",
                  "@ondc/org/title_type": "misc",
                  "price": {
                     "currency": "INR",
                     "value": "40"
                  }
               }
            ],
            "ttl": "PT6H"
         },
         "provider": {
            "id": "pramaan_provider_1",
            "locations": [
               {
                  "id": "SSL1"
               }
            ]
         }
      }
   },
   "error": {
      "type": "DOMAIN-ERROR",
      "code": "40002",
      "message": "[{\"item_id\":\"id_13owvn_0_0\",\"error\":\"40002\"}]"
   }
}


{
   "context": {
      "domain": "ONDC:RET10",
      "city": "std:080",
      "country": "IND",
      "action": "on_select",
      "core_version": "1.2.0",
      "bap_id": "preprod.eazehub.com",
      "bap_uri": "https://preprod.eazehub.com",
      "bpp_id": "pramaan.ondc.org/beta/preprod/mock/seller",
      "bpp_uri": "https://pramaan.ondc.org/beta/preprod/mock/seller",
      "transaction_id": "6743763566792065",
      "message_id": "MSGba6314a0-e7ae-48d0-80dd-183701af04f4",
      "timestamp": "2025-02-13T11:25:24.941Z",
      "ttl": "PT30S"
   },
   "message": {
      "order": {
         "fulfillments": [
            {
               "id": "d82d75cb-7213-4fdb-9c6b-68f8538a6cae",
               "type": "Delivery",
               "@ondc/org/provider_name": "Pramaan Store 1",
               "tracking": true,
               "@ondc/org/category": "Standard Delivery",
               "@ondc/org/TAT": "PT24H",
               "state": {
                  "descriptor": {
                     "code": "Serviceable"
                  }
               }
            },
            {
               "id": "f10bd1bb-3792-4857-82a1-b1cd4232d85d",
               "type": "Self-Pickup",
               "@ondc/org/provider_name": "",
               "tracking": false,
               "@ondc/org/category": "Takeaway",
               "@ondc/org/TAT": "PT24H",
               "state": {
                  "descriptor": {
                     "code": "Serviceable"
                  }
               }
            }
         ],
         "items": [
            {
               "id": "id_13owvn_0_0",
               "quantity": {
                  "count": 201
               },
               "location_id": "SSL1",
               "fulfillment_id": "d82d75cb-7213-4fdb-9c6b-68f8538a6cae"
            }
         ],
         "quote": {
            "price": {
               "currency": "INR",
               "value": "80.00"
            },
            "breakup": [
               {
                  "@ondc/org/item_id": "id_13owvn_0_0",
                  "title": "Plain Atta",
                  "@ondc/org/item_quantity": {
                     "count": 0
                  },
                  "@ondc/org/title_type": "item",
                  "price": {
                     "currency": "INR",
                     "value": "0.00"
                  },
                  "item": {
                     "quantity": {
                        "available": {
                           "count": "99"
                        },
                        "maximum": {
                           "count": "99"
                        }
                     },
                     "price": {
                        "currency": "INR",
                        "value": "65.00"
                     }
                  }
               },
               {
                  "@ondc/org/item_id": "d82d75cb-7213-4fdb-9c6b-68f8538a6cae",
                  "title": "Delivery charges",
                  "@ondc/org/title_type": "delivery",
                  "price": {
                     "currency": "INR",
                     "value": "40"
                  }
               },
               {
                  "@ondc/org/item_id": "d82d75cb-7213-4fdb-9c6b-68f8538a6cae",
                  "title": "Convenience Fee",
                  "@ondc/org/title_type": "misc",
                  "price": {
                     "currency": "INR",
                     "value": "40"
                  }
               }
            ],
            "ttl": "PT6H"
         },
         "provider": {
            "id": "pramaan_provider_1",
            "locations": [
               {
                  "id": "SSL1"
               }
            ]
         }
      }
   },
   "error": {
      "type": "DOMAIN-ERROR",
      "code": "40002",
      "message": "[{\"item_id\":\"id_13owvn_0_0\",\"error\":\"40002\"}]"
   }
}


{
   "context": {
      "domain": "ONDC:RET10",
      "city": "std:080",
      "country": "IND",
      "action": "on_select",
      "core_version": "1.2.0",
      "bap_id": "preprod.eazehub.com",
      "bap_uri": "https://preprod.eazehub.com",
      "bpp_id": "pramaan.ondc.org/beta/preprod/mock/seller",
      "bpp_uri": "https://pramaan.ondc.org/beta/preprod/mock/seller",
      "transaction_id": "6743763566792065",
      "message_id": "MSGb3373fc3-ec3d-40f8-a329-734d95106649",
      "timestamp": "2025-02-13T11:26:05.645Z",
      "ttl": "PT30S"
   },
   "message": {
      "order": {
         "fulfillments": [
            {
               "id": "b43486b4-ba1c-47fe-a07b-6c49b1635057",
               "type": "Delivery",
               "@ondc/org/provider_name": "Pramaan Store 2",
               "tracking": true,
               "@ondc/org/category": "Standard Delivery",
               "@ondc/org/TAT": "PT24H",
               "state": {
                  "descriptor": {
                     "code": "Serviceable"
                  }
               }
            },
            {
               "id": "b22bc0a0-a8e0-43d2-88b9-29c1ea26e571",
               "type": "Self-Pickup",
               "@ondc/org/provider_name": "",
               "tracking": false,
               "@ondc/org/category": "Takeaway",
               "@ondc/org/TAT": "PT24H",
               "state": {
                  "descriptor": {
                     "code": "Serviceable"
                  }
               }
            }
         ],
         "items": [
            {
               "id": "id_5yzai_3_1",
               "quantity": {
                  "count": 62
               },
               "location_id": "SSL2",
               "fulfillment_id": "b43486b4-ba1c-47fe-a07b-6c49b1635057"
            }
         ],
         "quote": {
            "price": {
               "currency": "INR",
               "value": "80.00"
            },
            "breakup": [
               {
                  "@ondc/org/item_id": "id_5yzai_3_1",
                  "title": "Arhar Dal",
                  "@ondc/org/item_quantity": {
                     "count": 0
                  },
                  "@ondc/org/title_type": "item",
                  "price": {
                     "currency": "INR",
                     "value": "0.00"
                  },
                  "item": {
                     "quantity": {
                        "available": {
                           "count": "99"
                        },
                        "maximum": {
                           "count": "99"
                        }
                     },
                     "price": {
                        "currency": "INR",
                        "value": "149.00"
                     }
                  }
               },
               {
                  "@ondc/org/item_id": "b43486b4-ba1c-47fe-a07b-6c49b1635057",
                  "title": "Delivery charges",
                  "@ondc/org/title_type": "delivery",
                  "price": {
                     "currency": "INR",
                     "value": "40"
                  }
               },
               {
                  "@ondc/org/item_id": "b43486b4-ba1c-47fe-a07b-6c49b1635057",
                  "title": "Convenience Fee",
                  "@ondc/org/title_type": "misc",
                  "price": {
                     "currency": "INR",
                     "value": "40"
                  }
               }
            ],
            "ttl": "PT6H"
         },
         "provider": {
            "id": "pramaan_provider_2",
            "locations": [
               {
                  "id": "SSL2"
               }
            ]
         }
      }
   },
   "error": {
      "type": "DOMAIN-ERROR",
      "code": "40002",
      "message": "[{\"item_id\":\"id_5yzai_3_1\",\"error\":\"40002\"}]"
   }
}


{
   "context": {
      "domain": "ONDC:RET10",
      "city": "std:080",
      "country": "IND",
      "action": "on_select",
      "core_version": "1.2.0",
      "bap_id": "preprod.eazehub.com",
      "bap_uri": "https://preprod.eazehub.com",
      "bpp_id": "pramaan.ondc.org/beta/preprod/mock/seller",
      "bpp_uri": "https://pramaan.ondc.org/beta/preprod/mock/seller",
      "transaction_id": "6743763566792065",
      "message_id": "MSG95c9d03a-6f3c-42df-908a-29885999db09",
      "timestamp": "2025-02-13T11:26:23.520Z",
      "ttl": "PT30S"
   },
   "message": {
      "order": {
         "fulfillments": [
            {
               "id": "dce83133-fd04-41ed-b1e4-02257b476a68",
               "type": "Delivery",
               "@ondc/org/provider_name": "Pramaan Store 2",
               "tracking": true,
               "@ondc/org/category": "Standard Delivery",
               "@ondc/org/TAT": "PT24H",
               "state": {
                  "descriptor": {
                     "code": "Serviceable"
                  }
               }
            },
            {
               "id": "d3abef19-d553-4c1c-ad49-c3659b74618d",
               "type": "Self-Pickup",
               "@ondc/org/provider_name": "",
               "tracking": false,
               "@ondc/org/category": "Takeaway",
               "@ondc/org/TAT": "PT24H",
               "state": {
                  "descriptor": {
                     "code": "Serviceable"
                  }
               }
            }
         ],
         "items": [
            {
               "id": "id_5yzai_3_1",
               "quantity": {
                  "count": 123
               },
               "location_id": "SSL2",
               "fulfillment_id": "dce83133-fd04-41ed-b1e4-02257b476a68"
            }
         ],
         "quote": {
            "price": {
               "currency": "INR",
               "value": "80.00"
            },
            "breakup": [
               {
                  "@ondc/org/item_id": "id_5yzai_3_1",
                  "title": "Arhar Dal",
                  "@ondc/org/item_quantity": {
                     "count": 0
                  },
                  "@ondc/org/title_type": "item",
                  "price": {
                     "currency": "INR",
                     "value": "0.00"
                  },
                  "item": {
                     "quantity": {
                        "available": {
                           "count": "99"
                        },
                        "maximum": {
                           "count": "99"
                        }
                     },
                     "price": {
                        "currency": "INR",
                        "value": "149.00"
                     }
                  }
               },
               {
                  "@ondc/org/item_id": "dce83133-fd04-41ed-b1e4-02257b476a68",
                  "title": "Delivery charges",
                  "@ondc/org/title_type": "delivery",
                  "price": {
                     "currency": "INR",
                     "value": "40"
                  }
               },
               {
                  "@ondc/org/item_id": "dce83133-fd04-41ed-b1e4-02257b476a68",
                  "title": "Convenience Fee",
                  "@ondc/org/title_type": "misc",
                  "price": {
                     "currency": "INR",
                     "value": "40"
                  }
               }
            ],
            "ttl": "PT6H"
         },
         "provider": {
            "id": "pramaan_provider_2",
            "locations": [
               {
                  "id": "SSL2"
               }
            ]
         }
      }
   },
   "error": {
      "type": "DOMAIN-ERROR",
      "code": "40002",
      "message": "[{\"item_id\":\"id_5yzai_3_1\",\"error\":\"40002\"}]"
   }
}


{
   "context": {
      "domain": "ONDC:RET10",
      "city": "std:080",
      "country": "IND",
      "action": "on_select",
      "core_version": "1.2.0",
      "bap_id": "preprod.eazehub.com",
      "bap_uri": "https://preprod.eazehub.com",
      "bpp_id": "pramaan.ondc.org/beta/preprod/mock/seller",
      "bpp_uri": "https://pramaan.ondc.org/beta/preprod/mock/seller",
      "transaction_id": "6743763566792065",
      "message_id": "MSGf6316159-5886-4386-a747-c1c539e4ae35",
      "timestamp": "2025-02-13T11:26:30.324Z",
      "ttl": "PT30S"
   },
   "message": {
      "order": {
         "fulfillments": [
            {
               "id": "0a8fc840-f6de-4086-ada2-7cb862fcedf3",
               "type": "Delivery",
               "@ondc/org/provider_name": "Pramaan Store 2",
               "tracking": true,
               "@ondc/org/category": "Standard Delivery",
               "@ondc/org/TAT": "PT24H",
               "state": {
                  "descriptor": {
                     "code": "Serviceable"
                  }
               }
            },
            {
               "id": "c28bb2f0-268f-4b46-97e0-06da9c091fad",
               "type": "Self-Pickup",
               "@ondc/org/provider_name": "",
               "tracking": false,
               "@ondc/org/category": "Takeaway",
               "@ondc/org/TAT": "PT24H",
               "state": {
                  "descriptor": {
                     "code": "Serviceable"
                  }
               }
            }
         ],
         "items": [
            {
               "id": "id_5yzai_3_1",
               "quantity": {
                  "count": 61
               },
               "location_id": "SSL2",
               "fulfillment_id": "0a8fc840-f6de-4086-ada2-7cb862fcedf3"
            }
         ],
         "quote": {
            "price": {
               "currency": "INR",
               "value": "80.00"
            },
            "breakup": [
               {
                  "@ondc/org/item_id": "id_5yzai_3_1",
                  "title": "Arhar Dal",
                  "@ondc/org/item_quantity": {
                     "count": 0
                  },
                  "@ondc/org/title_type": "item",
                  "price": {
                     "currency": "INR",
                     "value": "0.00"
                  },
                  "item": {
                     "quantity": {
                        "available": {
                           "count": "99"
                        },
                        "maximum": {
                           "count": "99"
                        }
                     },
                     "price": {
                        "currency": "INR",
                        "value": "149.00"
                     }
                  }
               },
               {
                  "@ondc/org/item_id": "0a8fc840-f6de-4086-ada2-7cb862fcedf3",
                  "title": "Delivery charges",
                  "@ondc/org/title_type": "delivery",
                  "price": {
                     "currency": "INR",
                     "value": "40"
                  }
               },
               {
                  "@ondc/org/item_id": "0a8fc840-f6de-4086-ada2-7cb862fcedf3",
                  "title": "Convenience Fee",
                  "@ondc/org/title_type": "misc",
                  "price": {
                     "currency": "INR",
                     "value": "40"
                  }
               }
            ],
            "ttl": "PT6H"
         },
         "provider": {
            "id": "pramaan_provider_2",
            "locations": [
               {
                  "id": "SSL2"
               }
            ]
         }
      }
   },
   "error": {
      "type": "DOMAIN-ERROR",
      "code": "40002",
      "message": "[{\"item_id\":\"id_5yzai_3_1\",\"error\":\"40002\"}]"
   }
}


{
   "context": {
      "domain": "ONDC:RET10",
      "city": "std:080",
      "country": "IND",
      "action": "on_select",
      "core_version": "1.2.0",
      "bap_id": "preprod.eazehub.com",
      "bap_uri": "https://preprod.eazehub.com",
      "bpp_id": "pramaan.ondc.org/beta/preprod/mock/seller",
      "bpp_uri": "https://pramaan.ondc.org/beta/preprod/mock/seller",
      "transaction_id": "6743763566792065",
      "message_id": "MSG9b144140-3401-40e2-8d0c-a95557db2a72",
      "timestamp": "2025-02-13T11:26:30.301Z",
      "ttl": "PT30S"
   },
   "message": {
      "order": {
         "fulfillments": [
            {
               "id": "f758e567-6e47-479b-bf77-5f956b7faeaa",
               "type": "Delivery",
               "@ondc/org/provider_name": "Pramaan Store 1",
               "tracking": true,
               "@ondc/org/category": "Standard Delivery",
               "@ondc/org/TAT": "PT24H",
               "state": {
                  "descriptor": {
                     "code": "Serviceable"
                  }
               }
            },
            {
               "id": "4cccc154-76aa-4e69-91e1-fafe4bc24ed0",
               "type": "Self-Pickup",
               "@ondc/org/provider_name": "",
               "tracking": false,
               "@ondc/org/category": "Takeaway",
               "@ondc/org/TAT": "PT24H",
               "state": {
                  "descriptor": {
                     "code": "Serviceable"
                  }
               }
            }
         ],
         "items": [
            {
               "id": "id_13owvn_0_0",
               "quantity": {
                  "count": 200
               },
               "location_id": "SSL1",
               "fulfillment_id": "f758e567-6e47-479b-bf77-5f956b7faeaa"
            }
         ],
         "quote": {
            "price": {
               "currency": "INR",
               "value": "80.00"
            },
            "breakup": [
               {
                  "@ondc/org/item_id": "id_13owvn_0_0",
                  "title": "Plain Atta",
                  "@ondc/org/item_quantity": {
                     "count": 0
                  },
                  "@ondc/org/title_type": "item",
                  "price": {
                     "currency": "INR",
                     "value": "0.00"
                  },
                  "item": {
                     "quantity": {
                        "available": {
                           "count": "99"
                        },
                        "maximum": {
                           "count": "99"
                        }
                     },
                     "price": {
                        "currency": "INR",
                        "value": "65.00"
                     }
                  }
               },
               {
                  "@ondc/org/item_id": "f758e567-6e47-479b-bf77-5f956b7faeaa",
                  "title": "Delivery charges",
                  "@ondc/org/title_type": "delivery",
                  "price": {
                     "currency": "INR",
                     "value": "40"
                  }
               },
               {
                  "@ondc/org/item_id": "f758e567-6e47-479b-bf77-5f956b7faeaa",
                  "title": "Convenience Fee",
                  "@ondc/org/title_type": "misc",
                  "price": {
                     "currency": "INR",
                     "value": "40"
                  }
               }
            ],
            "ttl": "PT6H"
         },
         "provider": {
            "id": "pramaan_provider_1",
            "locations": [
               {
                  "id": "SSL1"
               }
            ]
         }
      }
   },
   "error": {
      "type": "DOMAIN-ERROR",
      "code": "40002",
      "message": "[{\"item_id\":\"id_13owvn_0_0\",\"error\":\"40002\"}]"
   }
}


