{
   "context": {
      "domain": "ONDC:RET10",
      "city": "std:080",
      "country": "IND",
      "action": "select",
      "core_version": "1.2.0",
      "bap_id": "preprod.eazehub.com",
      "bap_uri": "https://preprod.eazehub.com",
      "bpp_id": "pramaan.ondc.org/beta/preprod/mock/seller",
      "bpp_uri": "https://pramaan.ondc.org/beta/preprod/mock/seller",
      "transaction_id": "6743763566792065",
      "message_id": "MSGcb75ffea-d0dd-4fdc-b01b-9f3322055008",
      "timestamp": "2025-02-13T11:20:47.122Z",
      "ttl": "PT30S"
   },
   "message": {
      "order": {
         "provider": {
            "id": "pramaan_provider_1",
            "locations": [
               {
                  "id": "SSL1"
               }
            ]
         },
         "items": [
            {
               "id": "id_13owvn_0_0",
               "location_id": "SSL1",
               "quantity": {
                  "count": 1
               }
            }
         ],
         "fulfillments": [
            {
               "end": {
                  "location": {
                     "gps": "17.387140,78.491684",
                     "address": {
                        "area_code": "110030"
                     }
                  }
               }
            }
         ]
      }
   }
}


{
   "context": {
      "domain": "ONDC:RET10",
      "city": "std:080",
      "country": "IND",
      "action": "select",
      "core_version": "1.2.0",
      "bap_id": "preprod.eazehub.com",
      "bap_uri": "https://preprod.eazehub.com",
      "bpp_id": "pramaan.ondc.org/beta/preprod/mock/seller",
      "bpp_uri": "https://pramaan.ondc.org/beta/preprod/mock/seller",
      "transaction_id": "6743763566792065",
      "message_id": "MSG52a5eac6-87d3-48bd-a2df-feb1faa319b9",
      "timestamp": "2025-02-13T11:22:03.627Z",
      "ttl": "PT30S"
   },
   "message": {
      "order": {
         "provider": {
            "id": "pramaan_provider_1",
            "locations": [
               {
                  "id": "SSL1"
               }
            ]
         },
         "items": [
            {
               "id": "id_13owvn_0_0",
               "location_id": "SSL1",
               "quantity": {
                  "count": 100
               }
            }
         ],
         "fulfillments": [
            {
               "end": {
                  "location": {
                     "gps": "17.387140,78.491684",
                     "address": {
                        "area_code": "110030"
                     }
                  }
               }
            }
         ]
      }
   }
}


{
   "context": {
      "domain": "ONDC:RET10",
      "city": "std:080",
      "country": "IND",
      "action": "select",
      "core_version": "1.2.0",
      "bap_id": "preprod.eazehub.com",
      "bap_uri": "https://preprod.eazehub.com",
      "bpp_id": "pramaan.ondc.org/beta/preprod/mock/seller",
      "bpp_uri": "https://pramaan.ondc.org/beta/preprod/mock/seller",
      "transaction_id": "6743763566792065",
      "message_id": "MSG069c1de8-0f5a-4c1c-ae11-91899e708e0f",
      "timestamp": "2025-02-13T11:22:44.508Z",
      "ttl": "PT30S"
   },
   "message": {
      "order": {
         "provider": {
            "id": "pramaan_provider_1",
            "locations": [
               {
                  "id": "SSL1"
               }
            ]
         },
         "items": [
            {
               "id": "id_13owvn_0_0",
               "location_id": "SSL1",
               "quantity": {
                  "count": 101
               }
            }
         ],
         "fulfillments": [
            {
               "end": {
                  "location": {
                     "gps": "17.387140,78.491684",
                     "address": {
                        "area_code": "110030"
                     }
                  }
               }
            }
         ]
      }
   }
}


{
   "context": {
      "domain": "ONDC:RET10",
      "city": "std:080",
      "country": "IND",
      "action": "select",
      "core_version": "1.2.0",
      "bap_id": "preprod.eazehub.com",
      "bap_uri": "https://preprod.eazehub.com",
      "bpp_id": "pramaan.ondc.org/beta/preprod/mock/seller",
      "bpp_uri": "https://pramaan.ondc.org/beta/preprod/mock/seller",
      "transaction_id": "6743763566792065",
      "message_id": "MSGba6314a0-e7ae-48d0-80dd-183701af04f4",
      "timestamp": "2025-02-13T11:25:24.604Z",
      "ttl": "PT30S"
   },
   "message": {
      "order": {
         "provider": {
            "id": "pramaan_provider_1",
            "locations": [
               {
                  "id": "SSL1"
               }
            ]
         },
         "items": [
            {
               "id": "id_13owvn_0_0",
               "location_id": "SSL1",
               "quantity": {
                  "count": 201
               }
            }
         ],
         "fulfillments": [
            {
               "end": {
                  "location": {
                     "gps": "17.387140,78.491684",
                     "address": {
                        "area_code": "110030"
                     }
                  }
               }
            }
         ]
      }
   }
}


{
   "context": {
      "domain": "ONDC:RET10",
      "city": "std:080",
      "country": "IND",
      "action": "select",
      "core_version": "1.2.0",
      "bap_id": "preprod.eazehub.com",
      "bap_uri": "https://preprod.eazehub.com",
      "bpp_id": "pramaan.ondc.org/beta/preprod/mock/seller",
      "bpp_uri": "https://pramaan.ondc.org/beta/preprod/mock/seller",
      "transaction_id": "6743763566792065",
      "message_id": "MSGb3373fc3-ec3d-40f8-a329-734d95106649",
      "timestamp": "2025-02-13T11:26:05.393Z",
      "ttl": "PT30S"
   },
   "message": {
      "order": {
         "provider": {
            "id": "pramaan_provider_2",
            "locations": [
               {
                  "id": "SSL2"
               }
            ]
         },
         "items": [
            {
               "id": "id_5yzai_3_1",
               "location_id": "SSL2",
               "quantity": {
                  "count": 62
               }
            }
         ],
         "fulfillments": [
            {
               "end": {
                  "location": {
                     "gps": "17.387140,78.491684",
                     "address": {
                        "area_code": "110030"
                     }
                  }
               }
            }
         ]
      }
   }
}


{
   "context": {
      "domain": "ONDC:RET10",
      "city": "std:080",
      "country": "IND",
      "action": "select",
      "core_version": "1.2.0",
      "bap_id": "preprod.eazehub.com",
      "bap_uri": "https://preprod.eazehub.com",
      "bpp_id": "pramaan.ondc.org/beta/preprod/mock/seller",
      "bpp_uri": "https://pramaan.ondc.org/beta/preprod/mock/seller",
      "transaction_id": "6743763566792065",
      "message_id": "MSG95c9d03a-6f3c-42df-908a-29885999db09",
      "timestamp": "2025-02-13T11:26:23.283Z",
      "ttl": "PT30S"
   },
   "message": {
      "order": {
         "provider": {
            "id": "pramaan_provider_2",
            "locations": [
               {
                  "id": "SSL2"
               }
            ]
         },
         "items": [
            {
               "id": "id_5yzai_3_1",
               "location_id": "SSL2",
               "quantity": {
                  "count": 123
               }
            }
         ],
         "fulfillments": [
            {
               "end": {
                  "location": {
                     "gps": "17.387140,78.491684",
                     "address": {
                        "area_code": "110030"
                     }
                  }
               }
            }
         ]
      }
   }
}


{
   "context": {
      "domain": "ONDC:RET10",
      "city": "std:080",
      "country": "IND",
      "action": "select",
      "core_version": "1.2.0",
      "bap_id": "preprod.eazehub.com",
      "bap_uri": "https://preprod.eazehub.com",
      "bpp_id": "pramaan.ondc.org/beta/preprod/mock/seller",
      "bpp_uri": "https://pramaan.ondc.org/beta/preprod/mock/seller",
      "transaction_id": "6743763566792065",
      "message_id": "MSG9b144140-3401-40e2-8d0c-a95557db2a72",
      "timestamp": "2025-02-13T11:26:29.992Z",
      "ttl": "PT30S"
   },
   "message": {
      "order": {
         "provider": {
            "id": "pramaan_provider_1",
            "locations": [
               {
                  "id": "SSL1"
               }
            ]
         },
         "items": [
            {
               "id": "id_13owvn_0_0",
               "location_id": "SSL1",
               "quantity": {
                  "count": 200
               }
            }
         ],
         "fulfillments": [
            {
               "end": {
                  "location": {
                     "gps": "17.387140,78.491684",
                     "address": {
                        "area_code": "110030"
                     }
                  }
               }
            }
         ]
      }
   }
}


{
   "context": {
      "domain": "ONDC:RET10",
      "city": "std:080",
      "country": "IND",
      "action": "select",
      "core_version": "1.2.0",
      "bap_id": "preprod.eazehub.com",
      "bap_uri": "https://preprod.eazehub.com",
      "bpp_id": "pramaan.ondc.org/beta/preprod/mock/seller",
      "bpp_uri": "https://pramaan.ondc.org/beta/preprod/mock/seller",
      "transaction_id": "6743763566792065",
      "message_id": "MSGf6316159-5886-4386-a747-c1c539e4ae35",
      "timestamp": "2025-02-13T11:26:29.992Z",
      "ttl": "PT30S"
   },
   "message": {
      "order": {
         "provider": {
            "id": "pramaan_provider_2",
            "locations": [
               {
                  "id": "SSL2"
               }
            ]
         },
         "items": [
            {
               "id": "id_5yzai_3_1",
               "location_id": "SSL2",
               "quantity": {
                  "count": 61
               }
            }
         ],
         "fulfillments": [
            {
               "end": {
                  "location": {
                     "gps": "17.387140,78.491684",
                     "address": {
                        "area_code": "110030"
                     }
                  }
               }
            }
         ]
      }
   }
}


