{
   "context": {
      "domain": "ONDC:RET10",
      "city": "std:080",
      "country": "IND",
      "action": "cancel",
      "core_version": "1.2.0",
      "bap_id": "preprod.eazehub.com",
      "bap_uri": "https://preprod.eazehub.com",
      "bpp_id": "pramaan.ondc.org/beta/preprod/mock/seller",
      "bpp_uri": "https://pramaan.ondc.org/beta/preprod/mock/seller",
      "transaction_id": "6739732628291445",
      "message_id": "MSGb72412c6-4225-4eac-a45a-250a854818d8",
      "timestamp": "2025-02-13T10:15:36.740Z",
      "ttl": "PT30S"
   },
   "message": {
      "order_id": "1000440-1",
      "cancellation_reason_id": "010"
   }
}


