{
   "context": {
      "domain": "ONDC:RET10",
      "city": "std:080",
      "country": "IND",
      "action": "on_cancel",
      "core_version": "1.2.0",
      "bap_id": "preprod.eazehub.com",
      "bap_uri": "https://preprod.eazehub.com",
      "bpp_id": "pramaan.ondc.org/beta/preprod/mock/seller",
      "bpp_uri": "https://pramaan.ondc.org/beta/preprod/mock/seller",
      "transaction_id": "6739732628291445",
      "message_id": "MSGb72412c6-4225-4eac-a45a-250a854818d8",
      "timestamp": "2025-02-13T10:15:37.774Z",
      "ttl": "PT30S"
   },
   "message": {
      "order": {
         "id": "1000440-1",
         "state": "Cancelled",
         "provider": {
            "id": "pramaan_provider_1",
            "locations": [
               {
                  "id": "SSL1"
               }
            ]
         },
         "items": [
            {
               "id": "id_13owvn_0_0",
               "quantity": {
                  "count": 0
               },
               "location_id": "SSL1",
               "fulfillment_id": "841f4d3a-13a8-41f7-8e2a-83509c19539d"
            },
            {
               "quantity": {
                  "count": 1
               },
               "id": "id_13owvn_0_0",
               "fulfillment_id": "12c5c261-ecce-4d00-ba7e-95aa01ffd9fe"
            }
         ],
         "billing": {
            "name": "Golla PrakashKumar",
            "address": {
               "name": "Golla PrakashKumar",
               "building": "A Block Ground Floor",
               "locality": "Opteamix Technology Solutions LLP 42 27th Cross Road Banashankari Stage II Banashankari",
               "city": "Bengaluru",
               "state": "Karnataka",
               "country": "India",
               "area_code": "560070"
            },
            "tax_number": "",
            "email": "pgolla@opteamix.com",
            "phone": "9164215281",
            "created_at": "2025-02-13T10:14:33.012Z",
            "updated_at": "2025-02-13T10:14:33.012Z"
         },
         "payment": {
            "status": "PAID",
            "collected_by": "BAP",
            "@ondc/org/settlement_details": [
               {
                  "bank_name": "AXIS BANK LTD ",
                  "branch_name": "NAVI MUMBAI",
                  "upi_address": "",
                  "settlement_type": "neft",
                  "beneficiary_name": "SEQUELSTRING AI",
                  "settlement_phase": "sale-amount",
                  "settlement_status": "NOT-PAID",
                  "settlement_ifsc_code": "AXIS123456",
                  "settlement_counterparty": "seller-app",
                  "settlement_bank_account_no": "9876543210012"
               }
            ],
            "@ondc/org/buyer_app_finder_fee_type": "percent",
            "@ondc/org/buyer_app_finder_fee_amount": "3",
            "type": "ON-ORDER",
            "params": {
               "amount": "145.00",
               "transaction_id": "6739732628291445",
               "currency": "INR"
            }
         },
         "fulfillments": [
            {
               "id": "841f4d3a-13a8-41f7-8e2a-83509c19539d",
               "@ondc/org/provider_name": "Pramaan Store 1",
               "@ondc/org/category": "Standard Delivery",
               "@ondc/org/TAT": "PT24H",
               "state": {
                  "descriptor": {
                     "code": "Cancelled"
                  }
               },
               "type": "Delivery",
               "tracking": true,
               "start": {
                  "location": {
                     "id": "SSL1",
                     "gps": "28.527300, 77.182100",
                     "descriptor": {
                        "name": "Pramaan Store 1",
                        "images": [
                           "https://ondc.org/assets/theme/images/ondc_registered_logo.svg?v=399788fda7"
                        ]
                     },
                     "address": {
                        "locality": "N. Caldwell",
                        "city": "N. Caldwell",
                        "area_code": "110030",
                        "state": "New Delhi"
                     }
                  },
                  "time": {
                     "range": {
                        "start": "2025-02-13T10:14:52.160Z",
                        "end": "2025-02-13T23:00:00.000Z"
                     }
                  },
                  "contact": {
                     "phone": "9876543210",
                     "email": "ss_seller_1@ss.com"
                  }
               },
               "end": {
                  "contact": {
                     "phone": "9164215281",
                     "email": "pgolla@opteamix.com"
                  },
                  "location": {
                     "gps": "17.387140,78.491684",
                     "address": {
                        "city": "Bengaluru",
                        "name": "Opteamix Technology Solutions LLP 42 27th Cross Road Banashankari Stage II Banashankari",
                        "state": "Karnataka",
                        "country": "India",
                        "building": "A Block Ground Floor",
                        "locality": "Opteamix Technology Solutions LLP 42 27th Cross Road Banashankari Stage II Banashankari",
                        "area_code": "560070"
                     }
                  },
                  "person": {
                     "name": "Golla"
                  },
                  "time": {
                     "range": {
                        "start": "2025-02-14T09:30:00.000Z",
                        "end": "2025-02-14T19:00:00.000Z"
                     }
                  }
               },
               "tags": [
                  {
                     "code": "cancel_request",
                     "list": [
                        {
                           "code": "reason_id",
                           "value": "010"
                        },
                        {
                           "code": "initiated_by",
                           "value": "https://preprod.eazehub.com"
                        }
                     ]
                  },
                  {
                     "code": "precancel_state",
                     "list": [
                        {
                           "code": "fulfillment_state",
                           "value": "Pending"
                        },
                        {
                           "code": "updated_at",
                           "value": "2025-02-13T10:15:37.027Z"
                        }
                     ]
                  }
               ]
            },
            {
               "id": "12c5c261-ecce-4d00-ba7e-95aa01ffd9fe",
               "type": "Cancel",
               "state": {
                  "descriptor": {
                     "code": "Cancelled"
                  }
               },
               "tags": [
                  {
                     "code": "quote_trail",
                     "list": [
                        {
                           "code": "type",
                           "value": "item"
                        },
                        {
                           "code": "id",
                           "value": "id_13owvn_0_0"
                        },
                        {
                           "code": "currency",
                           "value": "INR"
                        },
                        {
                           "code": "value",
                           "value": "-65.00"
                        }
                     ]
                  },
                  {
                     "code": "quote_trail",
                     "list": [
                        {
                           "code": "type",
                           "value": "delivery"
                        },
                        {
                           "code": "id",
                           "value": "841f4d3a-13a8-41f7-8e2a-83509c19539d"
                        },
                        {
                           "code": "currency",
                           "value": "INR"
                        },
                        {
                           "code": "value",
                           "value": "-40"
                        }
                     ]
                  },
                  {
                     "code": "quote_trail",
                     "list": [
                        {
                           "code": "type",
                           "value": "misc"
                        },
                        {
                           "code": "id",
                           "value": "841f4d3a-13a8-41f7-8e2a-83509c19539d"
                        },
                        {
                           "code": "currency",
                           "value": "INR"
                        },
                        {
                           "code": "value",
                           "value": "-40"
                        }
                     ]
                  }
               ]
            }
         ],
         "cancellation": {
            "cancelled_by": "https://preprod.eazehub.com",
            "reason": {
               "id": "010"
            }
         },
         "quote": {
            "price": {
               "currency": "INR",
               "value": "0.00"
            },
            "breakup": [
               {
                  "@ondc/org/item_id": "id_13owvn_0_0",
                  "title": "Plain Atta",
                  "@ondc/org/item_quantity": {
                     "count": 0
                  },
                  "@ondc/org/title_type": "item",
                  "price": {
                     "currency": "INR",
                     "value": "0"
                  },
                  "item": {
                     "quantity": {
                        "available": {
                           "count": "99"
                        },
                        "maximum": {
                           "count": "99"
                        }
                     },
                     "price": {
                        "currency": "INR",
                        "value": "65.00"
                     }
                  }
               },
               {
                  "@ondc/org/item_id": "841f4d3a-13a8-41f7-8e2a-83509c19539d",
                  "title": "Delivery charges",
                  "@ondc/org/title_type": "delivery",
                  "price": {
                     "currency": "INR",
                     "value": "0"
                  }
               },
               {
                  "@ondc/org/item_id": "841f4d3a-13a8-41f7-8e2a-83509c19539d",
                  "title": "Convenience Fee",
                  "@ondc/org/title_type": "misc",
                  "price": {
                     "currency": "INR",
                     "value": "0"
                  }
               }
            ],
            "ttl": "PT6H"
         },
         "created_at": "2025-02-13T10:14:51.855Z",
         "updated_at": "2025-02-13T10:15:37.027Z"
      }
   }
}


