{
   "context": {
      "domain": "ONDC:RET10",
      "city": "std:080",
      "country": "IND",
      "action": "on_select",
      "core_version": "1.2.0",
      "bap_id": "preprod.eazehub.com",
      "bap_uri": "https://preprod.eazehub.com",
      "bpp_id": "pramaan.ondc.org/beta/preprod/mock/seller",
      "bpp_uri": "https://pramaan.ondc.org/beta/preprod/mock/seller",
      "transaction_id": "6739732628291445",
      "message_id": "MSGddfa85b0-d525-4b4d-84fe-9a73852645df",
      "timestamp": "2025-02-13T10:13:19.705Z",
      "ttl": "PT30S"
   },
   "message": {
      "order": {
         "fulfillments": [
            {
               "id": "841f4d3a-13a8-41f7-8e2a-83509c19539d",
               "type": "Delivery",
               "@ondc/org/provider_name": "Pramaan Store 1",
               "tracking": true,
               "@ondc/org/category": "Standard Delivery",
               "@ondc/org/TAT": "PT24H",
               "state": {
                  "descriptor": {
                     "code": "Serviceable"
                  }
               }
            },
            {
               "id": "5b650d7e-154f-49b2-9614-34dc223ce2b1",
               "type": "Self-Pickup",
               "@ondc/org/provider_name": "",
               "tracking": false,
               "@ondc/org/category": "Takeaway",
               "@ondc/org/TAT": "PT24H",
               "state": {
                  "descriptor": {
                     "code": "Serviceable"
                  }
               }
            }
         ],
         "items": [
            {
               "id": "id_13owvn_0_0",
               "quantity": {
                  "count": 1
               },
               "location_id": "SSL1",
               "fulfillment_id": "841f4d3a-13a8-41f7-8e2a-83509c19539d"
            }
         ],
         "quote": {
            "price": {
               "currency": "INR",
               "value": "145.00"
            },
            "breakup": [
               {
                  "@ondc/org/item_id": "id_13owvn_0_0",
                  "title": "Plain Atta",
                  "@ondc/org/item_quantity": {
                     "count": 1
                  },
                  "@ondc/org/title_type": "item",
                  "price": {
                     "currency": "INR",
                     "value": "65.00"
                  },
                  "item": {
                     "quantity": {
                        "available": {
                           "count": "99"
                        },
                        "maximum": {
                           "count": "99"
                        }
                     },
                     "price": {
                        "currency": "INR",
                        "value": "65.00"
                     }
                  }
               },
               {
                  "@ondc/org/item_id": "841f4d3a-13a8-41f7-8e2a-83509c19539d",
                  "title": "Delivery charges",
                  "@ondc/org/title_type": "delivery",
                  "price": {
                     "currency": "INR",
                     "value": "40"
                  }
               },
               {
                  "@ondc/org/item_id": "841f4d3a-13a8-41f7-8e2a-83509c19539d",
                  "title": "Convenience Fee",
                  "@ondc/org/title_type": "misc",
                  "price": {
                     "currency": "INR",
                     "value": "40"
                  }
               }
            ],
            "ttl": "PT6H"
         },
         "provider": {
            "id": "pramaan_provider_1",
            "locations": [
               {
                  "id": "SSL1"
               }
            ]
         }
      }
   }
}


