{
   "context": {
      "domain": "ONDC:RET10",
      "city": "std:080",
      "country": "IND",
      "action": "status",
      "core_version": "1.2.0",
      "bap_id": "preprod.eazehub.com",
      "bap_uri": "https://preprod.eazehub.com",
      "bpp_id": "pramaan.ondc.org/beta/preprod/mock/seller",
      "bpp_uri": "https://pramaan.ondc.org/beta/preprod/mock/seller",
      "transaction_id": "6739732628291445",
      "message_id": "MSGa39421b1-8fe8-499f-ab95-89beb3602823",
      "timestamp": "2025-02-13T10:14:52.239Z",
      "ttl": "PT30S"
   },
   "message": {
      "order_id": "1000440-1"
   }
}


