{
   "context": {
      "domain": "ONDC:RET10",
      "city": "std:080",
      "country": "IND",
      "action": "confirm",
      "core_version": "1.2.0",
      "bap_id": "preprod.eazehub.com",
      "bap_uri": "https://preprod.eazehub.com",
      "bpp_id": "pramaan.ondc.org/beta/preprod/mock/seller",
      "bpp_uri": "https://pramaan.ondc.org/beta/preprod/mock/seller",
      "transaction_id": "6741288497441680",
      "message_id": "MSGe46661a2-953f-4020-b7e6-72ba97a7ee7a",
      "timestamp": "2025-02-13T10:39:59.563Z",
      "ttl": "PT30S"
   },
   "message": {
      "order": {
         "id": "1000444-1",
         "state": "Created",
         "provider": {
            "id": "pramaan_provider_1",
            "locations": [
               {
                  "id": "SSL1"
               }
            ]
         },
         "items": [
            {
               "id": "id_13owvn_0_0",
               "quantity": {
                  "count": 4
               },
               "fulfillment_id": "08b67df8-8f83-4c06-a408-5435b32dfb89"
            }
         ],
         "fulfillments": [
            {
               "id": "08b67df8-8f83-4c06-a408-5435b32dfb89",
               "end": {
                  "contact": {
                     "phone": "9164215281",
                     "email": "sarvamangala711@gmail.com"
                  },
                  "location": {
                     "gps": "17.387140,78.491684",
                     "address": {
                        "city": "Chennai",
                        "name": "Fusilli Reasons Old Sadasivam Street Pudupet Gopalapuram",
                        "state": "Tamil Nadu",
                        "country": "India",
                        "building": "no. 7",
                        "locality": "Fusilli Reasons Old Sadasivam Street Pudupet Gopalapuram",
                        "area_code": "600086"
                     }
                  },
                  "person": {
                     "name": "madhura"
                  }
               },
               "type": "Delivery",
               "tracking": true,
               "@ondc/org/TAT": "PT24H"
            }
         ],
         "billing": {
            "name": "madhura 2",
            "email": "sarvamangala711@gmail.com",
            "phone": "9164215281",
            "address": {
               "city": "Chennai",
               "name": "madhura 2",
               "state": "Tamil Nadu",
               "country": "India",
               "building": "no. 7",
               "locality": "Fusilli Reasons Old Sadasivam Street Pudupet Gopalapuram",
               "area_code": "600086"
            },
            "created_at": "2025-02-13T10:39:54.250Z",
            "tax_number": "",
            "updated_at": "2025-02-13T10:39:54.250Z"
         },
         "quote": {
            "ttl": "PT6H",
            "price": {
               "value": "340.00",
               "currency": "INR"
            },
            "breakup": [
               {
                  "item": {
                     "price": {
                        "value": "65.00",
                        "currency": "INR"
                     },
                     "quantity": {
                        "maximum": {
                           "count": "99"
                        },
                        "available": {
                           "count": "99"
                        }
                     }
                  },
                  "price": {
                     "value": "260.00",
                     "currency": "INR"
                  },
                  "title": "Plain Atta",
                  "@ondc/org/item_id": "id_13owvn_0_0",
                  "@ondc/org/title_type": "item",
                  "@ondc/org/item_quantity": {
                     "count": 4
                  }
               },
               {
                  "price": {
                     "value": "40",
                     "currency": "INR"
                  },
                  "title": "Delivery charges",
                  "@ondc/org/item_id": "08b67df8-8f83-4c06-a408-5435b32dfb89",
                  "@ondc/org/title_type": "delivery"
               },
               {
                  "price": {
                     "value": "40",
                     "currency": "INR"
                  },
                  "title": "Convenience Fee",
                  "@ondc/org/item_id": "08b67df8-8f83-4c06-a408-5435b32dfb89",
                  "@ondc/org/title_type": "misc"
               }
            ]
         },
         "payment": {
            "status": "PAID",
            "collected_by": "BAP",
            "@ondc/org/settlement_details": [
               {
                  "bank_name": "AXIS BANK LTD ",
                  "branch_name": "NAVI MUMBAI",
                  "upi_address": "",
                  "settlement_type": "neft",
                  "beneficiary_name": "SEQUELSTRING AI",
                  "settlement_phase": "sale-amount",
                  "settlement_status": "NOT-PAID",
                  "settlement_ifsc_code": "AXIS123456",
                  "settlement_counterparty": "seller-app",
                  "settlement_bank_account_no": "9876543210012"
               }
            ],
            "@ondc/org/buyer_app_finder_fee_type": "percent",
            "@ondc/org/buyer_app_finder_fee_amount": "3",
            "type": "ON-ORDER",
            "params": {
               "amount": "340.00",
               "transaction_id": "6741288497441680",
               "currency": "INR"
            }
         },
         "tags": [
            {
               "code": "bpp_terms",
               "list": [
                  {
                     "code": "np_type",
                     "value": "MSN"
                  },
                  {
                     "code": "tax_number",
                     "value": "00ABCDE1234F1Z5"
                  },
                  {
                     "code": "max_liability",
                     "value": "2"
                  },
                  {
                     "code": "max_liability_cap",
                     "value": "10000.00"
                  },
                  {
                     "code": "mandatory_arbitration",
                     "value": "false"
                  },
                  {
                     "code": "court_jurisdiction",
                     "value": "New Delhi"
                  },
                  {
                     "code": "delay_interest",
                     "value": "7.50"
                  },
                  {
                     "code": "provider_tax_number",
                     "value": "ABCDE1234F"
                  }
               ]
            }
         ],
         "created_at": "2025-02-13T10:39:59.563Z",
         "updated_at": "2025-02-13T10:39:59.563Z"
      }
   }
}


