{
   "context": {
      "domain": "ONDC:RET10",
      "city": "std:080",
      "country": "IND",
      "action": "init",
      "core_version": "1.2.0",
      "bap_id": "preprod.eazehub.com",
      "bap_uri": "https://preprod.eazehub.com",
      "bpp_id": "pramaan.ondc.org/beta/preprod/mock/seller",
      "bpp_uri": "https://pramaan.ondc.org/beta/preprod/mock/seller",
      "transaction_id": "6741288497441680",
      "message_id": "MSG9d08700e-6c02-4832-a695-576f72a21697",
      "timestamp": "2025-02-13T10:39:40.276Z",
      "ttl": "PT30S"
   },
   "message": {
      "order": {
         "provider": {
            "id": "pramaan_provider_1",
            "locations": [
               {
                  "id": "SSL1"
               }
            ]
         },
         "items": [
            {
               "id": "id_13owvn_0_0",
               "fulfillment_id": "08b67df8-8f83-4c06-a408-5435b32dfb89",
               "quantity": {
                  "count": 4
               }
            }
         ],
         "billing": {
            "name": "madhura 1",
            "address": {
               "name": "madhura 1",
               "building": "no. 7",
               "locality": "Fusilli Reasons Old Sadasivam Street Pudupet Gopalapuram",
               "city": "Chennai",
               "state": "Tamil Nadu",
               "country": "India",
               "area_code": "600086"
            },
            "tax_number": "",
            "email": "sarvamangala711@gmail.com",
            "phone": "9164215281",
            "created_at": "2025-02-13T10:39:40.276Z",
            "updated_at": "2025-02-13T10:39:40.276Z"
         },
         "fulfillments": [
            {
               "id": "08b67df8-8f83-4c06-a408-5435b32dfb89",
               "type": "Delivery",
               "end": {
                  "location": {
                     "gps": "17.387140,78.491684",
                     "address": {
                        "name": "Fusilli Reasons Old Sadasivam Street Pudupet Gopalapuram",
                        "building": "no. 7",
                        "locality": "Fusilli Reasons Old Sadasivam Street Pudupet Gopalapuram",
                        "city": "Chennai",
                        "state": "Tamil Nadu",
                        "country": "India",
                        "area_code": "600086"
                     }
                  },
                  "contact": {
                     "phone": "9164215281"
                  }
               }
            }
         ]
      }
   }
}


{
   "context": {
      "domain": "ONDC:RET10",
      "city": "std:080",
      "country": "IND",
      "action": "init",
      "core_version": "1.2.0",
      "bap_id": "preprod.eazehub.com",
      "bap_uri": "https://preprod.eazehub.com",
      "bpp_id": "pramaan.ondc.org/beta/preprod/mock/seller",
      "bpp_uri": "https://pramaan.ondc.org/beta/preprod/mock/seller",
      "transaction_id": "6741288497441680",
      "message_id": "MSG33e683de-a5e9-43c1-860b-67830a197de0",
      "timestamp": "2025-02-13T10:39:54.250Z",
      "ttl": "PT30S"
   },
   "message": {
      "order": {
         "provider": {
            "id": "pramaan_provider_1",
            "locations": [
               {
                  "id": "SSL1"
               }
            ]
         },
         "items": [
            {
               "id": "id_13owvn_0_0",
               "fulfillment_id": "08b67df8-8f83-4c06-a408-5435b32dfb89",
               "quantity": {
                  "count": 4
               }
            }
         ],
         "billing": {
            "name": "madhura 2",
            "address": {
               "name": "madhura 2",
               "building": "no. 7",
               "locality": "Fusilli Reasons Old Sadasivam Street Pudupet Gopalapuram",
               "city": "Chennai",
               "state": "Tamil Nadu",
               "country": "India",
               "area_code": "600086"
            },
            "tax_number": "",
            "email": "sarvamangala711@gmail.com",
            "phone": "9164215281",
            "created_at": "2025-02-13T10:39:54.250Z",
            "updated_at": "2025-02-13T10:39:54.250Z"
         },
         "fulfillments": [
            {
               "id": "08b67df8-8f83-4c06-a408-5435b32dfb89",
               "type": "Delivery",
               "end": {
                  "location": {
                     "gps": "17.387140,78.491684",
                     "address": {
                        "name": "Fusilli Reasons Old Sadasivam Street Pudupet Gopalapuram",
                        "building": "no. 7",
                        "locality": "Fusilli Reasons Old Sadasivam Street Pudupet Gopalapuram",
                        "city": "Chennai",
                        "state": "Tamil Nadu",
                        "country": "India",
                        "area_code": "600086"
                     }
                  },
                  "contact": {
                     "phone": "9164215281"
                  }
               }
            }
         ]
      }
   }
}


