{
   "context": {
      "domain": "ONDC:RET10",
      "city": "std:080",
      "country": "IND",
      "action": "on_select",
      "core_version": "1.2.0",
      "bap_id": "preprod.eazehub.com",
      "bap_uri": "https://preprod.eazehub.com",
      "bpp_id": "pramaan.ondc.org/beta/preprod/mock/seller",
      "bpp_uri": "https://pramaan.ondc.org/beta/preprod/mock/seller",
      "transaction_id": "6741288497441680",
      "message_id": "MSG7bf07aa6-29fe-4ab6-94eb-fea1f5831885",
      "timestamp": "2025-02-13T10:39:15.530Z",
      "ttl": "PT30S"
   },
   "message": {
      "order": {
         "fulfillments": [
            {
               "id": "aa3d425c-be56-45a1-a686-799ce05902c0",
               "type": "Delivery",
               "@ondc/org/provider_name": "Pramaan Store 1",
               "tracking": true,
               "@ondc/org/category": "Standard Delivery",
               "@ondc/org/TAT": "PT24H",
               "state": {
                  "descriptor": {
                     "code": "Serviceable"
                  }
               }
            },
            {
               "id": "16d88236-7d3d-49ff-b0f5-66b08700fde9",
               "type": "Self-Pickup",
               "@ondc/org/provider_name": "",
               "tracking": false,
               "@ondc/org/category": "Takeaway",
               "@ondc/org/TAT": "PT24H",
               "state": {
                  "descriptor": {
                     "code": "Serviceable"
                  }
               }
            }
         ],
         "items": [
            {
               "id": "id_13owvn_0_0",
               "quantity": {
                  "count": 1
               },
               "location_id": "SSL1",
               "fulfillment_id": "aa3d425c-be56-45a1-a686-799ce05902c0"
            }
         ],
         "quote": {
            "price": {
               "currency": "INR",
               "value": "145.00"
            },
            "breakup": [
               {
                  "@ondc/org/item_id": "id_13owvn_0_0",
                  "title": "Plain Atta",
                  "@ondc/org/item_quantity": {
                     "count": 1
                  },
                  "@ondc/org/title_type": "item",
                  "price": {
                     "currency": "INR",
                     "value": "65.00"
                  },
                  "item": {
                     "quantity": {
                        "available": {
                           "count": "99"
                        },
                        "maximum": {
                           "count": "99"
                        }
                     },
                     "price": {
                        "currency": "INR",
                        "value": "65.00"
                     }
                  }
               },
               {
                  "@ondc/org/item_id": "aa3d425c-be56-45a1-a686-799ce05902c0",
                  "title": "Delivery charges",
                  "@ondc/org/title_type": "delivery",
                  "price": {
                     "currency": "INR",
                     "value": "40"
                  }
               },
               {
                  "@ondc/org/item_id": "aa3d425c-be56-45a1-a686-799ce05902c0",
                  "title": "Convenience Fee",
                  "@ondc/org/title_type": "misc",
                  "price": {
                     "currency": "INR",
                     "value": "40"
                  }
               }
            ],
            "ttl": "PT6H"
         },
         "provider": {
            "id": "pramaan_provider_1",
            "locations": [
               {
                  "id": "SSL1"
               }
            ]
         }
      }
   }
}


{
   "context": {
      "domain": "ONDC:RET10",
      "city": "std:080",
      "country": "IND",
      "action": "on_select",
      "core_version": "1.2.0",
      "bap_id": "preprod.eazehub.com",
      "bap_uri": "https://preprod.eazehub.com",
      "bpp_id": "pramaan.ondc.org/beta/preprod/mock/seller",
      "bpp_uri": "https://pramaan.ondc.org/beta/preprod/mock/seller",
      "transaction_id": "6741288497441680",
      "message_id": "MSG05f4c15e-999a-46cd-82c3-3ae798b4e05c",
      "timestamp": "2025-02-13T10:39:24.677Z",
      "ttl": "PT30S"
   },
   "message": {
      "order": {
         "fulfillments": [
            {
               "id": "495d6518-2c2e-4a9a-a48e-63b546446918",
               "type": "Delivery",
               "@ondc/org/provider_name": "Pramaan Store 1",
               "tracking": true,
               "@ondc/org/category": "Standard Delivery",
               "@ondc/org/TAT": "PT24H",
               "state": {
                  "descriptor": {
                     "code": "Serviceable"
                  }
               }
            },
            {
               "id": "d833d442-9701-4eac-ad14-8198c1824339",
               "type": "Self-Pickup",
               "@ondc/org/provider_name": "",
               "tracking": false,
               "@ondc/org/category": "Takeaway",
               "@ondc/org/TAT": "PT24H",
               "state": {
                  "descriptor": {
                     "code": "Serviceable"
                  }
               }
            }
         ],
         "items": [
            {
               "id": "id_13owvn_0_0",
               "quantity": {
                  "count": 2
               },
               "location_id": "SSL1",
               "fulfillment_id": "495d6518-2c2e-4a9a-a48e-63b546446918"
            }
         ],
         "quote": {
            "price": {
               "currency": "INR",
               "value": "210.00"
            },
            "breakup": [
               {
                  "@ondc/org/item_id": "id_13owvn_0_0",
                  "title": "Plain Atta",
                  "@ondc/org/item_quantity": {
                     "count": 2
                  },
                  "@ondc/org/title_type": "item",
                  "price": {
                     "currency": "INR",
                     "value": "130.00"
                  },
                  "item": {
                     "quantity": {
                        "available": {
                           "count": "99"
                        },
                        "maximum": {
                           "count": "99"
                        }
                     },
                     "price": {
                        "currency": "INR",
                        "value": "65.00"
                     }
                  }
               },
               {
                  "@ondc/org/item_id": "495d6518-2c2e-4a9a-a48e-63b546446918",
                  "title": "Delivery charges",
                  "@ondc/org/title_type": "delivery",
                  "price": {
                     "currency": "INR",
                     "value": "40"
                  }
               },
               {
                  "@ondc/org/item_id": "495d6518-2c2e-4a9a-a48e-63b546446918",
                  "title": "Convenience Fee",
                  "@ondc/org/title_type": "misc",
                  "price": {
                     "currency": "INR",
                     "value": "40"
                  }
               }
            ],
            "ttl": "PT6H"
         },
         "provider": {
            "id": "pramaan_provider_1",
            "locations": [
               {
                  "id": "SSL1"
               }
            ]
         }
      }
   }
}


{
   "context": {
      "domain": "ONDC:RET10",
      "city": "std:080",
      "country": "IND",
      "action": "on_select",
      "core_version": "1.2.0",
      "bap_id": "preprod.eazehub.com",
      "bap_uri": "https://preprod.eazehub.com",
      "bpp_id": "pramaan.ondc.org/beta/preprod/mock/seller",
      "bpp_uri": "https://pramaan.ondc.org/beta/preprod/mock/seller",
      "transaction_id": "6741288497441680",
      "message_id": "MSG4d141daf-5fa3-402c-aeb2-7e8db37391a9",
      "timestamp": "2025-02-13T10:39:28.386Z",
      "ttl": "PT30S"
   },
   "message": {
      "order": {
         "fulfillments": [
            {
               "id": "03ae8407-a588-4c32-b538-8a222b8caa8c",
               "type": "Delivery",
               "@ondc/org/provider_name": "Pramaan Store 1",
               "tracking": true,
               "@ondc/org/category": "Standard Delivery",
               "@ondc/org/TAT": "PT24H",
               "state": {
                  "descriptor": {
                     "code": "Serviceable"
                  }
               }
            },
            {
               "id": "3169bbd7-affa-49d7-a339-b1c8288d3839",
               "type": "Self-Pickup",
               "@ondc/org/provider_name": "",
               "tracking": false,
               "@ondc/org/category": "Takeaway",
               "@ondc/org/TAT": "PT24H",
               "state": {
                  "descriptor": {
                     "code": "Serviceable"
                  }
               }
            }
         ],
         "items": [
            {
               "id": "id_13owvn_0_0",
               "quantity": {
                  "count": 3
               },
               "location_id": "SSL1",
               "fulfillment_id": "03ae8407-a588-4c32-b538-8a222b8caa8c"
            }
         ],
         "quote": {
            "price": {
               "currency": "INR",
               "value": "275.00"
            },
            "breakup": [
               {
                  "@ondc/org/item_id": "id_13owvn_0_0",
                  "title": "Plain Atta",
                  "@ondc/org/item_quantity": {
                     "count": 3
                  },
                  "@ondc/org/title_type": "item",
                  "price": {
                     "currency": "INR",
                     "value": "195.00"
                  },
                  "item": {
                     "quantity": {
                        "available": {
                           "count": "99"
                        },
                        "maximum": {
                           "count": "99"
                        }
                     },
                     "price": {
                        "currency": "INR",
                        "value": "65.00"
                     }
                  }
               },
               {
                  "@ondc/org/item_id": "03ae8407-a588-4c32-b538-8a222b8caa8c",
                  "title": "Delivery charges",
                  "@ondc/org/title_type": "delivery",
                  "price": {
                     "currency": "INR",
                     "value": "40"
                  }
               },
               {
                  "@ondc/org/item_id": "03ae8407-a588-4c32-b538-8a222b8caa8c",
                  "title": "Convenience Fee",
                  "@ondc/org/title_type": "misc",
                  "price": {
                     "currency": "INR",
                     "value": "40"
                  }
               }
            ],
            "ttl": "PT6H"
         },
         "provider": {
            "id": "pramaan_provider_1",
            "locations": [
               {
                  "id": "SSL1"
               }
            ]
         }
      }
   }
}


{
   "context": {
      "domain": "ONDC:RET10",
      "city": "std:080",
      "country": "IND",
      "action": "on_select",
      "core_version": "1.2.0",
      "bap_id": "preprod.eazehub.com",
      "bap_uri": "https://preprod.eazehub.com",
      "bpp_id": "pramaan.ondc.org/beta/preprod/mock/seller",
      "bpp_uri": "https://pramaan.ondc.org/beta/preprod/mock/seller",
      "transaction_id": "6741288497441680",
      "message_id": "MSG93cab7a0-f5bf-4f6c-86a7-ac3d87ff5f3c",
      "timestamp": "2025-02-13T10:39:32.429Z",
      "ttl": "PT30S"
   },
   "message": {
      "order": {
         "fulfillments": [
            {
               "id": "08b67df8-8f83-4c06-a408-5435b32dfb89",
               "type": "Delivery",
               "@ondc/org/provider_name": "Pramaan Store 1",
               "tracking": true,
               "@ondc/org/category": "Standard Delivery",
               "@ondc/org/TAT": "PT24H",
               "state": {
                  "descriptor": {
                     "code": "Serviceable"
                  }
               }
            },
            {
               "id": "ad299c61-0616-4107-8b85-30960042d0d8",
               "type": "Self-Pickup",
               "@ondc/org/provider_name": "",
               "tracking": false,
               "@ondc/org/category": "Takeaway",
               "@ondc/org/TAT": "PT24H",
               "state": {
                  "descriptor": {
                     "code": "Serviceable"
                  }
               }
            }
         ],
         "items": [
            {
               "id": "id_13owvn_0_0",
               "quantity": {
                  "count": 4
               },
               "location_id": "SSL1",
               "fulfillment_id": "08b67df8-8f83-4c06-a408-5435b32dfb89"
            }
         ],
         "quote": {
            "price": {
               "currency": "INR",
               "value": "340.00"
            },
            "breakup": [
               {
                  "@ondc/org/item_id": "id_13owvn_0_0",
                  "title": "Plain Atta",
                  "@ondc/org/item_quantity": {
                     "count": 4
                  },
                  "@ondc/org/title_type": "item",
                  "price": {
                     "currency": "INR",
                     "value": "260.00"
                  },
                  "item": {
                     "quantity": {
                        "available": {
                           "count": "99"
                        },
                        "maximum": {
                           "count": "99"
                        }
                     },
                     "price": {
                        "currency": "INR",
                        "value": "65.00"
                     }
                  }
               },
               {
                  "@ondc/org/item_id": "08b67df8-8f83-4c06-a408-5435b32dfb89",
                  "title": "Delivery charges",
                  "@ondc/org/title_type": "delivery",
                  "price": {
                     "currency": "INR",
                     "value": "40"
                  }
               },
               {
                  "@ondc/org/item_id": "08b67df8-8f83-4c06-a408-5435b32dfb89",
                  "title": "Convenience Fee",
                  "@ondc/org/title_type": "misc",
                  "price": {
                     "currency": "INR",
                     "value": "40"
                  }
               }
            ],
            "ttl": "PT6H"
         },
         "provider": {
            "id": "pramaan_provider_1",
            "locations": [
               {
                  "id": "SSL1"
               }
            ]
         }
      }
   }
}


