{
   "context": {
      "domain": "ONDC:RET10",
      "city": "std:080",
      "country": "IND",
      "action": "on_update",
      "core_version": "1.2.0",
      "bap_id": "preprod.eazehub.com",
      "bap_uri": "https://preprod.eazehub.com",
      "bpp_id": "pramaan.ondc.org/beta/preprod/mock/seller",
      "bpp_uri": "https://pramaan.ondc.org/beta/preprod/mock/seller",
      "transaction_id": "6741288497441680",
      "message_id": "MSGe91286ca-d7e7-4053-83ca-5e373eccd7bc",
      "timestamp": "2025-02-13T10:42:58.712Z",
      "ttl": "PT30S"
   },
   "message": {
      "order": {
         "id": "1000444-1",
         "state": "Completed",
         "provider": {
            "id": "pramaan_provider_1",
            "locations": [
               {
                  "id": "SSL1"
               }
            ]
         },
         "items": [
            {
               "id": "id_13owvn_0_0",
               "quantity": {
                  "count": 4
               },
               "location_id": "SSL1",
               "fulfillment_id": "08b67df8-8f83-4c06-a408-5435b32dfb89"
            }
         ],
         "billing": {
            "name": "madhura 2",
            "address": {
               "name": "madhura 2",
               "building": "no. 7",
               "locality": "Fusilli Reasons Old Sadasivam Street Pudupet Gopalapuram",
               "city": "Chennai",
               "state": "Tamil Nadu",
               "country": "India",
               "area_code": "600086"
            },
            "tax_number": "",
            "email": "sarvamangala711@gmail.com",
            "phone": "9164215281",
            "created_at": "2025-02-13T10:39:54.250Z",
            "updated_at": "2025-02-13T10:39:54.250Z"
         },
         "fulfillments": [
            {
               "id": "08b67df8-8f83-4c06-a408-5435b32dfb89",
               "@ondc/org/provider_name": "Pramaan Store 1",
               "@ondc/org/category": "Standard Delivery",
               "@ondc/org/TAT": "PT24H",
               "state": {
                  "descriptor": {
                     "code": "Order-delivered"
                  }
               },
               "type": "Delivery",
               "tracking": true,
               "start": {
                  "location": {
                     "id": "SSL1",
                     "gps": "28.527300, 77.182100",
                     "descriptor": {
                        "name": "Pramaan Store 1",
                        "images": [
                           "https://ondc.org/assets/theme/images/ondc_registered_logo.svg?v=399788fda7"
                        ]
                     },
                     "address": {
                        "locality": "N. Caldwell",
                        "city": "N. Caldwell",
                        "area_code": "110030",
                        "state": "New Delhi"
                     }
                  },
                  "time": {
                     "range": {
                        "start": "2025-02-13T10:39:59.871Z",
                        "end": "2025-02-13T23:00:00.000Z"
                     },
                     "timestamp": "2025-02-13T10:41:17.132Z"
                  },
                  "contact": {
                     "phone": "9876543210",
                     "email": "ss_seller_1@ss.com"
                  }
               },
               "end": {
                  "contact": {
                     "phone": "9164215281",
                     "email": "sarvamangala711@gmail.com"
                  },
                  "location": {
                     "gps": "17.387140,78.491684",
                     "address": {
                        "city": "Chennai",
                        "name": "Fusilli Reasons Old Sadasivam Street Pudupet Gopalapuram",
                        "state": "Tamil Nadu",
                        "country": "India",
                        "building": "no. 7",
                        "locality": "Fusilli Reasons Old Sadasivam Street Pudupet Gopalapuram",
                        "area_code": "600086"
                     }
                  },
                  "person": {
                     "name": "madhura"
                  },
                  "time": {
                     "range": {
                        "start": "2025-02-14T09:30:00.000Z",
                        "end": "2025-02-14T19:00:00.000Z"
                     },
                     "timestamp": "2025-02-13T10:41:40.071Z"
                  }
               },
               "tags": [
                  {
                     "code": "routing",
                     "list": [
                        {
                           "code": "type",
                           "value": "P2P"
                        }
                     ]
                  },
                  {
                     "code": "tracking",
                     "list": [
                        {
                           "code": "gps_enabled",
                           "value": "yes"
                        },
                        {
                           "code": "url_enabled",
                           "value": "yes"
                        },
                        {
                           "code": "url",
                           "value": "https://ondc.sequelstring.com/track/08b67df8-8f83-4c06-a408-5435b32dfb89"
                        }
                     ]
                  }
               ]
            },
            {
               "type": "Return",
               "state": {
                  "descriptor": {
                     "code": "Return_Initiated"
                  }
               },
               "tags": [
                  {
                     "code": "return_request",
                     "list": [
                        {
                           "code": "id",
                           "value": "6741510852766128"
                        },
                        {
                           "code": "item_id",
                           "value": "id_13owvn_0_0"
                        },
                        {
                           "code": "item_quantity",
                           "value": "2"
                        },
                        {
                           "code": "reason_id",
                           "value": "003"
                        },
                        {
                           "code": "reason_desc",
                           "value": "Address not found"
                        },
                        {
                           "code": "images",
                           "value": ""
                        },
                        {
                           "code": "ttl_approval",
                           "value": "PT24H"
                        },
                        {
                           "code": "ttl_reverseqc",
                           "value": "P3D"
                        }
                     ]
                  }
               ],
               "id": "6741510852766128"
            }
         ],
         "quote": {
            "price": {
               "currency": "INR",
               "value": "340.00"
            },
            "breakup": [
               {
                  "@ondc/org/item_id": "id_13owvn_0_0",
                  "title": "Plain Atta",
                  "@ondc/org/item_quantity": {
                     "count": 4
                  },
                  "@ondc/org/title_type": "item",
                  "price": {
                     "currency": "INR",
                     "value": "260.00"
                  },
                  "item": {
                     "quantity": {
                        "available": {
                           "count": "99"
                        },
                        "maximum": {
                           "count": "99"
                        }
                     },
                     "price": {
                        "currency": "INR",
                        "value": "65.00"
                     }
                  }
               },
               {
                  "@ondc/org/item_id": "08b67df8-8f83-4c06-a408-5435b32dfb89",
                  "title": "Delivery charges",
                  "@ondc/org/title_type": "delivery",
                  "price": {
                     "currency": "INR",
                     "value": "40"
                  }
               },
               {
                  "@ondc/org/item_id": "08b67df8-8f83-4c06-a408-5435b32dfb89",
                  "title": "Convenience Fee",
                  "@ondc/org/title_type": "misc",
                  "price": {
                     "currency": "INR",
                     "value": "40"
                  }
               }
            ],
            "ttl": "PT6H"
         },
         "payment": {
            "status": "PAID",
            "collected_by": "BAP",
            "@ondc/org/settlement_details": [
               {
                  "bank_name": "AXIS BANK LTD ",
                  "branch_name": "NAVI MUMBAI",
                  "upi_address": "",
                  "settlement_type": "neft",
                  "beneficiary_name": "SEQUELSTRING AI",
                  "settlement_phase": "sale-amount",
                  "settlement_status": "NOT-PAID",
                  "settlement_ifsc_code": "AXIS123456",
                  "settlement_counterparty": "seller-app",
                  "settlement_bank_account_no": "9876543210012"
               }
            ],
            "@ondc/org/buyer_app_finder_fee_type": "percent",
            "@ondc/org/buyer_app_finder_fee_amount": "3",
            "type": "ON-ORDER",
            "params": {
               "amount": "340.00",
               "transaction_id": "6741288497441680",
               "currency": "INR"
            }
         },
         "tags": [
            {
               "code": "bpp_terms",
               "list": [
                  {
                     "code": "np_type",
                     "value": "MSN"
                  },
                  {
                     "code": "tax_number",
                     "value": "00ABCDE1234F1Z5"
                  },
                  {
                     "code": "max_liability",
                     "value": "2"
                  },
                  {
                     "code": "max_liability_cap",
                     "value": "10000.00"
                  },
                  {
                     "code": "mandatory_arbitration",
                     "value": "false"
                  },
                  {
                     "code": "court_jurisdiction",
                     "value": "New Delhi"
                  },
                  {
                     "code": "delay_interest",
                     "value": "7.50"
                  },
                  {
                     "code": "provider_tax_number",
                     "value": "ABCDE1234F"
                  }
               ]
            }
         ],
         "created_at": "2025-02-13T10:39:59.563Z",
         "updated_at": "2025-02-13T10:42:58.712Z",
         "documents": [
            {
               "label": "Invoice",
               "url": "https://ondc.sequelstring.com/seller/document/invoice.pdf"
            }
         ]
      }
   }
}


{
   "context": {
      "domain": "ONDC:RET10",
      "city": "std:080",
      "country": "IND",
      "action": "on_update",
      "core_version": "1.2.0",
      "bap_id": "preprod.eazehub.com",
      "bap_uri": "https://preprod.eazehub.com",
      "bpp_id": "pramaan.ondc.org/beta/preprod/mock/seller",
      "bpp_uri": "https://pramaan.ondc.org/beta/preprod/mock/seller",
      "transaction_id": "6741288497441680",
      "message_id": "5716e994-2eb2-497a-b8ea-fe817e241193",
      "timestamp": "2025-02-13T10:43:34.409Z",
      "ttl": "PT30S"
   },
   "message": {
      "order": {
         "id": "1000444-1",
         "state": "Completed",
         "provider": {
            "id": "pramaan_provider_1",
            "locations": [
               {
                  "id": "SSL1"
               }
            ]
         },
         "items": [
            {
               "id": "id_13owvn_0_0",
               "quantity": {
                  "count": 4
               },
               "location_id": "SSL1",
               "fulfillment_id": "08b67df8-8f83-4c06-a408-5435b32dfb89"
            }
         ],
         "billing": {
            "name": "madhura 2",
            "address": {
               "name": "madhura 2",
               "building": "no. 7",
               "locality": "Fusilli Reasons Old Sadasivam Street Pudupet Gopalapuram",
               "city": "Chennai",
               "state": "Tamil Nadu",
               "country": "India",
               "area_code": "600086"
            },
            "tax_number": "",
            "email": "sarvamangala711@gmail.com",
            "phone": "9164215281",
            "created_at": "2025-02-13T10:39:54.250Z",
            "updated_at": "2025-02-13T10:39:54.250Z"
         },
         "fulfillments": [
            {
               "id": "08b67df8-8f83-4c06-a408-5435b32dfb89",
               "@ondc/org/provider_name": "Pramaan Store 1",
               "@ondc/org/category": "Standard Delivery",
               "@ondc/org/TAT": "PT24H",
               "state": {
                  "descriptor": {
                     "code": "Order-delivered"
                  }
               },
               "type": "Delivery",
               "tracking": true,
               "start": {
                  "location": {
                     "id": "SSL1",
                     "gps": "28.527300, 77.182100",
                     "descriptor": {
                        "name": "Pramaan Store 1",
                        "images": [
                           "https://ondc.org/assets/theme/images/ondc_registered_logo.svg?v=399788fda7"
                        ]
                     },
                     "address": {
                        "locality": "N. Caldwell",
                        "city": "N. Caldwell",
                        "area_code": "110030",
                        "state": "New Delhi"
                     }
                  },
                  "time": {
                     "range": {
                        "start": "2025-02-13T10:39:59.871Z",
                        "end": "2025-02-13T23:00:00.000Z"
                     },
                     "timestamp": "2025-02-13T10:41:17.132Z"
                  },
                  "contact": {
                     "phone": "9876543210",
                     "email": "ss_seller_1@ss.com"
                  }
               },
               "end": {
                  "contact": {
                     "phone": "9164215281",
                     "email": "sarvamangala711@gmail.com"
                  },
                  "location": {
                     "gps": "17.387140,78.491684",
                     "address": {
                        "city": "Chennai",
                        "name": "Fusilli Reasons Old Sadasivam Street Pudupet Gopalapuram",
                        "state": "Tamil Nadu",
                        "country": "India",
                        "building": "no. 7",
                        "locality": "Fusilli Reasons Old Sadasivam Street Pudupet Gopalapuram",
                        "area_code": "600086"
                     }
                  },
                  "person": {
                     "name": "madhura"
                  },
                  "time": {
                     "range": {
                        "start": "2025-02-14T09:30:00.000Z",
                        "end": "2025-02-14T19:00:00.000Z"
                     },
                     "timestamp": "2025-02-13T10:41:40.071Z"
                  }
               },
               "tags": [
                  {
                     "code": "routing",
                     "list": [
                        {
                           "code": "type",
                           "value": "P2P"
                        }
                     ]
                  },
                  {
                     "code": "tracking",
                     "list": [
                        {
                           "code": "gps_enabled",
                           "value": "yes"
                        },
                        {
                           "code": "url_enabled",
                           "value": "yes"
                        },
                        {
                           "code": "url",
                           "value": "https://ondc.sequelstring.com/track/08b67df8-8f83-4c06-a408-5435b32dfb89"
                        }
                     ]
                  }
               ]
            },
            {
               "type": "Return",
               "state": {
                  "descriptor": {
                     "code": "Return_Accepted"
                  }
               },
               "tags": [
                  {
                     "code": "return_request",
                     "list": [
                        {
                           "code": "id",
                           "value": "6741510852766128"
                        },
                        {
                           "code": "item_id",
                           "value": "id_13owvn_0_0"
                        },
                        {
                           "code": "item_quantity",
                           "value": "2"
                        },
                        {
                           "code": "reason_id",
                           "value": "003"
                        },
                        {
                           "code": "reason_desc",
                           "value": "Address not found"
                        },
                        {
                           "code": "images",
                           "value": ""
                        },
                        {
                           "code": "ttl_approval",
                           "value": "PT24H"
                        },
                        {
                           "code": "ttl_reverseqc",
                           "value": "P3D"
                        }
                     ]
                  },
                  {
                     "code": "reverseqc_input",
                     "list": [
                        {
                           "code": "P001",
                           "value": ""
                        },
                        {
                           "code": "P003",
                           "value": ""
                        },
                        {
                           "code": "Q001",
                           "value": "yes"
                        },
                        {
                           "code": "Q0008",
                           "value": "no"
                        },
                        {
                           "code": "Q011",
                           "value": "yes"
                        }
                     ]
                  }
               ],
               "id": "6741510852766128",
               "start": {
                  "location": {
                     "gps": "17.387140,78.491684",
                     "address": {
                        "city": "Chennai",
                        "name": "Fusilli Reasons Old Sadasivam Street Pudupet Gopalapuram",
                        "state": "Tamil Nadu",
                        "country": "India",
                        "building": "no. 7",
                        "locality": "Fusilli Reasons Old Sadasivam Street Pudupet Gopalapuram",
                        "area_code": "600086"
                     }
                  },
                  "time": {
                     "range": {
                        "start": "2025-02-14T09:30:00.000Z",
                        "end": "2025-02-14T19:00:00.000Z"
                     }
                  }
               },
               "end": {
                  "location": {
                     "id": "SSL1",
                     "gps": "28.527300, 77.182100",
                     "descriptor": {
                        "name": "Pramaan Store 1",
                        "images": [
                           "https://ondc.org/assets/theme/images/ondc_registered_logo.svg?v=399788fda7"
                        ]
                     },
                     "address": {
                        "locality": "N. Caldwell",
                        "city": "N. Caldwell",
                        "area_code": "110030",
                        "state": "New Delhi"
                     }
                  }
               }
            }
         ],
         "quote": {
            "price": {
               "currency": "INR",
               "value": "340.00"
            },
            "breakup": [
               {
                  "@ondc/org/item_id": "id_13owvn_0_0",
                  "title": "Plain Atta",
                  "@ondc/org/item_quantity": {
                     "count": 4
                  },
                  "@ondc/org/title_type": "item",
                  "price": {
                     "currency": "INR",
                     "value": "260.00"
                  },
                  "item": {
                     "quantity": {
                        "available": {
                           "count": "99"
                        },
                        "maximum": {
                           "count": "99"
                        }
                     },
                     "price": {
                        "currency": "INR",
                        "value": "65.00"
                     }
                  }
               },
               {
                  "@ondc/org/item_id": "08b67df8-8f83-4c06-a408-5435b32dfb89",
                  "title": "Delivery charges",
                  "@ondc/org/title_type": "delivery",
                  "price": {
                     "currency": "INR",
                     "value": "40"
                  }
               },
               {
                  "@ondc/org/item_id": "08b67df8-8f83-4c06-a408-5435b32dfb89",
                  "title": "Convenience Fee",
                  "@ondc/org/title_type": "misc",
                  "price": {
                     "currency": "INR",
                     "value": "40"
                  }
               }
            ],
            "ttl": "PT6H"
         },
         "payment": {
            "status": "PAID",
            "collected_by": "BAP",
            "@ondc/org/settlement_details": [
               {
                  "bank_name": "AXIS BANK LTD ",
                  "branch_name": "NAVI MUMBAI",
                  "upi_address": "",
                  "settlement_type": "neft",
                  "beneficiary_name": "SEQUELSTRING AI",
                  "settlement_phase": "sale-amount",
                  "settlement_status": "NOT-PAID",
                  "settlement_ifsc_code": "AXIS123456",
                  "settlement_counterparty": "seller-app",
                  "settlement_bank_account_no": "9876543210012"
               }
            ],
            "@ondc/org/buyer_app_finder_fee_type": "percent",
            "@ondc/org/buyer_app_finder_fee_amount": "3",
            "type": "ON-ORDER",
            "params": {
               "amount": "340.00",
               "transaction_id": "6741288497441680",
               "currency": "INR"
            }
         },
         "tags": [
            {
               "code": "bpp_terms",
               "list": [
                  {
                     "code": "np_type",
                     "value": "MSN"
                  },
                  {
                     "code": "tax_number",
                     "value": "00ABCDE1234F1Z5"
                  },
                  {
                     "code": "max_liability",
                     "value": "2"
                  },
                  {
                     "code": "max_liability_cap",
                     "value": "10000.00"
                  },
                  {
                     "code": "mandatory_arbitration",
                     "value": "false"
                  },
                  {
                     "code": "court_jurisdiction",
                     "value": "New Delhi"
                  },
                  {
                     "code": "delay_interest",
                     "value": "7.50"
                  },
                  {
                     "code": "provider_tax_number",
                     "value": "ABCDE1234F"
                  }
               ]
            }
         ],
         "created_at": "2025-02-13T10:39:59.563Z",
         "updated_at": "2025-02-13T10:43:34.409Z",
         "documents": [
            {
               "label": "Invoice",
               "url": "https://ondc.sequelstring.com/seller/document/invoice.pdf"
            }
         ]
      }
   }
}


{
   "context": {
      "domain": "ONDC:RET10",
      "city": "std:080",
      "country": "IND",
      "action": "on_update",
      "core_version": "1.2.0",
      "bap_id": "preprod.eazehub.com",
      "bap_uri": "https://preprod.eazehub.com",
      "bpp_id": "pramaan.ondc.org/beta/preprod/mock/seller",
      "bpp_uri": "https://pramaan.ondc.org/beta/preprod/mock/seller",
      "transaction_id": "6741288497441680",
      "message_id": "65ac9f4a-1a7a-4061-b7ab-adc1b54df090",
      "timestamp": "2025-02-13T10:43:38.181Z",
      "ttl": "PT30S"
   },
   "message": {
      "order": {
         "id": "1000444-1",
         "state": "Completed",
         "provider": {
            "id": "pramaan_provider_1",
            "locations": [
               {
                  "id": "SSL1"
               }
            ]
         },
         "items": [
            {
               "id": "id_13owvn_0_0",
               "quantity": {
                  "count": 4
               },
               "location_id": "SSL1",
               "fulfillment_id": "08b67df8-8f83-4c06-a408-5435b32dfb89"
            },
            {
               "id": "id_13owvn_0_0",
               "quantity": {
                  "count": 2
               },
               "fulfillment_id": "6741510852766128"
            }
         ],
         "billing": {
            "name": "madhura 2",
            "address": {
               "name": "madhura 2",
               "building": "no. 7",
               "locality": "Fusilli Reasons Old Sadasivam Street Pudupet Gopalapuram",
               "city": "Chennai",
               "state": "Tamil Nadu",
               "country": "India",
               "area_code": "600086"
            },
            "tax_number": "",
            "email": "sarvamangala711@gmail.com",
            "phone": "9164215281",
            "created_at": "2025-02-13T10:39:54.250Z",
            "updated_at": "2025-02-13T10:39:54.250Z"
         },
         "fulfillments": [
            {
               "id": "08b67df8-8f83-4c06-a408-5435b32dfb89",
               "@ondc/org/provider_name": "Pramaan Store 1",
               "@ondc/org/category": "Standard Delivery",
               "@ondc/org/TAT": "PT24H",
               "state": {
                  "descriptor": {
                     "code": "Order-delivered"
                  }
               },
               "type": "Delivery",
               "tracking": true,
               "start": {
                  "location": {
                     "id": "SSL1",
                     "gps": "28.527300, 77.182100",
                     "descriptor": {
                        "name": "Pramaan Store 1",
                        "images": [
                           "https://ondc.org/assets/theme/images/ondc_registered_logo.svg?v=399788fda7"
                        ]
                     },
                     "address": {
                        "locality": "N. Caldwell",
                        "city": "N. Caldwell",
                        "area_code": "110030",
                        "state": "New Delhi"
                     }
                  },
                  "time": {
                     "range": {
                        "start": "2025-02-13T10:39:59.871Z",
                        "end": "2025-02-13T23:00:00.000Z"
                     },
                     "timestamp": "2025-02-13T10:41:17.132Z"
                  },
                  "contact": {
                     "phone": "9876543210",
                     "email": "ss_seller_1@ss.com"
                  }
               },
               "end": {
                  "contact": {
                     "phone": "9164215281",
                     "email": "sarvamangala711@gmail.com"
                  },
                  "location": {
                     "gps": "17.387140,78.491684",
                     "address": {
                        "city": "Chennai",
                        "name": "Fusilli Reasons Old Sadasivam Street Pudupet Gopalapuram",
                        "state": "Tamil Nadu",
                        "country": "India",
                        "building": "no. 7",
                        "locality": "Fusilli Reasons Old Sadasivam Street Pudupet Gopalapuram",
                        "area_code": "600086"
                     }
                  },
                  "person": {
                     "name": "madhura"
                  },
                  "time": {
                     "range": {
                        "start": "2025-02-14T09:30:00.000Z",
                        "end": "2025-02-14T19:00:00.000Z"
                     },
                     "timestamp": "2025-02-13T10:41:40.071Z"
                  }
               },
               "tags": [
                  {
                     "code": "routing",
                     "list": [
                        {
                           "code": "type",
                           "value": "P2P"
                        }
                     ]
                  },
                  {
                     "code": "tracking",
                     "list": [
                        {
                           "code": "gps_enabled",
                           "value": "yes"
                        },
                        {
                           "code": "url_enabled",
                           "value": "yes"
                        },
                        {
                           "code": "url",
                           "value": "https://ondc.sequelstring.com/track/08b67df8-8f83-4c06-a408-5435b32dfb89"
                        }
                     ]
                  }
               ]
            },
            {
               "type": "Return",
               "state": {
                  "descriptor": {
                     "code": "Return_Picked"
                  }
               },
               "tags": [
                  {
                     "code": "return_request",
                     "list": [
                        {
                           "code": "id",
                           "value": "6741510852766128"
                        },
                        {
                           "code": "item_id",
                           "value": "id_13owvn_0_0"
                        },
                        {
                           "code": "item_quantity",
                           "value": "2"
                        },
                        {
                           "code": "reason_id",
                           "value": "003"
                        },
                        {
                           "code": "reason_desc",
                           "value": "Address not found"
                        },
                        {
                           "code": "images",
                           "value": ""
                        },
                        {
                           "code": "ttl_approval",
                           "value": "PT24H"
                        },
                        {
                           "code": "ttl_reverseqc",
                           "value": "P3D"
                        }
                     ]
                  }
               ],
               "id": "6741510852766128",
               "start": {
                  "location": {
                     "gps": "17.387140,78.491684",
                     "address": {
                        "city": "Chennai",
                        "name": "Fusilli Reasons Old Sadasivam Street Pudupet Gopalapuram",
                        "state": "Tamil Nadu",
                        "country": "India",
                        "building": "no. 7",
                        "locality": "Fusilli Reasons Old Sadasivam Street Pudupet Gopalapuram",
                        "area_code": "600086"
                     }
                  },
                  "time": {
                     "timestamp": "2025-02-13T10:43:38.181Z"
                  }
               },
               "end": {
                  "location": {
                     "id": "SSL1",
                     "gps": "28.527300, 77.182100",
                     "descriptor": {
                        "name": "Pramaan Store 1",
                        "images": [
                           "https://ondc.org/assets/theme/images/ondc_registered_logo.svg?v=399788fda7"
                        ]
                     },
                     "address": {
                        "locality": "N. Caldwell",
                        "city": "N. Caldwell",
                        "area_code": "110030",
                        "state": "New Delhi"
                     }
                  },
                  "time": {
                     "start": "2025-02-14T09:30:00.000Z",
                     "end": "2025-02-14T19:00:00.000Z"
                  }
               }
            }
         ],
         "quote": {
            "price": {
               "currency": "INR",
               "value": "340.00"
            },
            "breakup": [
               {
                  "@ondc/org/item_id": "id_13owvn_0_0",
                  "title": "Plain Atta",
                  "@ondc/org/item_quantity": {
                     "count": 4
                  },
                  "@ondc/org/title_type": "item",
                  "price": {
                     "currency": "INR",
                     "value": "260.00"
                  },
                  "item": {
                     "quantity": {
                        "available": {
                           "count": "99"
                        },
                        "maximum": {
                           "count": "99"
                        }
                     },
                     "price": {
                        "currency": "INR",
                        "value": "65.00"
                     }
                  }
               },
               {
                  "@ondc/org/item_id": "08b67df8-8f83-4c06-a408-5435b32dfb89",
                  "title": "Delivery charges",
                  "@ondc/org/title_type": "delivery",
                  "price": {
                     "currency": "INR",
                     "value": "40"
                  }
               },
               {
                  "@ondc/org/item_id": "08b67df8-8f83-4c06-a408-5435b32dfb89",
                  "title": "Convenience Fee",
                  "@ondc/org/title_type": "misc",
                  "price": {
                     "currency": "INR",
                     "value": "40"
                  }
               }
            ],
            "ttl": "PT6H"
         },
         "payment": {
            "status": "PAID",
            "collected_by": "BAP",
            "@ondc/org/settlement_details": [
               {
                  "bank_name": "AXIS BANK LTD ",
                  "branch_name": "NAVI MUMBAI",
                  "upi_address": "",
                  "settlement_type": "neft",
                  "beneficiary_name": "SEQUELSTRING AI",
                  "settlement_phase": "sale-amount",
                  "settlement_status": "NOT-PAID",
                  "settlement_ifsc_code": "AXIS123456",
                  "settlement_counterparty": "seller-app",
                  "settlement_bank_account_no": "9876543210012"
               }
            ],
            "@ondc/org/buyer_app_finder_fee_type": "percent",
            "@ondc/org/buyer_app_finder_fee_amount": "3",
            "type": "ON-ORDER",
            "params": {
               "amount": "340.00",
               "transaction_id": "6741288497441680",
               "currency": "INR"
            }
         },
         "tags": [
            {
               "code": "bpp_terms",
               "list": [
                  {
                     "code": "np_type",
                     "value": "MSN"
                  },
                  {
                     "code": "tax_number",
                     "value": "00ABCDE1234F1Z5"
                  },
                  {
                     "code": "max_liability",
                     "value": "2"
                  },
                  {
                     "code": "max_liability_cap",
                     "value": "10000.00"
                  },
                  {
                     "code": "mandatory_arbitration",
                     "value": "false"
                  },
                  {
                     "code": "court_jurisdiction",
                     "value": "New Delhi"
                  },
                  {
                     "code": "delay_interest",
                     "value": "7.50"
                  },
                  {
                     "code": "provider_tax_number",
                     "value": "ABCDE1234F"
                  }
               ]
            }
         ],
         "created_at": "2025-02-13T10:39:59.563Z",
         "updated_at": "2025-02-13T10:43:38.181Z",
         "documents": [
            {
               "label": "Invoice",
               "url": "https://ondc.sequelstring.com/seller/document/invoice.pdf"
            }
         ]
      }
   }
}


{
   "context": {
      "domain": "ONDC:RET10",
      "city": "std:080",
      "country": "IND",
      "action": "on_update",
      "core_version": "1.2.0",
      "bap_id": "preprod.eazehub.com",
      "bap_uri": "https://preprod.eazehub.com",
      "bpp_id": "pramaan.ondc.org/beta/preprod/mock/seller",
      "bpp_uri": "https://pramaan.ondc.org/beta/preprod/mock/seller",
      "transaction_id": "6741288497441680",
      "message_id": "8bb4156b-dd94-4560-8f9d-6f7179153020",
      "timestamp": "2025-02-13T10:43:50.392Z",
      "ttl": "PT30S"
   },
   "message": {
      "order": {
         "id": "1000444-1",
         "state": "Completed",
         "provider": {
            "id": "pramaan_provider_1",
            "locations": [
               {
                  "id": "SSL1"
               }
            ]
         },
         "items": [
            {
               "id": "id_13owvn_0_0",
               "quantity": {
                  "count": 4
               },
               "location_id": "SSL1",
               "fulfillment_id": "08b67df8-8f83-4c06-a408-5435b32dfb89"
            },
            {
               "id": "id_13owvn_0_0",
               "quantity": {
                  "count": 2
               },
               "fulfillment_id": "6741510852766128"
            }
         ],
         "billing": {
            "name": "madhura 2",
            "address": {
               "name": "madhura 2",
               "building": "no. 7",
               "locality": "Fusilli Reasons Old Sadasivam Street Pudupet Gopalapuram",
               "city": "Chennai",
               "state": "Tamil Nadu",
               "country": "India",
               "area_code": "600086"
            },
            "tax_number": "",
            "email": "sarvamangala711@gmail.com",
            "phone": "9164215281",
            "created_at": "2025-02-13T10:39:54.250Z",
            "updated_at": "2025-02-13T10:39:54.250Z"
         },
         "fulfillments": [
            {
               "id": "08b67df8-8f83-4c06-a408-5435b32dfb89",
               "@ondc/org/provider_name": "Pramaan Store 1",
               "@ondc/org/category": "Standard Delivery",
               "@ondc/org/TAT": "PT24H",
               "state": {
                  "descriptor": {
                     "code": "Order-delivered"
                  }
               },
               "type": "Delivery",
               "tracking": true,
               "start": {
                  "location": {
                     "id": "SSL1",
                     "gps": "28.527300, 77.182100",
                     "descriptor": {
                        "name": "Pramaan Store 1",
                        "images": [
                           "https://ondc.org/assets/theme/images/ondc_registered_logo.svg?v=399788fda7"
                        ]
                     },
                     "address": {
                        "locality": "N. Caldwell",
                        "city": "N. Caldwell",
                        "area_code": "110030",
                        "state": "New Delhi"
                     }
                  },
                  "time": {
                     "range": {
                        "start": "2025-02-13T10:39:59.871Z",
                        "end": "2025-02-13T23:00:00.000Z"
                     },
                     "timestamp": "2025-02-13T10:41:17.132Z"
                  },
                  "contact": {
                     "phone": "9876543210",
                     "email": "ss_seller_1@ss.com"
                  }
               },
               "end": {
                  "contact": {
                     "phone": "9164215281",
                     "email": "sarvamangala711@gmail.com"
                  },
                  "location": {
                     "gps": "17.387140,78.491684",
                     "address": {
                        "city": "Chennai",
                        "name": "Fusilli Reasons Old Sadasivam Street Pudupet Gopalapuram",
                        "state": "Tamil Nadu",
                        "country": "India",
                        "building": "no. 7",
                        "locality": "Fusilli Reasons Old Sadasivam Street Pudupet Gopalapuram",
                        "area_code": "600086"
                     }
                  },
                  "person": {
                     "name": "madhura"
                  },
                  "time": {
                     "range": {
                        "start": "2025-02-14T09:30:00.000Z",
                        "end": "2025-02-14T19:00:00.000Z"
                     },
                     "timestamp": "2025-02-13T10:41:40.071Z"
                  }
               },
               "tags": [
                  {
                     "code": "routing",
                     "list": [
                        {
                           "code": "type",
                           "value": "P2P"
                        }
                     ]
                  },
                  {
                     "code": "tracking",
                     "list": [
                        {
                           "code": "gps_enabled",
                           "value": "yes"
                        },
                        {
                           "code": "url_enabled",
                           "value": "yes"
                        },
                        {
                           "code": "url",
                           "value": "https://ondc.sequelstring.com/track/08b67df8-8f83-4c06-a408-5435b32dfb89"
                        }
                     ]
                  }
               ]
            },
            {
               "type": "Return",
               "state": {
                  "descriptor": {
                     "code": "Return_Delivered"
                  }
               },
               "tags": [
                  {
                     "code": "return_request",
                     "list": [
                        {
                           "code": "id",
                           "value": "6741510852766128"
                        },
                        {
                           "code": "item_id",
                           "value": "id_13owvn_0_0"
                        },
                        {
                           "code": "item_quantity",
                           "value": "2"
                        },
                        {
                           "code": "reason_id",
                           "value": "003"
                        },
                        {
                           "code": "reason_desc",
                           "value": "Address not found"
                        },
                        {
                           "code": "images",
                           "value": ""
                        },
                        {
                           "code": "ttl_approval",
                           "value": "PT24H"
                        },
                        {
                           "code": "ttl_reverseqc",
                           "value": "P3D"
                        }
                     ]
                  }
               ],
               "id": "6741510852766128",
               "start": {
                  "location": {
                     "gps": "17.387140,78.491684",
                     "address": {
                        "city": "Chennai",
                        "name": "Fusilli Reasons Old Sadasivam Street Pudupet Gopalapuram",
                        "state": "Tamil Nadu",
                        "country": "India",
                        "building": "no. 7",
                        "locality": "Fusilli Reasons Old Sadasivam Street Pudupet Gopalapuram",
                        "area_code": "600086"
                     }
                  },
                  "time": {
                     "timestamp": "2025-02-13T10:43:38.181Z"
                  }
               },
               "end": {
                  "location": {
                     "id": "SSL1",
                     "gps": "28.527300, 77.182100",
                     "descriptor": {
                        "name": "Pramaan Store 1",
                        "images": [
                           "https://ondc.org/assets/theme/images/ondc_registered_logo.svg?v=399788fda7"
                        ]
                     },
                     "address": {
                        "locality": "N. Caldwell",
                        "city": "N. Caldwell",
                        "area_code": "110030",
                        "state": "New Delhi"
                     }
                  },
                  "time": {
                     "timestamp": "2025-02-13T10:43:50.392Z"
                  }
               }
            }
         ],
         "quote": {
            "price": {
               "currency": "INR",
               "value": "340.00"
            },
            "breakup": [
               {
                  "@ondc/org/item_id": "id_13owvn_0_0",
                  "title": "Plain Atta",
                  "@ondc/org/item_quantity": {
                     "count": 4
                  },
                  "@ondc/org/title_type": "item",
                  "price": {
                     "currency": "INR",
                     "value": "260.00"
                  },
                  "item": {
                     "quantity": {
                        "available": {
                           "count": "99"
                        },
                        "maximum": {
                           "count": "99"
                        }
                     },
                     "price": {
                        "currency": "INR",
                        "value": "65.00"
                     }
                  }
               },
               {
                  "@ondc/org/item_id": "08b67df8-8f83-4c06-a408-5435b32dfb89",
                  "title": "Delivery charges",
                  "@ondc/org/title_type": "delivery",
                  "price": {
                     "currency": "INR",
                     "value": "40"
                  }
               },
               {
                  "@ondc/org/item_id": "08b67df8-8f83-4c06-a408-5435b32dfb89",
                  "title": "Convenience Fee",
                  "@ondc/org/title_type": "misc",
                  "price": {
                     "currency": "INR",
                     "value": "40"
                  }
               }
            ],
            "ttl": "PT6H"
         },
         "payment": {
            "status": "PAID",
            "collected_by": "BAP",
            "@ondc/org/settlement_details": [
               {
                  "bank_name": "AXIS BANK LTD ",
                  "branch_name": "NAVI MUMBAI",
                  "upi_address": "",
                  "settlement_type": "neft",
                  "beneficiary_name": "SEQUELSTRING AI",
                  "settlement_phase": "sale-amount",
                  "settlement_status": "NOT-PAID",
                  "settlement_ifsc_code": "AXIS123456",
                  "settlement_counterparty": "seller-app",
                  "settlement_bank_account_no": "9876543210012"
               },
               [
                  {
                     "settlement_counterparty": "buyer",
                     "settlement_phase": "refund",
                     "settlement_type": "upi",
                     "settlement_amount": "100",
                     "settlement_timestamp": "2025-02-13T10:43:39.316Z"
                  }
               ]
            ],
            "@ondc/org/buyer_app_finder_fee_type": "percent",
            "@ondc/org/buyer_app_finder_fee_amount": "3",
            "type": "ON-ORDER",
            "params": {
               "amount": "340.00",
               "transaction_id": "6741288497441680",
               "currency": "INR"
            }
         },
         "tags": [
            {
               "code": "bpp_terms",
               "list": [
                  {
                     "code": "np_type",
                     "value": "MSN"
                  },
                  {
                     "code": "tax_number",
                     "value": "00ABCDE1234F1Z5"
                  },
                  {
                     "code": "max_liability",
                     "value": "2"
                  },
                  {
                     "code": "max_liability_cap",
                     "value": "10000.00"
                  },
                  {
                     "code": "mandatory_arbitration",
                     "value": "false"
                  },
                  {
                     "code": "court_jurisdiction",
                     "value": "New Delhi"
                  },
                  {
                     "code": "delay_interest",
                     "value": "7.50"
                  },
                  {
                     "code": "provider_tax_number",
                     "value": "ABCDE1234F"
                  }
               ]
            }
         ],
         "created_at": "2025-02-13T10:39:59.563Z",
         "updated_at": "2025-02-13T10:43:50.392Z",
         "documents": [
            {
               "label": "Invoice",
               "url": "https://ondc.sequelstring.com/seller/document/invoice.pdf"
            }
         ]
      }
   }
}


