{
   "context": {
      "domain": "ONDC:RET10",
      "city": "std:080",
      "country": "IND",
      "action": "status",
      "core_version": "1.2.0",
      "bap_id": "preprod.eazehub.com",
      "bap_uri": "https://preprod.eazehub.com",
      "bpp_id": "pramaan.ondc.org/beta/preprod/mock/seller",
      "bpp_uri": "https://pramaan.ondc.org/beta/preprod/mock/seller",
      "transaction_id": "6741288497441680",
      "message_id": "MSGe455c39c-2645-4898-aa9b-2c21c05e145f",
      "timestamp": "2025-02-13T10:39:59.932Z",
      "ttl": "PT30S"
   },
   "message": {
      "order_id": "1000444-1"
   }
}


