{
   "context": {
      "domain": "ONDC:RET10",
      "city": "std:080",
      "country": "IND",
      "action": "update",
      "core_version": "1.2.0",
      "bap_id": "preprod.eazehub.com",
      "bap_uri": "https://preprod.eazehub.com",
      "bpp_id": "pramaan.ondc.org/beta/preprod/mock/seller",
      "bpp_uri": "https://pramaan.ondc.org/beta/preprod/mock/seller",
      "transaction_id": "6741288497441680",
      "message_id": "MSGe91286ca-d7e7-4053-83ca-5e373eccd7bc",
      "timestamp": "2025-02-13T10:42:57.439Z",
      "ttl": "PT30S"
   },
   "message": {
      "update_target": "item",
      "order": {
         "id": "1000444-1",
         "fulfillments": [
            {
               "type": "Return",
               "tags": [
                  {
                     "code": "return_request",
                     "list": [
                        {
                           "code": "id",
                           "value": "6741510852766128"
                        },
                        {
                           "code": "item_id",
                           "value": "id_13owvn_0_0"
                        },
                        {
                           "code": "item_quantity",
                           "value": "2"
                        },
                        {
                           "code": "reason_id",
                           "value": "003"
                        },
                        {
                           "code": "reason_desc",
                           "value": "Address not found"
                        },
                        {
                           "code": "images",
                           "value": ""
                        },
                        {
                           "code": "ttl_approval",
                           "value": "PT24H"
                        },
                        {
                           "code": "ttl_reverseqc",
                           "value": "P3D"
                        }
                     ]
                  }
               ]
            }
         ]
      }
   }
}


{
   "context": {
      "domain": "ONDC:RET10",
      "city": "std:080",
      "country": "IND",
      "action": "update",
      "core_version": "1.2.0",
      "bap_id": "preprod.eazehub.com",
      "bap_uri": "https://preprod.eazehub.com",
      "bpp_id": "pramaan.ondc.org/beta/preprod/mock/seller",
      "bpp_uri": "https://pramaan.ondc.org/beta/preprod/mock/seller",
      "transaction_id": "6741288497441680",
      "message_id": "MSG0b918f03-e5e8-41b8-9c29-b7a728e9a4f5",
      "timestamp": "2025-02-13T10:43:39.316Z",
      "ttl": "PT30S"
   },
   "message": {
      "update_target": "payment",
      "order": {
         "id": "1000444-1",
         "fulfillments": [
            {
               "id": "6741510852766128",
               "type": "Return"
            }
         ],
         "payment": {
            "@ondc/org/settlement_details": [
               {
                  "settlement_counterparty": "buyer",
                  "settlement_phase": "refund",
                  "settlement_type": "upi",
                  "settlement_amount": "100",
                  "settlement_timestamp": "2025-02-13T10:43:39.316Z"
               }
            ]
         }
      }
   }
}


