{
   "context": {
      "domain": "ONDC:RET10",
      "city": "std:080",
      "country": "IND",
      "action": "init",
      "core_version": "1.2.0",
      "bap_id": "preprod.eazehub.com",
      "bap_uri": "https://preprod.eazehub.com",
      "bpp_id": "pramaan.ondc.org/beta/preprod/mock/seller",
      "bpp_uri": "https://pramaan.ondc.org/beta/preprod/mock/seller",
      "transaction_id": "6740857855711235",
      "message_id": "MSG12ca3cb5-0496-44e2-a9c7-c2c50f86fbd3",
      "timestamp": "2025-02-13T10:32:29.778Z",
      "ttl": "PT30S"
   },
   "message": {
      "order": {
         "provider": {
            "id": "pramaan_provider_2",
            "locations": [
               {
                  "id": "SSL2"
               }
            ]
         },
         "items": [
            {
               "id": "id_5yzai_3_1",
               "fulfillment_id": "e13d20d4-e891-4258-88ac-c3d182844afd",
               "quantity": {
                  "count": 2
               }
            }
         ],
         "billing": {
            "name": "madhura n",
            "address": {
               "name": "madhura n",
               "building": "no. 7",
               "locality": "Fusilli Reasons Old Sadasivam Street Pudupet Gopalapuram",
               "city": "Chennai",
               "state": "Tamil Nadu",
               "country": "India",
               "area_code": "600086"
            },
            "tax_number": "",
            "email": "sarvamangala711@gmail.com",
            "phone": "9164215281",
            "created_at": "2025-02-13T10:32:29.778Z",
            "updated_at": "2025-02-13T10:32:29.778Z"
         },
         "fulfillments": [
            {
               "id": "e13d20d4-e891-4258-88ac-c3d182844afd",
               "type": "Delivery",
               "end": {
                  "location": {
                     "gps": "17.387140,78.491684",
                     "address": {
                        "name": "Fusilli Reasons Old Sadasivam Street Pudupet Gopalapuram",
                        "building": "no. 7",
                        "locality": "Fusilli Reasons Old Sadasivam Street Pudupet Gopalapuram",
                        "city": "Chennai",
                        "state": "Tamil Nadu",
                        "country": "India",
                        "area_code": "600086"
                     }
                  },
                  "contact": {
                     "phone": "9164215281"
                  }
               }
            }
         ]
      }
   }
}


{
   "context": {
      "domain": "ONDC:RET10",
      "city": "std:080",
      "country": "IND",
      "action": "init",
      "core_version": "1.2.0",
      "bap_id": "preprod.eazehub.com",
      "bap_uri": "https://preprod.eazehub.com",
      "bpp_id": "pramaan.ondc.org/beta/preprod/mock/seller",
      "bpp_uri": "https://pramaan.ondc.org/beta/preprod/mock/seller",
      "transaction_id": "6740857855711235",
      "message_id": "MSGfa0952e5-6d90-46c3-9a5b-8a8b72d8486a",
      "timestamp": "2025-02-13T10:32:43.371Z",
      "ttl": "PT30S"
   },
   "message": {
      "order": {
         "provider": {
            "id": "pramaan_provider_2",
            "locations": [
               {
                  "id": "SSL2"
               }
            ]
         },
         "items": [
            {
               "id": "id_5yzai_3_1",
               "fulfillment_id": "e13d20d4-e891-4258-88ac-c3d182844afd",
               "quantity": {
                  "count": 2
               }
            }
         ],
         "billing": {
            "name": "madhura 1",
            "address": {
               "name": "madhura 1",
               "building": "no. 7",
               "locality": "Fusilli Reasons Old Sadasivam Street Pudupet Gopalapuram",
               "city": "Chennai",
               "state": "Tamil Nadu",
               "country": "India",
               "area_code": "600086"
            },
            "tax_number": "",
            "email": "sarvamangala711@gmail.com",
            "phone": "9164215281",
            "created_at": "2025-02-13T10:32:43.371Z",
            "updated_at": "2025-02-13T10:32:43.371Z"
         },
         "fulfillments": [
            {
               "id": "e13d20d4-e891-4258-88ac-c3d182844afd",
               "type": "Delivery",
               "end": {
                  "location": {
                     "gps": "17.387140,78.491684",
                     "address": {
                        "name": "Fusilli Reasons Old Sadasivam Street Pudupet Gopalapuram",
                        "building": "no. 7",
                        "locality": "Fusilli Reasons Old Sadasivam Street Pudupet Gopalapuram",
                        "city": "Chennai",
                        "state": "Tamil Nadu",
                        "country": "India",
                        "area_code": "600086"
                     }
                  },
                  "contact": {
                     "phone": "9164215281"
                  }
               }
            }
         ]
      }
   }
}


