{
   "context": {
      "domain": "ONDC:RET10",
      "city": "std:080",
      "country": "IND",
      "action": "on_status",
      "core_version": "1.2.0",
      "bap_id": "preprod.eazehub.com",
      "bap_uri": "https://preprod.eazehub.com",
      "bpp_id": "pramaan.ondc.org/beta/preprod/mock/seller",
      "bpp_uri": "https://pramaan.ondc.org/beta/preprod/mock/seller",
      "transaction_id": "6740857855711235",
      "message_id": "460589f2-89a5-4cd4-bc7f-cff725a079af",
      "timestamp": "2025-02-13T10:33:57.539Z",
      "ttl": "PT50S"
   },
   "message": {
      "order": {
         "id": "1000443-1",
         "state": "In-progress",
         "provider": {
            "id": "pramaan_provider_2",
            "locations": [
               {
                  "id": "SSL2"
               }
            ]
         },
         "items": [
            {
               "id": "id_5yzai_3_1",
               "quantity": {
                  "count": 2
               },
               "location_id": "SSL2",
               "fulfillment_id": "e13d20d4-e891-4258-88ac-c3d182844afd"
            }
         ],
         "billing": {
            "name": "madhura 1",
            "address": {
               "name": "madhura 1",
               "building": "no. 7",
               "locality": "Fusilli Reasons Old Sadasivam Street Pudupet Gopalapuram",
               "city": "Chennai",
               "state": "Tamil Nadu",
               "country": "India",
               "area_code": "600086"
            },
            "tax_number": "",
            "email": "sarvamangala711@gmail.com",
            "phone": "9164215281",
            "created_at": "2025-02-13T10:32:43.371Z",
            "updated_at": "2025-02-13T10:32:43.371Z"
         },
         "fulfillments": [
            {
               "id": "e13d20d4-e891-4258-88ac-c3d182844afd",
               "@ondc/org/provider_name": "Pramaan Store 2",
               "@ondc/org/category": "Standard Delivery",
               "@ondc/org/TAT": "PT24H",
               "state": {
                  "descriptor": {
                     "code": "Packed"
                  }
               },
               "type": "Delivery",
               "tracking": true,
               "start": {
                  "location": {
                     "id": "SSL2",
                     "gps": "28.527300, 77.182100",
                     "descriptor": {
                        "name": "Pramaan Store 2",
                        "images": [
                           "https://ondc.org/assets/theme/images/ondc_registered_logo.svg?v=399788fda7"
                        ]
                     },
                     "address": {
                        "locality": "221B",
                        "city": "London",
                        "area_code": "110030",
                        "state": "New Delhi"
                     }
                  },
                  "time": {
                     "range": {
                        "start": "2025-02-13T10:32:51.047Z",
                        "end": "2025-02-13T23:00:00.000Z"
                     }
                  },
                  "contact": {
                     "phone": "9753186420",
                     "email": "ss_seller_2@ss.com"
                  }
               },
               "end": {
                  "contact": {
                     "phone": "9164215281",
                     "email": "sarvamangala711@gmail.com"
                  },
                  "location": {
                     "gps": "17.387140,78.491684",
                     "address": {
                        "city": "Chennai",
                        "name": "Fusilli Reasons Old Sadasivam Street Pudupet Gopalapuram",
                        "state": "Tamil Nadu",
                        "country": "India",
                        "building": "no. 7",
                        "locality": "Fusilli Reasons Old Sadasivam Street Pudupet Gopalapuram",
                        "area_code": "600086"
                     }
                  },
                  "person": {
                     "name": "madhura"
                  },
                  "time": {
                     "range": {
                        "start": "2025-02-14T09:30:00.000Z",
                        "end": "2025-02-14T19:00:00.000Z"
                     }
                  }
               },
               "tags": [
                  {
                     "code": "routing",
                     "list": [
                        {
                           "code": "type",
                           "value": "P2P"
                        }
                     ]
                  },
                  {
                     "code": "tracking",
                     "list": [
                        {
                           "code": "gps_enabled",
                           "value": "yes"
                        },
                        {
                           "code": "url_enabled",
                           "value": "yes"
                        },
                        {
                           "code": "url",
                           "value": "https://ondc.sequelstring.com/track/e13d20d4-e891-4258-88ac-c3d182844afd"
                        }
                     ]
                  }
               ]
            }
         ],
         "quote": {
            "price": {
               "currency": "INR",
               "value": "378.00"
            },
            "breakup": [
               {
                  "@ondc/org/item_id": "id_5yzai_3_1",
                  "title": "Arhar Dal",
                  "@ondc/org/item_quantity": {
                     "count": 2
                  },
                  "@ondc/org/title_type": "item",
                  "price": {
                     "currency": "INR",
                     "value": "298.00"
                  },
                  "item": {
                     "quantity": {
                        "available": {
                           "count": "99"
                        },
                        "maximum": {
                           "count": "99"
                        }
                     },
                     "price": {
                        "currency": "INR",
                        "value": "149.00"
                     }
                  }
               },
               {
                  "@ondc/org/item_id": "e13d20d4-e891-4258-88ac-c3d182844afd",
                  "title": "Delivery charges",
                  "@ondc/org/title_type": "delivery",
                  "price": {
                     "currency": "INR",
                     "value": "40"
                  }
               },
               {
                  "@ondc/org/item_id": "e13d20d4-e891-4258-88ac-c3d182844afd",
                  "title": "Convenience Fee",
                  "@ondc/org/title_type": "misc",
                  "price": {
                     "currency": "INR",
                     "value": "40"
                  }
               }
            ],
            "ttl": "PT6H"
         },
         "payment": {
            "status": "PAID",
            "collected_by": "BAP",
            "@ondc/org/settlement_details": [
               {
                  "bank_name": "AXIS BANK LTD ",
                  "branch_name": "NAVI MUMBAI",
                  "upi_address": "",
                  "settlement_type": "neft",
                  "beneficiary_name": "SEQUELSTRING AI",
                  "settlement_phase": "sale-amount",
                  "settlement_status": "NOT-PAID",
                  "settlement_ifsc_code": "AXIS123456",
                  "settlement_counterparty": "seller-app",
                  "settlement_bank_account_no": "9876543210012"
               }
            ],
            "@ondc/org/buyer_app_finder_fee_type": "percent",
            "@ondc/org/buyer_app_finder_fee_amount": "3",
            "type": "ON-ORDER",
            "params": {
               "amount": "378.00",
               "transaction_id": "6740857855711235",
               "currency": "INR"
            }
         },
         "tags": [
            {
               "code": "bpp_terms",
               "list": [
                  {
                     "code": "np_type",
                     "value": "MSN"
                  },
                  {
                     "code": "tax_number",
                     "value": "00ABCDE1234F1Z5"
                  },
                  {
                     "code": "max_liability",
                     "value": "2"
                  },
                  {
                     "code": "max_liability_cap",
                     "value": "10000.00"
                  },
                  {
                     "code": "mandatory_arbitration",
                     "value": "false"
                  },
                  {
                     "code": "court_jurisdiction",
                     "value": "New Delhi"
                  },
                  {
                     "code": "delay_interest",
                     "value": "7.50"
                  },
                  {
                     "code": "provider_tax_number",
                     "value": "ABCDE1234F"
                  }
               ]
            }
         ],
         "created_at": "2025-02-13T10:32:50.702Z",
         "updated_at": "2025-02-13T10:33:57.539Z"
      }
   }
}


{
   "context": {
      "domain": "ONDC:RET10",
      "city": "std:080",
      "country": "IND",
      "action": "on_status",
      "core_version": "1.2.0",
      "bap_id": "preprod.eazehub.com",
      "bap_uri": "https://preprod.eazehub.com",
      "bpp_id": "pramaan.ondc.org/beta/preprod/mock/seller",
      "bpp_uri": "https://pramaan.ondc.org/beta/preprod/mock/seller",
      "transaction_id": "6740857855711235",
      "message_id": "01231b42-57f4-4417-8f11-0a7bd1238a4a",
      "timestamp": "2025-02-13T10:34:10.266Z",
      "ttl": "PT50S"
   },
   "message": {
      "order": {
         "id": "1000443-1",
         "state": "In-progress",
         "provider": {
            "id": "pramaan_provider_2",
            "locations": [
               {
                  "id": "SSL2"
               }
            ]
         },
         "items": [
            {
               "id": "id_5yzai_3_1",
               "quantity": {
                  "count": 2
               },
               "location_id": "SSL2",
               "fulfillment_id": "e13d20d4-e891-4258-88ac-c3d182844afd"
            }
         ],
         "billing": {
            "name": "madhura 1",
            "address": {
               "name": "madhura 1",
               "building": "no. 7",
               "locality": "Fusilli Reasons Old Sadasivam Street Pudupet Gopalapuram",
               "city": "Chennai",
               "state": "Tamil Nadu",
               "country": "India",
               "area_code": "600086"
            },
            "tax_number": "",
            "email": "sarvamangala711@gmail.com",
            "phone": "9164215281",
            "created_at": "2025-02-13T10:32:43.371Z",
            "updated_at": "2025-02-13T10:32:43.371Z"
         },
         "fulfillments": [
            {
               "id": "e13d20d4-e891-4258-88ac-c3d182844afd",
               "@ondc/org/provider_name": "Pramaan Store 2",
               "@ondc/org/category": "Standard Delivery",
               "@ondc/org/TAT": "PT24H",
               "state": {
                  "descriptor": {
                     "code": "Agent-assigned"
                  }
               },
               "type": "Delivery",
               "tracking": true,
               "start": {
                  "location": {
                     "id": "SSL2",
                     "gps": "28.527300, 77.182100",
                     "descriptor": {
                        "name": "Pramaan Store 2",
                        "images": [
                           "https://ondc.org/assets/theme/images/ondc_registered_logo.svg?v=399788fda7"
                        ]
                     },
                     "address": {
                        "locality": "221B",
                        "city": "London",
                        "area_code": "110030",
                        "state": "New Delhi"
                     }
                  },
                  "time": {
                     "range": {
                        "start": "2025-02-13T10:32:51.047Z",
                        "end": "2025-02-13T23:00:00.000Z"
                     }
                  },
                  "contact": {
                     "phone": "9753186420",
                     "email": "ss_seller_2@ss.com"
                  }
               },
               "end": {
                  "contact": {
                     "phone": "9164215281",
                     "email": "sarvamangala711@gmail.com"
                  },
                  "location": {
                     "gps": "17.387140,78.491684",
                     "address": {
                        "city": "Chennai",
                        "name": "Fusilli Reasons Old Sadasivam Street Pudupet Gopalapuram",
                        "state": "Tamil Nadu",
                        "country": "India",
                        "building": "no. 7",
                        "locality": "Fusilli Reasons Old Sadasivam Street Pudupet Gopalapuram",
                        "area_code": "600086"
                     }
                  },
                  "person": {
                     "name": "madhura"
                  },
                  "time": {
                     "range": {
                        "start": "2025-02-14T09:30:00.000Z",
                        "end": "2025-02-14T19:00:00.000Z"
                     }
                  }
               },
               "tags": [
                  {
                     "code": "routing",
                     "list": [
                        {
                           "code": "type",
                           "value": "P2P"
                        }
                     ]
                  },
                  {
                     "code": "tracking",
                     "list": [
                        {
                           "code": "gps_enabled",
                           "value": "yes"
                        },
                        {
                           "code": "url_enabled",
                           "value": "yes"
                        },
                        {
                           "code": "url",
                           "value": "https://ondc.sequelstring.com/track/e13d20d4-e891-4258-88ac-c3d182844afd"
                        }
                     ]
                  }
               ]
            }
         ],
         "quote": {
            "price": {
               "currency": "INR",
               "value": "378.00"
            },
            "breakup": [
               {
                  "@ondc/org/item_id": "id_5yzai_3_1",
                  "title": "Arhar Dal",
                  "@ondc/org/item_quantity": {
                     "count": 2
                  },
                  "@ondc/org/title_type": "item",
                  "price": {
                     "currency": "INR",
                     "value": "298.00"
                  },
                  "item": {
                     "quantity": {
                        "available": {
                           "count": "99"
                        },
                        "maximum": {
                           "count": "99"
                        }
                     },
                     "price": {
                        "currency": "INR",
                        "value": "149.00"
                     }
                  }
               },
               {
                  "@ondc/org/item_id": "e13d20d4-e891-4258-88ac-c3d182844afd",
                  "title": "Delivery charges",
                  "@ondc/org/title_type": "delivery",
                  "price": {
                     "currency": "INR",
                     "value": "40"
                  }
               },
               {
                  "@ondc/org/item_id": "e13d20d4-e891-4258-88ac-c3d182844afd",
                  "title": "Convenience Fee",
                  "@ondc/org/title_type": "misc",
                  "price": {
                     "currency": "INR",
                     "value": "40"
                  }
               }
            ],
            "ttl": "PT6H"
         },
         "payment": {
            "status": "PAID",
            "collected_by": "BAP",
            "@ondc/org/settlement_details": [
               {
                  "bank_name": "AXIS BANK LTD ",
                  "branch_name": "NAVI MUMBAI",
                  "upi_address": "",
                  "settlement_type": "neft",
                  "beneficiary_name": "SEQUELSTRING AI",
                  "settlement_phase": "sale-amount",
                  "settlement_status": "NOT-PAID",
                  "settlement_ifsc_code": "AXIS123456",
                  "settlement_counterparty": "seller-app",
                  "settlement_bank_account_no": "9876543210012"
               }
            ],
            "@ondc/org/buyer_app_finder_fee_type": "percent",
            "@ondc/org/buyer_app_finder_fee_amount": "3",
            "type": "ON-ORDER",
            "params": {
               "amount": "378.00",
               "transaction_id": "6740857855711235",
               "currency": "INR"
            }
         },
         "tags": [
            {
               "code": "bpp_terms",
               "list": [
                  {
                     "code": "np_type",
                     "value": "MSN"
                  },
                  {
                     "code": "tax_number",
                     "value": "00ABCDE1234F1Z5"
                  },
                  {
                     "code": "max_liability",
                     "value": "2"
                  },
                  {
                     "code": "max_liability_cap",
                     "value": "10000.00"
                  },
                  {
                     "code": "mandatory_arbitration",
                     "value": "false"
                  },
                  {
                     "code": "court_jurisdiction",
                     "value": "New Delhi"
                  },
                  {
                     "code": "delay_interest",
                     "value": "7.50"
                  },
                  {
                     "code": "provider_tax_number",
                     "value": "ABCDE1234F"
                  }
               ]
            }
         ],
         "created_at": "2025-02-13T10:32:50.702Z",
         "updated_at": "2025-02-13T10:34:10.266Z"
      }
   }
}


{
   "context": {
      "domain": "ONDC:RET10",
      "city": "std:080",
      "country": "IND",
      "action": "on_status",
      "core_version": "1.2.0",
      "bap_id": "preprod.eazehub.com",
      "bap_uri": "https://preprod.eazehub.com",
      "bpp_id": "pramaan.ondc.org/beta/preprod/mock/seller",
      "bpp_uri": "https://pramaan.ondc.org/beta/preprod/mock/seller",
      "transaction_id": "6740857855711235",
      "message_id": "93ff3de8-f532-4c25-b42a-c7f321f117cd",
      "timestamp": "2025-02-13T10:34:22.444Z",
      "ttl": "PT50S"
   },
   "message": {
      "order": {
         "id": "1000443-1",
         "state": "In-progress",
         "provider": {
            "id": "pramaan_provider_2",
            "locations": [
               {
                  "id": "SSL2"
               }
            ]
         },
         "items": [
            {
               "id": "id_5yzai_3_1",
               "quantity": {
                  "count": 2
               },
               "location_id": "SSL2",
               "fulfillment_id": "e13d20d4-e891-4258-88ac-c3d182844afd"
            }
         ],
         "billing": {
            "name": "madhura 1",
            "address": {
               "name": "madhura 1",
               "building": "no. 7",
               "locality": "Fusilli Reasons Old Sadasivam Street Pudupet Gopalapuram",
               "city": "Chennai",
               "state": "Tamil Nadu",
               "country": "India",
               "area_code": "600086"
            },
            "tax_number": "",
            "email": "sarvamangala711@gmail.com",
            "phone": "9164215281",
            "created_at": "2025-02-13T10:32:43.371Z",
            "updated_at": "2025-02-13T10:32:43.371Z"
         },
         "fulfillments": [
            {
               "id": "e13d20d4-e891-4258-88ac-c3d182844afd",
               "@ondc/org/provider_name": "Pramaan Store 2",
               "@ondc/org/category": "Standard Delivery",
               "@ondc/org/TAT": "PT24H",
               "state": {
                  "descriptor": {
                     "code": "Order-picked-up"
                  }
               },
               "type": "Delivery",
               "tracking": true,
               "start": {
                  "location": {
                     "id": "SSL2",
                     "gps": "28.527300, 77.182100",
                     "descriptor": {
                        "name": "Pramaan Store 2",
                        "images": [
                           "https://ondc.org/assets/theme/images/ondc_registered_logo.svg?v=399788fda7"
                        ]
                     },
                     "address": {
                        "locality": "221B",
                        "city": "London",
                        "area_code": "110030",
                        "state": "New Delhi"
                     }
                  },
                  "time": {
                     "range": {
                        "start": "2025-02-13T10:32:51.047Z",
                        "end": "2025-02-13T23:00:00.000Z"
                     },
                     "timestamp": "2025-02-13T10:34:22.444Z"
                  },
                  "contact": {
                     "phone": "9753186420",
                     "email": "ss_seller_2@ss.com"
                  }
               },
               "end": {
                  "contact": {
                     "phone": "9164215281",
                     "email": "sarvamangala711@gmail.com"
                  },
                  "location": {
                     "gps": "17.387140,78.491684",
                     "address": {
                        "city": "Chennai",
                        "name": "Fusilli Reasons Old Sadasivam Street Pudupet Gopalapuram",
                        "state": "Tamil Nadu",
                        "country": "India",
                        "building": "no. 7",
                        "locality": "Fusilli Reasons Old Sadasivam Street Pudupet Gopalapuram",
                        "area_code": "600086"
                     }
                  },
                  "person": {
                     "name": "madhura"
                  },
                  "time": {
                     "range": {
                        "start": "2025-02-14T09:30:00.000Z",
                        "end": "2025-02-14T19:00:00.000Z"
                     }
                  }
               },
               "tags": [
                  {
                     "code": "routing",
                     "list": [
                        {
                           "code": "type",
                           "value": "P2P"
                        }
                     ]
                  },
                  {
                     "code": "tracking",
                     "list": [
                        {
                           "code": "gps_enabled",
                           "value": "yes"
                        },
                        {
                           "code": "url_enabled",
                           "value": "yes"
                        },
                        {
                           "code": "url",
                           "value": "https://ondc.sequelstring.com/track/e13d20d4-e891-4258-88ac-c3d182844afd"
                        }
                     ]
                  }
               ]
            }
         ],
         "quote": {
            "price": {
               "currency": "INR",
               "value": "378.00"
            },
            "breakup": [
               {
                  "@ondc/org/item_id": "id_5yzai_3_1",
                  "title": "Arhar Dal",
                  "@ondc/org/item_quantity": {
                     "count": 2
                  },
                  "@ondc/org/title_type": "item",
                  "price": {
                     "currency": "INR",
                     "value": "298.00"
                  },
                  "item": {
                     "quantity": {
                        "available": {
                           "count": "99"
                        },
                        "maximum": {
                           "count": "99"
                        }
                     },
                     "price": {
                        "currency": "INR",
                        "value": "149.00"
                     }
                  }
               },
               {
                  "@ondc/org/item_id": "e13d20d4-e891-4258-88ac-c3d182844afd",
                  "title": "Delivery charges",
                  "@ondc/org/title_type": "delivery",
                  "price": {
                     "currency": "INR",
                     "value": "40"
                  }
               },
               {
                  "@ondc/org/item_id": "e13d20d4-e891-4258-88ac-c3d182844afd",
                  "title": "Convenience Fee",
                  "@ondc/org/title_type": "misc",
                  "price": {
                     "currency": "INR",
                     "value": "40"
                  }
               }
            ],
            "ttl": "PT6H"
         },
         "payment": {
            "status": "PAID",
            "collected_by": "BAP",
            "@ondc/org/settlement_details": [
               {
                  "bank_name": "AXIS BANK LTD ",
                  "branch_name": "NAVI MUMBAI",
                  "upi_address": "",
                  "settlement_type": "neft",
                  "beneficiary_name": "SEQUELSTRING AI",
                  "settlement_phase": "sale-amount",
                  "settlement_status": "NOT-PAID",
                  "settlement_ifsc_code": "AXIS123456",
                  "settlement_counterparty": "seller-app",
                  "settlement_bank_account_no": "9876543210012"
               }
            ],
            "@ondc/org/buyer_app_finder_fee_type": "percent",
            "@ondc/org/buyer_app_finder_fee_amount": "3",
            "type": "ON-ORDER",
            "params": {
               "amount": "378.00",
               "transaction_id": "6740857855711235",
               "currency": "INR"
            }
         },
         "tags": [
            {
               "code": "bpp_terms",
               "list": [
                  {
                     "code": "np_type",
                     "value": "MSN"
                  },
                  {
                     "code": "tax_number",
                     "value": "00ABCDE1234F1Z5"
                  },
                  {
                     "code": "max_liability",
                     "value": "2"
                  },
                  {
                     "code": "max_liability_cap",
                     "value": "10000.00"
                  },
                  {
                     "code": "mandatory_arbitration",
                     "value": "false"
                  },
                  {
                     "code": "court_jurisdiction",
                     "value": "New Delhi"
                  },
                  {
                     "code": "delay_interest",
                     "value": "7.50"
                  },
                  {
                     "code": "provider_tax_number",
                     "value": "ABCDE1234F"
                  }
               ]
            }
         ],
         "created_at": "2025-02-13T10:32:50.702Z",
         "updated_at": "2025-02-13T10:34:22.444Z",
         "documents": [
            {
               "label": "Invoice",
               "url": "https://ondc.sequelstring.com/seller/document/invoice.pdf"
            }
         ]
      }
   }
}


{
   "context": {
      "domain": "ONDC:RET10",
      "city": "std:080",
      "country": "IND",
      "action": "on_status",
      "core_version": "1.2.0",
      "bap_id": "preprod.eazehub.com",
      "bap_uri": "https://preprod.eazehub.com",
      "bpp_id": "pramaan.ondc.org/beta/preprod/mock/seller",
      "bpp_uri": "https://pramaan.ondc.org/beta/preprod/mock/seller",
      "transaction_id": "6740857855711235",
      "message_id": "805c11d6-bea0-4080-a15c-4e6e666238b2",
      "timestamp": "2025-02-13T10:34:34.349Z",
      "ttl": "PT50S"
   },
   "message": {
      "order": {
         "id": "1000443-1",
         "state": "In-progress",
         "provider": {
            "id": "pramaan_provider_2",
            "locations": [
               {
                  "id": "SSL2"
               }
            ]
         },
         "items": [
            {
               "id": "id_5yzai_3_1",
               "quantity": {
                  "count": 2
               },
               "location_id": "SSL2",
               "fulfillment_id": "e13d20d4-e891-4258-88ac-c3d182844afd"
            }
         ],
         "billing": {
            "name": "madhura 1",
            "address": {
               "name": "madhura 1",
               "building": "no. 7",
               "locality": "Fusilli Reasons Old Sadasivam Street Pudupet Gopalapuram",
               "city": "Chennai",
               "state": "Tamil Nadu",
               "country": "India",
               "area_code": "600086"
            },
            "tax_number": "",
            "email": "sarvamangala711@gmail.com",
            "phone": "9164215281",
            "created_at": "2025-02-13T10:32:43.371Z",
            "updated_at": "2025-02-13T10:32:43.371Z"
         },
         "fulfillments": [
            {
               "id": "e13d20d4-e891-4258-88ac-c3d182844afd",
               "@ondc/org/provider_name": "Pramaan Store 2",
               "@ondc/org/category": "Standard Delivery",
               "@ondc/org/TAT": "PT24H",
               "state": {
                  "descriptor": {
                     "code": "Out-for-delivery"
                  }
               },
               "type": "Delivery",
               "tracking": true,
               "start": {
                  "location": {
                     "id": "SSL2",
                     "gps": "28.527300, 77.182100",
                     "descriptor": {
                        "name": "Pramaan Store 2",
                        "images": [
                           "https://ondc.org/assets/theme/images/ondc_registered_logo.svg?v=399788fda7"
                        ]
                     },
                     "address": {
                        "locality": "221B",
                        "city": "London",
                        "area_code": "110030",
                        "state": "New Delhi"
                     }
                  },
                  "time": {
                     "range": {
                        "start": "2025-02-13T10:32:51.047Z",
                        "end": "2025-02-13T23:00:00.000Z"
                     },
                     "timestamp": "2025-02-13T10:34:22.444Z"
                  },
                  "contact": {
                     "phone": "9753186420",
                     "email": "ss_seller_2@ss.com"
                  }
               },
               "end": {
                  "contact": {
                     "phone": "9164215281",
                     "email": "sarvamangala711@gmail.com"
                  },
                  "location": {
                     "gps": "17.387140,78.491684",
                     "address": {
                        "city": "Chennai",
                        "name": "Fusilli Reasons Old Sadasivam Street Pudupet Gopalapuram",
                        "state": "Tamil Nadu",
                        "country": "India",
                        "building": "no. 7",
                        "locality": "Fusilli Reasons Old Sadasivam Street Pudupet Gopalapuram",
                        "area_code": "600086"
                     }
                  },
                  "person": {
                     "name": "madhura"
                  },
                  "time": {
                     "range": {
                        "start": "2025-02-14T09:30:00.000Z",
                        "end": "2025-02-14T19:00:00.000Z"
                     }
                  }
               },
               "tags": [
                  {
                     "code": "routing",
                     "list": [
                        {
                           "code": "type",
                           "value": "P2P"
                        }
                     ]
                  },
                  {
                     "code": "tracking",
                     "list": [
                        {
                           "code": "gps_enabled",
                           "value": "yes"
                        },
                        {
                           "code": "url_enabled",
                           "value": "yes"
                        },
                        {
                           "code": "url",
                           "value": "https://ondc.sequelstring.com/track/e13d20d4-e891-4258-88ac-c3d182844afd"
                        }
                     ]
                  }
               ]
            }
         ],
         "quote": {
            "price": {
               "currency": "INR",
               "value": "378.00"
            },
            "breakup": [
               {
                  "@ondc/org/item_id": "id_5yzai_3_1",
                  "title": "Arhar Dal",
                  "@ondc/org/item_quantity": {
                     "count": 2
                  },
                  "@ondc/org/title_type": "item",
                  "price": {
                     "currency": "INR",
                     "value": "298.00"
                  },
                  "item": {
                     "quantity": {
                        "available": {
                           "count": "99"
                        },
                        "maximum": {
                           "count": "99"
                        }
                     },
                     "price": {
                        "currency": "INR",
                        "value": "149.00"
                     }
                  }
               },
               {
                  "@ondc/org/item_id": "e13d20d4-e891-4258-88ac-c3d182844afd",
                  "title": "Delivery charges",
                  "@ondc/org/title_type": "delivery",
                  "price": {
                     "currency": "INR",
                     "value": "40"
                  }
               },
               {
                  "@ondc/org/item_id": "e13d20d4-e891-4258-88ac-c3d182844afd",
                  "title": "Convenience Fee",
                  "@ondc/org/title_type": "misc",
                  "price": {
                     "currency": "INR",
                     "value": "40"
                  }
               }
            ],
            "ttl": "PT6H"
         },
         "payment": {
            "status": "PAID",
            "collected_by": "BAP",
            "@ondc/org/settlement_details": [
               {
                  "bank_name": "AXIS BANK LTD ",
                  "branch_name": "NAVI MUMBAI",
                  "upi_address": "",
                  "settlement_type": "neft",
                  "beneficiary_name": "SEQUELSTRING AI",
                  "settlement_phase": "sale-amount",
                  "settlement_status": "NOT-PAID",
                  "settlement_ifsc_code": "AXIS123456",
                  "settlement_counterparty": "seller-app",
                  "settlement_bank_account_no": "9876543210012"
               }
            ],
            "@ondc/org/buyer_app_finder_fee_type": "percent",
            "@ondc/org/buyer_app_finder_fee_amount": "3",
            "type": "ON-ORDER",
            "params": {
               "amount": "378.00",
               "transaction_id": "6740857855711235",
               "currency": "INR"
            }
         },
         "tags": [
            {
               "code": "bpp_terms",
               "list": [
                  {
                     "code": "np_type",
                     "value": "MSN"
                  },
                  {
                     "code": "tax_number",
                     "value": "00ABCDE1234F1Z5"
                  },
                  {
                     "code": "max_liability",
                     "value": "2"
                  },
                  {
                     "code": "max_liability_cap",
                     "value": "10000.00"
                  },
                  {
                     "code": "mandatory_arbitration",
                     "value": "false"
                  },
                  {
                     "code": "court_jurisdiction",
                     "value": "New Delhi"
                  },
                  {
                     "code": "delay_interest",
                     "value": "7.50"
                  },
                  {
                     "code": "provider_tax_number",
                     "value": "ABCDE1234F"
                  }
               ]
            }
         ],
         "created_at": "2025-02-13T10:32:50.702Z",
         "updated_at": "2025-02-13T10:34:34.349Z",
         "documents": [
            {
               "label": "Invoice",
               "url": "https://ondc.sequelstring.com/seller/document/invoice.pdf"
            }
         ]
      }
   }
}


{
   "context": {
      "domain": "ONDC:RET10",
      "city": "std:080",
      "country": "IND",
      "action": "on_status",
      "core_version": "1.2.0",
      "bap_id": "preprod.eazehub.com",
      "bap_uri": "https://preprod.eazehub.com",
      "bpp_id": "pramaan.ondc.org/beta/preprod/mock/seller",
      "bpp_uri": "https://pramaan.ondc.org/beta/preprod/mock/seller",
      "transaction_id": "6740857855711235",
      "message_id": "e1d5ba20-1b78-4819-b966-42020483fce4",
      "timestamp": "2025-02-13T10:34:46.003Z",
      "ttl": "PT50S"
   },
   "message": {
      "order": {
         "id": "1000443-1",
         "state": "Completed",
         "provider": {
            "id": "pramaan_provider_2",
            "locations": [
               {
                  "id": "SSL2"
               }
            ]
         },
         "items": [
            {
               "id": "id_5yzai_3_1",
               "quantity": {
                  "count": 2
               },
               "location_id": "SSL2",
               "fulfillment_id": "e13d20d4-e891-4258-88ac-c3d182844afd"
            }
         ],
         "billing": {
            "name": "madhura 1",
            "address": {
               "name": "madhura 1",
               "building": "no. 7",
               "locality": "Fusilli Reasons Old Sadasivam Street Pudupet Gopalapuram",
               "city": "Chennai",
               "state": "Tamil Nadu",
               "country": "India",
               "area_code": "600086"
            },
            "tax_number": "",
            "email": "sarvamangala711@gmail.com",
            "phone": "9164215281",
            "created_at": "2025-02-13T10:32:43.371Z",
            "updated_at": "2025-02-13T10:32:43.371Z"
         },
         "fulfillments": [
            {
               "id": "e13d20d4-e891-4258-88ac-c3d182844afd",
               "@ondc/org/provider_name": "Pramaan Store 2",
               "@ondc/org/category": "Standard Delivery",
               "@ondc/org/TAT": "PT24H",
               "state": {
                  "descriptor": {
                     "code": "Order-delivered"
                  }
               },
               "type": "Delivery",
               "tracking": true,
               "start": {
                  "location": {
                     "id": "SSL2",
                     "gps": "28.527300, 77.182100",
                     "descriptor": {
                        "name": "Pramaan Store 2",
                        "images": [
                           "https://ondc.org/assets/theme/images/ondc_registered_logo.svg?v=399788fda7"
                        ]
                     },
                     "address": {
                        "locality": "221B",
                        "city": "London",
                        "area_code": "110030",
                        "state": "New Delhi"
                     }
                  },
                  "time": {
                     "range": {
                        "start": "2025-02-13T10:32:51.047Z",
                        "end": "2025-02-13T23:00:00.000Z"
                     },
                     "timestamp": "2025-02-13T10:34:22.444Z"
                  },
                  "contact": {
                     "phone": "9753186420",
                     "email": "ss_seller_2@ss.com"
                  }
               },
               "end": {
                  "contact": {
                     "phone": "9164215281",
                     "email": "sarvamangala711@gmail.com"
                  },
                  "location": {
                     "gps": "17.387140,78.491684",
                     "address": {
                        "city": "Chennai",
                        "name": "Fusilli Reasons Old Sadasivam Street Pudupet Gopalapuram",
                        "state": "Tamil Nadu",
                        "country": "India",
                        "building": "no. 7",
                        "locality": "Fusilli Reasons Old Sadasivam Street Pudupet Gopalapuram",
                        "area_code": "600086"
                     }
                  },
                  "person": {
                     "name": "madhura"
                  },
                  "time": {
                     "range": {
                        "start": "2025-02-14T09:30:00.000Z",
                        "end": "2025-02-14T19:00:00.000Z"
                     },
                     "timestamp": "2025-02-13T10:34:46.003Z"
                  }
               },
               "tags": [
                  {
                     "code": "routing",
                     "list": [
                        {
                           "code": "type",
                           "value": "P2P"
                        }
                     ]
                  },
                  {
                     "code": "tracking",
                     "list": [
                        {
                           "code": "gps_enabled",
                           "value": "yes"
                        },
                        {
                           "code": "url_enabled",
                           "value": "yes"
                        },
                        {
                           "code": "url",
                           "value": "https://ondc.sequelstring.com/track/e13d20d4-e891-4258-88ac-c3d182844afd"
                        }
                     ]
                  }
               ]
            }
         ],
         "quote": {
            "price": {
               "currency": "INR",
               "value": "378.00"
            },
            "breakup": [
               {
                  "@ondc/org/item_id": "id_5yzai_3_1",
                  "title": "Arhar Dal",
                  "@ondc/org/item_quantity": {
                     "count": 2
                  },
                  "@ondc/org/title_type": "item",
                  "price": {
                     "currency": "INR",
                     "value": "298.00"
                  },
                  "item": {
                     "quantity": {
                        "available": {
                           "count": "99"
                        },
                        "maximum": {
                           "count": "99"
                        }
                     },
                     "price": {
                        "currency": "INR",
                        "value": "149.00"
                     }
                  }
               },
               {
                  "@ondc/org/item_id": "e13d20d4-e891-4258-88ac-c3d182844afd",
                  "title": "Delivery charges",
                  "@ondc/org/title_type": "delivery",
                  "price": {
                     "currency": "INR",
                     "value": "40"
                  }
               },
               {
                  "@ondc/org/item_id": "e13d20d4-e891-4258-88ac-c3d182844afd",
                  "title": "Convenience Fee",
                  "@ondc/org/title_type": "misc",
                  "price": {
                     "currency": "INR",
                     "value": "40"
                  }
               }
            ],
            "ttl": "PT6H"
         },
         "payment": {
            "status": "PAID",
            "collected_by": "BAP",
            "@ondc/org/settlement_details": [
               {
                  "bank_name": "AXIS BANK LTD ",
                  "branch_name": "NAVI MUMBAI",
                  "upi_address": "",
                  "settlement_type": "neft",
                  "beneficiary_name": "SEQUELSTRING AI",
                  "settlement_phase": "sale-amount",
                  "settlement_status": "NOT-PAID",
                  "settlement_ifsc_code": "AXIS123456",
                  "settlement_counterparty": "seller-app",
                  "settlement_bank_account_no": "9876543210012"
               }
            ],
            "@ondc/org/buyer_app_finder_fee_type": "percent",
            "@ondc/org/buyer_app_finder_fee_amount": "3",
            "type": "ON-ORDER",
            "params": {
               "amount": "378.00",
               "transaction_id": "6740857855711235",
               "currency": "INR"
            }
         },
         "tags": [
            {
               "code": "bpp_terms",
               "list": [
                  {
                     "code": "np_type",
                     "value": "MSN"
                  },
                  {
                     "code": "tax_number",
                     "value": "00ABCDE1234F1Z5"
                  },
                  {
                     "code": "max_liability",
                     "value": "2"
                  },
                  {
                     "code": "max_liability_cap",
                     "value": "10000.00"
                  },
                  {
                     "code": "mandatory_arbitration",
                     "value": "false"
                  },
                  {
                     "code": "court_jurisdiction",
                     "value": "New Delhi"
                  },
                  {
                     "code": "delay_interest",
                     "value": "7.50"
                  },
                  {
                     "code": "provider_tax_number",
                     "value": "ABCDE1234F"
                  }
               ]
            }
         ],
         "created_at": "2025-02-13T10:32:50.702Z",
         "updated_at": "2025-02-13T10:34:46.003Z",
         "documents": [
            {
               "label": "Invoice",
               "url": "https://ondc.sequelstring.com/seller/document/invoice.pdf"
            }
         ]
      }
   }
}


{
   "context": {
      "domain": "ONDC:RET10",
      "city": "std:080",
      "country": "IND",
      "action": "on_status",
      "core_version": "1.2.0",
      "bap_id": "preprod.eazehub.com",
      "bap_uri": "https://preprod.eazehub.com",
      "bpp_id": "pramaan.ondc.org/beta/preprod/mock/seller",
      "bpp_uri": "https://pramaan.ondc.org/beta/preprod/mock/seller",
      "transaction_id": "6740857855711235",
      "message_id": "5fde14e9-581b-4394-8d9c-975cdab5497c",
      "timestamp": "2025-02-13T10:34:46.725Z",
      "ttl": "PT50S"
   },
   "message": {
      "order": {
         "id": "1000443-1",
         "state": "Completed",
         "provider": {
            "id": "pramaan_provider_2",
            "locations": [
               {
                  "id": "SSL2"
               }
            ]
         },
         "items": [
            {
               "id": "id_5yzai_3_1",
               "quantity": {
                  "count": 2
               },
               "location_id": "SSL2",
               "fulfillment_id": "e13d20d4-e891-4258-88ac-c3d182844afd"
            }
         ],
         "billing": {
            "name": "madhura 1",
            "address": {
               "name": "madhura 1",
               "building": "no. 7",
               "locality": "Fusilli Reasons Old Sadasivam Street Pudupet Gopalapuram",
               "city": "Chennai",
               "state": "Tamil Nadu",
               "country": "India",
               "area_code": "600086"
            },
            "tax_number": "",
            "email": "sarvamangala711@gmail.com",
            "phone": "9164215281",
            "created_at": "2025-02-13T10:32:43.371Z",
            "updated_at": "2025-02-13T10:32:43.371Z"
         },
         "fulfillments": [
            {
               "id": "e13d20d4-e891-4258-88ac-c3d182844afd",
               "@ondc/org/provider_name": "Pramaan Store 2",
               "@ondc/org/category": "Standard Delivery",
               "@ondc/org/TAT": "PT24H",
               "state": {
                  "descriptor": {
                     "code": "Order-delivered"
                  }
               },
               "type": "Delivery",
               "tracking": true,
               "start": {
                  "location": {
                     "id": "SSL2",
                     "gps": "28.527300, 77.182100",
                     "descriptor": {
                        "name": "Pramaan Store 2",
                        "images": [
                           "https://ondc.org/assets/theme/images/ondc_registered_logo.svg?v=399788fda7"
                        ]
                     },
                     "address": {
                        "locality": "221B",
                        "city": "London",
                        "area_code": "110030",
                        "state": "New Delhi"
                     }
                  },
                  "time": {
                     "range": {
                        "start": "2025-02-13T10:32:51.047Z",
                        "end": "2025-02-13T23:00:00.000Z"
                     },
                     "timestamp": "2025-02-13T10:34:22.444Z"
                  },
                  "contact": {
                     "phone": "9753186420",
                     "email": "ss_seller_2@ss.com"
                  }
               },
               "end": {
                  "contact": {
                     "phone": "9164215281",
                     "email": "sarvamangala711@gmail.com"
                  },
                  "location": {
                     "gps": "17.387140,78.491684",
                     "address": {
                        "city": "Chennai",
                        "name": "Fusilli Reasons Old Sadasivam Street Pudupet Gopalapuram",
                        "state": "Tamil Nadu",
                        "country": "India",
                        "building": "no. 7",
                        "locality": "Fusilli Reasons Old Sadasivam Street Pudupet Gopalapuram",
                        "area_code": "600086"
                     }
                  },
                  "person": {
                     "name": "madhura"
                  },
                  "time": {
                     "range": {
                        "start": "2025-02-14T09:30:00.000Z",
                        "end": "2025-02-14T19:00:00.000Z"
                     },
                     "timestamp": "2025-02-13T10:34:46.725Z"
                  }
               },
               "tags": [
                  {
                     "code": "routing",
                     "list": [
                        {
                           "code": "type",
                           "value": "P2P"
                        }
                     ]
                  },
                  {
                     "code": "tracking",
                     "list": [
                        {
                           "code": "gps_enabled",
                           "value": "yes"
                        },
                        {
                           "code": "url_enabled",
                           "value": "yes"
                        },
                        {
                           "code": "url",
                           "value": "https://ondc.sequelstring.com/track/e13d20d4-e891-4258-88ac-c3d182844afd"
                        }
                     ]
                  }
               ]
            }
         ],
         "quote": {
            "price": {
               "currency": "INR",
               "value": "378.00"
            },
            "breakup": [
               {
                  "@ondc/org/item_id": "id_5yzai_3_1",
                  "title": "Arhar Dal",
                  "@ondc/org/item_quantity": {
                     "count": 2
                  },
                  "@ondc/org/title_type": "item",
                  "price": {
                     "currency": "INR",
                     "value": "298.00"
                  },
                  "item": {
                     "quantity": {
                        "available": {
                           "count": "99"
                        },
                        "maximum": {
                           "count": "99"
                        }
                     },
                     "price": {
                        "currency": "INR",
                        "value": "149.00"
                     }
                  }
               },
               {
                  "@ondc/org/item_id": "e13d20d4-e891-4258-88ac-c3d182844afd",
                  "title": "Delivery charges",
                  "@ondc/org/title_type": "delivery",
                  "price": {
                     "currency": "INR",
                     "value": "40"
                  }
               },
               {
                  "@ondc/org/item_id": "e13d20d4-e891-4258-88ac-c3d182844afd",
                  "title": "Convenience Fee",
                  "@ondc/org/title_type": "misc",
                  "price": {
                     "currency": "INR",
                     "value": "40"
                  }
               }
            ],
            "ttl": "PT6H"
         },
         "payment": {
            "status": "PAID",
            "collected_by": "BAP",
            "@ondc/org/settlement_details": [
               {
                  "bank_name": "AXIS BANK LTD ",
                  "branch_name": "NAVI MUMBAI",
                  "upi_address": "",
                  "settlement_type": "neft",
                  "beneficiary_name": "SEQUELSTRING AI",
                  "settlement_phase": "sale-amount",
                  "settlement_status": "NOT-PAID",
                  "settlement_ifsc_code": "AXIS123456",
                  "settlement_counterparty": "seller-app",
                  "settlement_bank_account_no": "9876543210012"
               }
            ],
            "@ondc/org/buyer_app_finder_fee_type": "percent",
            "@ondc/org/buyer_app_finder_fee_amount": "3",
            "type": "ON-ORDER",
            "params": {
               "amount": "378.00",
               "transaction_id": "6740857855711235",
               "currency": "INR"
            }
         },
         "tags": [
            {
               "code": "bpp_terms",
               "list": [
                  {
                     "code": "np_type",
                     "value": "MSN"
                  },
                  {
                     "code": "tax_number",
                     "value": "00ABCDE1234F1Z5"
                  },
                  {
                     "code": "max_liability",
                     "value": "2"
                  },
                  {
                     "code": "max_liability_cap",
                     "value": "10000.00"
                  },
                  {
                     "code": "mandatory_arbitration",
                     "value": "false"
                  },
                  {
                     "code": "court_jurisdiction",
                     "value": "New Delhi"
                  },
                  {
                     "code": "delay_interest",
                     "value": "7.50"
                  },
                  {
                     "code": "provider_tax_number",
                     "value": "ABCDE1234F"
                  }
               ]
            }
         ],
         "created_at": "2025-02-13T10:32:50.702Z",
         "updated_at": "2025-02-13T10:34:46.725Z",
         "documents": [
            {
               "label": "Invoice",
               "url": "https://ondc.sequelstring.com/seller/document/invoice.pdf"
            }
         ]
      }
   }
}


