{
   "context": {
      "domain": "ONDC:RET10",
      "city": "std:080",
      "country": "IND",
      "action": "status",
      "core_version": "1.2.0",
      "bap_id": "preprod.eazehub.com",
      "bap_uri": "https://preprod.eazehub.com",
      "bpp_id": "pramaan.ondc.org/beta/preprod/mock/seller",
      "bpp_uri": "https://pramaan.ondc.org/beta/preprod/mock/seller",
      "transaction_id": "6740857855711235",
      "message_id": "MSGb3efdafb-bfe6-46a8-91f6-5f0f7757fa76",
      "timestamp": "2025-02-13T10:32:51.125Z",
      "ttl": "PT30S"
   },
   "message": {
      "order_id": "1000443-1"
   }
}


