{
   "context": {
      "domain": "ONDC:RET10",
      "city": "std:080",
      "country": "IND",
      "action": "update",
      "core_version": "1.2.0",
      "bap_id": "preprod.eazehub.com",
      "bap_uri": "https://preprod.eazehub.com",
      "bpp_id": "pramaan.ondc.org/beta/preprod/mock/seller",
      "bpp_uri": "https://pramaan.ondc.org/beta/preprod/mock/seller",
      "transaction_id": "6740857855711235",
      "message_id": "MSG5ae77aa5-2b56-4b1d-90eb-145fb09806fd",
      "timestamp": "2025-02-13T10:36:12.894Z",
      "ttl": "PT30S"
   },
   "message": {
      "update_target": "item",
      "order": {
         "id": "1000443-1",
         "fulfillments": [
            {
               "type": "Return",
               "tags": [
                  {
                     "code": "return_request",
                     "list": [
                        {
                           "code": "id",
                           "value": "6741106308682151"
                        },
                        {
                           "code": "item_id",
                           "value": "id_5yzai_3_1"
                        },
                        {
                           "code": "item_quantity",
                           "value": "1"
                        },
                        {
                           "code": "reason_id",
                           "value": "003"
                        },
                        {
                           "code": "reason_desc",
                           "value": "Address not found"
                        },
                        {
                           "code": "images",
                           "value": ""
                        },
                        {
                           "code": "ttl_approval",
                           "value": "PT24H"
                        },
                        {
                           "code": "ttl_reverseqc",
                           "value": "P3D"
                        }
                     ]
                  }
               ]
            }
         ]
      }
   }
}


{
   "context": {
      "domain": "ONDC:RET10",
      "city": "std:080",
      "country": "IND",
      "action": "update",
      "core_version": "1.2.0",
      "bap_id": "preprod.eazehub.com",
      "bap_uri": "https://preprod.eazehub.com",
      "bpp_id": "pramaan.ondc.org/beta/preprod/mock/seller",
      "bpp_uri": "https://pramaan.ondc.org/beta/preprod/mock/seller",
      "transaction_id": "6740857855711235",
      "message_id": "MSG7e8b232a-22f7-49a1-879b-f2ada8d50dc5",
      "timestamp": "2025-02-13T10:36:33.782Z",
      "ttl": "PT30S"
   },
   "message": {
      "update_target": "payment",
      "order": {
         "id": "1000443-1",
         "fulfillments": [
            {
               "id": "6741106308682151",
               "type": "Return"
            }
         ],
         "payment": {
            "@ondc/org/settlement_details": [
               {
                  "settlement_counterparty": "buyer",
                  "settlement_phase": "refund",
                  "settlement_type": "upi",
                  "settlement_amount": "100",
                  "settlement_timestamp": "2025-02-13T10:36:33.783Z"
               }
            ]
         }
      }
   }
}


