{
   "context": {
      "domain": "ONDC:RET10",
      "city": "std:080",
      "country": "IND",
      "action": "init",
      "core_version": "1.2.0",
      "bap_id": "preprod.eazehub.com",
      "bap_uri": "https://preprod.eazehub.com",
      "bpp_id": "pramaan.ondc.org/beta/preprod/mock/seller",
      "bpp_uri": "https://pramaan.ondc.org/beta/preprod/mock/seller",
      "transaction_id": "6747490248070087",
      "message_id": "MSGdcfef708-d345-48d5-802f-a0818af581c5",
      "timestamp": "2025-02-13T12:26:36.888Z",
      "ttl": "PT30S"
   },
   "message": {
      "order": {
         "provider": {
            "id": "pramaan_provider_2",
            "locations": [
               {
                  "id": "SSL2"
               }
            ]
         },
         "items": [
            {
               "id": "id_13owvn_0_1",
               "fulfillment_id": "815759e1-9846-4648-855b-474ebeb01c74",
               "quantity": {
                  "count": 2
               }
            }
         ],
         "billing": {
            "name": "Rakshith Rai",
            "address": {
               "name": "Rakshith Rai",
               "building": "Plot No. 14",
               "locality": "allahabad",
               "city": "Ghaziabad",
               "state": "Uttar Pradesh",
               "country": "India",
               "area_code": "201010"
            },
            "tax_number": "",
            "email": "rrai@opteamix.com",
            "phone": "9164215281",
            "created_at": "2025-02-13T12:26:36.888Z",
            "updated_at": "2025-02-13T12:26:36.888Z"
         },
         "fulfillments": [
            {
               "id": "815759e1-9846-4648-855b-474ebeb01c74",
               "type": "Delivery",
               "end": {
                  "location": {
                     "gps": "17.387140,78.491684",
                     "address": {
                        "name": "allahabad",
                        "building": "Plot No. 14",
                        "locality": "allahabad",
                        "city": "Ghaziabad",
                        "state": "Uttar Pradesh",
                        "country": "India",
                        "area_code": "201010"
                     }
                  },
                  "contact": {
                     "phone": "9164215281"
                  }
               }
            }
         ]
      }
   }
}


