{
   "context": {
      "domain": "ONDC:RET10",
      "city": "std:080",
      "country": "IND",
      "action": "on_select",
      "core_version": "1.2.0",
      "bap_id": "preprod.eazehub.com",
      "bap_uri": "https://preprod.eazehub.com",
      "bpp_id": "pramaan.ondc.org/beta/preprod/mock/seller",
      "bpp_uri": "https://pramaan.ondc.org/beta/preprod/mock/seller",
      "transaction_id": "6747490248070087",
      "message_id": "MSG9eb4426b-cc89-40e3-9587-8213d79cd5e7",
      "timestamp": "2025-02-13T12:25:58.353Z",
      "ttl": "PT30S"
   },
   "message": {
      "order": {
         "fulfillments": [
            {
               "id": "815759e1-9846-4648-855b-474ebeb01c74",
               "type": "Delivery",
               "@ondc/org/provider_name": "Pramaan Store 2",
               "tracking": true,
               "@ondc/org/category": "Standard Delivery",
               "@ondc/org/TAT": "PT24H",
               "state": {
                  "descriptor": {
                     "code": "Serviceable"
                  }
               }
            },
            {
               "id": "e1f42afd-38b3-417b-9900-cc3dc453f802",
               "type": "Self-Pickup",
               "@ondc/org/provider_name": "",
               "tracking": false,
               "@ondc/org/category": "Takeaway",
               "@ondc/org/TAT": "PT24H",
               "state": {
                  "descriptor": {
                     "code": "Serviceable"
                  }
               }
            }
         ],
         "items": [
            {
               "id": "id_13owvn_0_1",
               "quantity": {
                  "count": 2
               },
               "location_id": "SSL2",
               "fulfillment_id": "815759e1-9846-4648-855b-474ebeb01c74"
            }
         ],
         "quote": {
            "price": {
               "currency": "INR",
               "value": "210.00"
            },
            "breakup": [
               {
                  "@ondc/org/item_id": "id_13owvn_0_1",
                  "title": "Plain Atta",
                  "@ondc/org/item_quantity": {
                     "count": 2
                  },
                  "@ondc/org/title_type": "item",
                  "price": {
                     "currency": "INR",
                     "value": "130.00"
                  },
                  "item": {
                     "quantity": {
                        "available": {
                           "count": "99"
                        },
                        "maximum": {
                           "count": "99"
                        }
                     },
                     "price": {
                        "currency": "INR",
                        "value": "65.00"
                     }
                  }
               },
               {
                  "@ondc/org/item_id": "815759e1-9846-4648-855b-474ebeb01c74",
                  "title": "Delivery charges",
                  "@ondc/org/title_type": "delivery",
                  "price": {
                     "currency": "INR",
                     "value": "40"
                  }
               },
               {
                  "@ondc/org/item_id": "815759e1-9846-4648-855b-474ebeb01c74",
                  "title": "Convenience Fee",
                  "@ondc/org/title_type": "misc",
                  "price": {
                     "currency": "INR",
                     "value": "40"
                  }
               }
            ],
            "ttl": "PT6H"
         },
         "provider": {
            "id": "pramaan_provider_2",
            "locations": [
               {
                  "id": "SSL2"
               }
            ]
         }
      }
   }
}


