{
   "context": {
      "domain": "ONDC:RET10",
      "city": "std:080",
      "country": "IND",
      "action": "on_status",
      "core_version": "1.2.0",
      "bap_id": "preprod.eazehub.com",
      "bap_uri": "https://preprod.eazehub.com",
      "bpp_id": "pramaan.ondc.org/beta/preprod/mock/seller",
      "bpp_uri": "https://pramaan.ondc.org/beta/preprod/mock/seller",
      "transaction_id": "6747490248070087",
      "message_id": "886843c5-251a-427b-86bb-04e5c0a8d9a9",
      "timestamp": "2025-02-13T12:27:59.340Z",
      "ttl": "PT50S"
   },
   "message": {
      "order": {
         "id": "1000448-1",
         "state": "In-progress",
         "provider": {
            "id": "pramaan_provider_2",
            "locations": [
               {
                  "id": "SSL2"
               }
            ]
         },
         "items": [
            {
               "id": "id_13owvn_0_1",
               "quantity": {
                  "count": 2
               },
               "location_id": "SSL2",
               "fulfillment_id": "815759e1-9846-4648-855b-474ebeb01c74"
            }
         ],
         "billing": {
            "name": "Rakshith Rai",
            "address": {
               "name": "Rakshith Rai",
               "building": "Plot No. 14",
               "locality": "allahabad",
               "city": "Ghaziabad",
               "state": "Uttar Pradesh",
               "country": "India",
               "area_code": "201010"
            },
            "tax_number": "",
            "email": "rrai@opteamix.com",
            "phone": "9164215281",
            "created_at": "2025-02-13T12:26:36.888Z",
            "updated_at": "2025-02-13T12:26:36.888Z"
         },
         "fulfillments": [
            {
               "id": "815759e1-9846-4648-855b-474ebeb01c74",
               "@ondc/org/provider_name": "Pramaan Store 2",
               "@ondc/org/category": "Standard Delivery",
               "@ondc/org/TAT": "PT24H",
               "state": {
                  "descriptor": {
                     "code": "Packed"
                  }
               },
               "type": "Delivery",
               "tracking": true,
               "start": {
                  "location": {
                     "id": "SSL2",
                     "gps": "28.527300, 77.182100",
                     "descriptor": {
                        "name": "Pramaan Store 2",
                        "images": [
                           "https://ondc.org/assets/theme/images/ondc_registered_logo.svg?v=399788fda7"
                        ]
                     },
                     "address": {
                        "locality": "221B",
                        "city": "London",
                        "area_code": "110030",
                        "state": "New Delhi"
                     }
                  },
                  "time": {
                     "range": {
                        "start": "2025-02-13T12:27:51.278Z",
                        "end": "2025-02-13T23:00:00.000Z"
                     }
                  },
                  "contact": {
                     "phone": "9753186420",
                     "email": "ss_seller_2@ss.com"
                  }
               },
               "end": {
                  "contact": {
                     "phone": "9164215281",
                     "email": "rrai@opteamix.com"
                  },
                  "location": {
                     "gps": "17.387140,78.491684",
                     "address": {
                        "city": "Ghaziabad",
                        "name": "allahabad",
                        "state": "Uttar Pradesh",
                        "country": "India",
                        "building": "Plot No. 14",
                        "locality": "allahabad",
                        "area_code": "201010"
                     }
                  },
                  "person": {
                     "name": "Rakshith"
                  },
                  "time": {
                     "range": {
                        "start": "2025-02-14T09:30:00.000Z",
                        "end": "2025-02-14T19:00:00.000Z"
                     }
                  }
               },
               "tags": [
                  {
                     "code": "routing",
                     "list": [
                        {
                           "code": "type",
                           "value": "P2P"
                        }
                     ]
                  },
                  {
                     "code": "tracking",
                     "list": [
                        {
                           "code": "gps_enabled",
                           "value": "yes"
                        },
                        {
                           "code": "url_enabled",
                           "value": "yes"
                        },
                        {
                           "code": "url",
                           "value": "https://ondc.sequelstring.com/track/815759e1-9846-4648-855b-474ebeb01c74"
                        }
                     ]
                  }
               ]
            }
         ],
         "quote": {
            "price": {
               "currency": "INR",
               "value": "210.00"
            },
            "breakup": [
               {
                  "@ondc/org/item_id": "id_13owvn_0_1",
                  "title": "Plain Atta",
                  "@ondc/org/item_quantity": {
                     "count": 2
                  },
                  "@ondc/org/title_type": "item",
                  "price": {
                     "currency": "INR",
                     "value": "130.00"
                  },
                  "item": {
                     "quantity": {
                        "available": {
                           "count": "99"
                        },
                        "maximum": {
                           "count": "99"
                        }
                     },
                     "price": {
                        "currency": "INR",
                        "value": "65.00"
                     }
                  }
               },
               {
                  "@ondc/org/item_id": "815759e1-9846-4648-855b-474ebeb01c74",
                  "title": "Delivery charges",
                  "@ondc/org/title_type": "delivery",
                  "price": {
                     "currency": "INR",
                     "value": "40"
                  }
               },
               {
                  "@ondc/org/item_id": "815759e1-9846-4648-855b-474ebeb01c74",
                  "title": "Convenience Fee",
                  "@ondc/org/title_type": "misc",
                  "price": {
                     "currency": "INR",
                     "value": "40"
                  }
               }
            ],
            "ttl": "PT6H"
         },
         "payment": {
            "status": "PAID",
            "collected_by": "BAP",
            "@ondc/org/settlement_details": [
               {
                  "bank_name": "AXIS BANK LTD ",
                  "branch_name": "NAVI MUMBAI",
                  "upi_address": "",
                  "settlement_type": "neft",
                  "beneficiary_name": "SEQUELSTRING AI",
                  "settlement_phase": "sale-amount",
                  "settlement_status": "NOT-PAID",
                  "settlement_ifsc_code": "AXIS123456",
                  "settlement_counterparty": "seller-app",
                  "settlement_bank_account_no": "9876543210012"
               }
            ],
            "@ondc/org/buyer_app_finder_fee_type": "percent",
            "@ondc/org/buyer_app_finder_fee_amount": "3",
            "type": "ON-ORDER",
            "params": {
               "amount": "210.00",
               "transaction_id": "6747490248070087",
               "currency": "INR"
            }
         },
         "tags": [
            {
               "code": "bpp_terms",
               "list": [
                  {
                     "code": "np_type",
                     "value": "MSN"
                  },
                  {
                     "code": "tax_number",
                     "value": "00ABCDE1234F1Z5"
                  },
                  {
                     "code": "max_liability",
                     "value": "2"
                  },
                  {
                     "code": "max_liability_cap",
                     "value": "10000.00"
                  },
                  {
                     "code": "mandatory_arbitration",
                     "value": "false"
                  },
                  {
                     "code": "court_jurisdiction",
                     "value": "New Delhi"
                  },
                  {
                     "code": "delay_interest",
                     "value": "7.50"
                  },
                  {
                     "code": "provider_tax_number",
                     "value": "ABCDE1234F"
                  }
               ]
            }
         ],
         "created_at": "2025-02-13T12:27:50.964Z",
         "updated_at": "2025-02-13T12:27:59.340Z"
      }
   }
}


{
   "context": {
      "domain": "ONDC:RET10",
      "city": "std:080",
      "country": "IND",
      "action": "on_status",
      "core_version": "1.2.0",
      "bap_id": "preprod.eazehub.com",
      "bap_uri": "https://preprod.eazehub.com",
      "bpp_id": "pramaan.ondc.org/beta/preprod/mock/seller",
      "bpp_uri": "https://pramaan.ondc.org/beta/preprod/mock/seller",
      "transaction_id": "6747490248070087",
      "message_id": "7a965c6a-06d3-41fb-af88-43eb24be5e69",
      "timestamp": "2025-02-13T12:28:11.405Z",
      "ttl": "PT50S"
   },
   "message": {
      "order": {
         "id": "1000448-1",
         "state": "In-progress",
         "provider": {
            "id": "pramaan_provider_2",
            "locations": [
               {
                  "id": "SSL2"
               }
            ]
         },
         "items": [
            {
               "id": "id_13owvn_0_1",
               "quantity": {
                  "count": 2
               },
               "location_id": "SSL2",
               "fulfillment_id": "815759e1-9846-4648-855b-474ebeb01c74"
            }
         ],
         "billing": {
            "name": "Rakshith Rai",
            "address": {
               "name": "Rakshith Rai",
               "building": "Plot No. 14",
               "locality": "allahabad",
               "city": "Ghaziabad",
               "state": "Uttar Pradesh",
               "country": "India",
               "area_code": "201010"
            },
            "tax_number": "",
            "email": "rrai@opteamix.com",
            "phone": "9164215281",
            "created_at": "2025-02-13T12:26:36.888Z",
            "updated_at": "2025-02-13T12:26:36.888Z"
         },
         "fulfillments": [
            {
               "id": "815759e1-9846-4648-855b-474ebeb01c74",
               "@ondc/org/provider_name": "Pramaan Store 2",
               "@ondc/org/category": "Standard Delivery",
               "@ondc/org/TAT": "PT24H",
               "state": {
                  "descriptor": {
                     "code": "Agent-assigned"
                  }
               },
               "type": "Delivery",
               "tracking": true,
               "start": {
                  "location": {
                     "id": "SSL2",
                     "gps": "28.527300, 77.182100",
                     "descriptor": {
                        "name": "Pramaan Store 2",
                        "images": [
                           "https://ondc.org/assets/theme/images/ondc_registered_logo.svg?v=399788fda7"
                        ]
                     },
                     "address": {
                        "locality": "221B",
                        "city": "London",
                        "area_code": "110030",
                        "state": "New Delhi"
                     }
                  },
                  "time": {
                     "range": {
                        "start": "2025-02-13T12:27:51.278Z",
                        "end": "2025-02-13T23:00:00.000Z"
                     }
                  },
                  "contact": {
                     "phone": "9753186420",
                     "email": "ss_seller_2@ss.com"
                  }
               },
               "end": {
                  "contact": {
                     "phone": "9164215281",
                     "email": "rrai@opteamix.com"
                  },
                  "location": {
                     "gps": "17.387140,78.491684",
                     "address": {
                        "city": "Ghaziabad",
                        "name": "allahabad",
                        "state": "Uttar Pradesh",
                        "country": "India",
                        "building": "Plot No. 14",
                        "locality": "allahabad",
                        "area_code": "201010"
                     }
                  },
                  "person": {
                     "name": "Rakshith"
                  },
                  "time": {
                     "range": {
                        "start": "2025-02-14T09:30:00.000Z",
                        "end": "2025-02-14T19:00:00.000Z"
                     }
                  }
               },
               "tags": [
                  {
                     "code": "routing",
                     "list": [
                        {
                           "code": "type",
                           "value": "P2P"
                        }
                     ]
                  },
                  {
                     "code": "tracking",
                     "list": [
                        {
                           "code": "gps_enabled",
                           "value": "yes"
                        },
                        {
                           "code": "url_enabled",
                           "value": "yes"
                        },
                        {
                           "code": "url",
                           "value": "https://ondc.sequelstring.com/track/815759e1-9846-4648-855b-474ebeb01c74"
                        }
                     ]
                  }
               ]
            }
         ],
         "quote": {
            "price": {
               "currency": "INR",
               "value": "210.00"
            },
            "breakup": [
               {
                  "@ondc/org/item_id": "id_13owvn_0_1",
                  "title": "Plain Atta",
                  "@ondc/org/item_quantity": {
                     "count": 2
                  },
                  "@ondc/org/title_type": "item",
                  "price": {
                     "currency": "INR",
                     "value": "130.00"
                  },
                  "item": {
                     "quantity": {
                        "available": {
                           "count": "99"
                        },
                        "maximum": {
                           "count": "99"
                        }
                     },
                     "price": {
                        "currency": "INR",
                        "value": "65.00"
                     }
                  }
               },
               {
                  "@ondc/org/item_id": "815759e1-9846-4648-855b-474ebeb01c74",
                  "title": "Delivery charges",
                  "@ondc/org/title_type": "delivery",
                  "price": {
                     "currency": "INR",
                     "value": "40"
                  }
               },
               {
                  "@ondc/org/item_id": "815759e1-9846-4648-855b-474ebeb01c74",
                  "title": "Convenience Fee",
                  "@ondc/org/title_type": "misc",
                  "price": {
                     "currency": "INR",
                     "value": "40"
                  }
               }
            ],
            "ttl": "PT6H"
         },
         "payment": {
            "status": "PAID",
            "collected_by": "BAP",
            "@ondc/org/settlement_details": [
               {
                  "bank_name": "AXIS BANK LTD ",
                  "branch_name": "NAVI MUMBAI",
                  "upi_address": "",
                  "settlement_type": "neft",
                  "beneficiary_name": "SEQUELSTRING AI",
                  "settlement_phase": "sale-amount",
                  "settlement_status": "NOT-PAID",
                  "settlement_ifsc_code": "AXIS123456",
                  "settlement_counterparty": "seller-app",
                  "settlement_bank_account_no": "9876543210012"
               }
            ],
            "@ondc/org/buyer_app_finder_fee_type": "percent",
            "@ondc/org/buyer_app_finder_fee_amount": "3",
            "type": "ON-ORDER",
            "params": {
               "amount": "210.00",
               "transaction_id": "6747490248070087",
               "currency": "INR"
            }
         },
         "tags": [
            {
               "code": "bpp_terms",
               "list": [
                  {
                     "code": "np_type",
                     "value": "MSN"
                  },
                  {
                     "code": "tax_number",
                     "value": "00ABCDE1234F1Z5"
                  },
                  {
                     "code": "max_liability",
                     "value": "2"
                  },
                  {
                     "code": "max_liability_cap",
                     "value": "10000.00"
                  },
                  {
                     "code": "mandatory_arbitration",
                     "value": "false"
                  },
                  {
                     "code": "court_jurisdiction",
                     "value": "New Delhi"
                  },
                  {
                     "code": "delay_interest",
                     "value": "7.50"
                  },
                  {
                     "code": "provider_tax_number",
                     "value": "ABCDE1234F"
                  }
               ]
            }
         ],
         "created_at": "2025-02-13T12:27:50.964Z",
         "updated_at": "2025-02-13T12:28:11.405Z"
      }
   }
}


{
   "context": {
      "domain": "ONDC:RET10",
      "city": "std:080",
      "country": "IND",
      "action": "on_status",
      "core_version": "1.2.0",
      "bap_id": "preprod.eazehub.com",
      "bap_uri": "https://preprod.eazehub.com",
      "bpp_id": "pramaan.ondc.org/beta/preprod/mock/seller",
      "bpp_uri": "https://pramaan.ondc.org/beta/preprod/mock/seller",
      "transaction_id": "6747490248070087",
      "message_id": "c51c63db-6e13-4dd2-855b-564de19cfeb5",
      "timestamp": "2025-02-13T12:28:22.847Z",
      "ttl": "PT50S"
   },
   "message": {
      "order": {
         "id": "1000448-1",
         "state": "In-progress",
         "provider": {
            "id": "pramaan_provider_2",
            "locations": [
               {
                  "id": "SSL2"
               }
            ]
         },
         "items": [
            {
               "id": "id_13owvn_0_1",
               "quantity": {
                  "count": 2
               },
               "location_id": "SSL2",
               "fulfillment_id": "815759e1-9846-4648-855b-474ebeb01c74"
            }
         ],
         "billing": {
            "name": "Rakshith Rai",
            "address": {
               "name": "Rakshith Rai",
               "building": "Plot No. 14",
               "locality": "allahabad",
               "city": "Ghaziabad",
               "state": "Uttar Pradesh",
               "country": "India",
               "area_code": "201010"
            },
            "tax_number": "",
            "email": "rrai@opteamix.com",
            "phone": "9164215281",
            "created_at": "2025-02-13T12:26:36.888Z",
            "updated_at": "2025-02-13T12:26:36.888Z"
         },
         "fulfillments": [
            {
               "id": "815759e1-9846-4648-855b-474ebeb01c74",
               "@ondc/org/provider_name": "Pramaan Store 2",
               "@ondc/org/category": "Standard Delivery",
               "@ondc/org/TAT": "PT24H",
               "state": {
                  "descriptor": {
                     "code": "Order-picked-up"
                  }
               },
               "type": "Delivery",
               "tracking": true,
               "start": {
                  "location": {
                     "id": "SSL2",
                     "gps": "28.527300, 77.182100",
                     "descriptor": {
                        "name": "Pramaan Store 2",
                        "images": [
                           "https://ondc.org/assets/theme/images/ondc_registered_logo.svg?v=399788fda7"
                        ]
                     },
                     "address": {
                        "locality": "221B",
                        "city": "London",
                        "area_code": "110030",
                        "state": "New Delhi"
                     }
                  },
                  "time": {
                     "range": {
                        "start": "2025-02-13T12:27:51.278Z",
                        "end": "2025-02-13T23:00:00.000Z"
                     },
                     "timestamp": "2025-02-13T12:28:22.847Z"
                  },
                  "contact": {
                     "phone": "9753186420",
                     "email": "ss_seller_2@ss.com"
                  }
               },
               "end": {
                  "contact": {
                     "phone": "9164215281",
                     "email": "rrai@opteamix.com"
                  },
                  "location": {
                     "gps": "17.387140,78.491684",
                     "address": {
                        "city": "Ghaziabad",
                        "name": "allahabad",
                        "state": "Uttar Pradesh",
                        "country": "India",
                        "building": "Plot No. 14",
                        "locality": "allahabad",
                        "area_code": "201010"
                     }
                  },
                  "person": {
                     "name": "Rakshith"
                  },
                  "time": {
                     "range": {
                        "start": "2025-02-14T09:30:00.000Z",
                        "end": "2025-02-14T19:00:00.000Z"
                     }
                  }
               },
               "tags": [
                  {
                     "code": "routing",
                     "list": [
                        {
                           "code": "type",
                           "value": "P2P"
                        }
                     ]
                  },
                  {
                     "code": "tracking",
                     "list": [
                        {
                           "code": "gps_enabled",
                           "value": "yes"
                        },
                        {
                           "code": "url_enabled",
                           "value": "yes"
                        },
                        {
                           "code": "url",
                           "value": "https://ondc.sequelstring.com/track/815759e1-9846-4648-855b-474ebeb01c74"
                        }
                     ]
                  }
               ]
            }
         ],
         "quote": {
            "price": {
               "currency": "INR",
               "value": "210.00"
            },
            "breakup": [
               {
                  "@ondc/org/item_id": "id_13owvn_0_1",
                  "title": "Plain Atta",
                  "@ondc/org/item_quantity": {
                     "count": 2
                  },
                  "@ondc/org/title_type": "item",
                  "price": {
                     "currency": "INR",
                     "value": "130.00"
                  },
                  "item": {
                     "quantity": {
                        "available": {
                           "count": "99"
                        },
                        "maximum": {
                           "count": "99"
                        }
                     },
                     "price": {
                        "currency": "INR",
                        "value": "65.00"
                     }
                  }
               },
               {
                  "@ondc/org/item_id": "815759e1-9846-4648-855b-474ebeb01c74",
                  "title": "Delivery charges",
                  "@ondc/org/title_type": "delivery",
                  "price": {
                     "currency": "INR",
                     "value": "40"
                  }
               },
               {
                  "@ondc/org/item_id": "815759e1-9846-4648-855b-474ebeb01c74",
                  "title": "Convenience Fee",
                  "@ondc/org/title_type": "misc",
                  "price": {
                     "currency": "INR",
                     "value": "40"
                  }
               }
            ],
            "ttl": "PT6H"
         },
         "payment": {
            "status": "PAID",
            "collected_by": "BAP",
            "@ondc/org/settlement_details": [
               {
                  "bank_name": "AXIS BANK LTD ",
                  "branch_name": "NAVI MUMBAI",
                  "upi_address": "",
                  "settlement_type": "neft",
                  "beneficiary_name": "SEQUELSTRING AI",
                  "settlement_phase": "sale-amount",
                  "settlement_status": "NOT-PAID",
                  "settlement_ifsc_code": "AXIS123456",
                  "settlement_counterparty": "seller-app",
                  "settlement_bank_account_no": "9876543210012"
               }
            ],
            "@ondc/org/buyer_app_finder_fee_type": "percent",
            "@ondc/org/buyer_app_finder_fee_amount": "3",
            "type": "ON-ORDER",
            "params": {
               "amount": "210.00",
               "transaction_id": "6747490248070087",
               "currency": "INR"
            }
         },
         "tags": [
            {
               "code": "bpp_terms",
               "list": [
                  {
                     "code": "np_type",
                     "value": "MSN"
                  },
                  {
                     "code": "tax_number",
                     "value": "00ABCDE1234F1Z5"
                  },
                  {
                     "code": "max_liability",
                     "value": "2"
                  },
                  {
                     "code": "max_liability_cap",
                     "value": "10000.00"
                  },
                  {
                     "code": "mandatory_arbitration",
                     "value": "false"
                  },
                  {
                     "code": "court_jurisdiction",
                     "value": "New Delhi"
                  },
                  {
                     "code": "delay_interest",
                     "value": "7.50"
                  },
                  {
                     "code": "provider_tax_number",
                     "value": "ABCDE1234F"
                  }
               ]
            }
         ],
         "created_at": "2025-02-13T12:27:50.964Z",
         "updated_at": "2025-02-13T12:28:22.847Z",
         "documents": [
            {
               "label": "Invoice",
               "url": "https://ondc.sequelstring.com/seller/document/invoice.pdf"
            }
         ]
      }
   }
}


{
   "context": {
      "domain": "ONDC:RET10",
      "city": "std:080",
      "country": "IND",
      "action": "on_status",
      "core_version": "1.2.0",
      "bap_id": "preprod.eazehub.com",
      "bap_uri": "https://preprod.eazehub.com",
      "bpp_id": "pramaan.ondc.org/beta/preprod/mock/seller",
      "bpp_uri": "https://pramaan.ondc.org/beta/preprod/mock/seller",
      "transaction_id": "6747490248070087",
      "message_id": "12e6007d-6b25-4ab3-8f72-b6431453f9f2",
      "timestamp": "2025-02-13T12:28:34.381Z",
      "ttl": "PT50S"
   },
   "message": {
      "order": {
         "id": "1000448-1",
         "state": "In-progress",
         "provider": {
            "id": "pramaan_provider_2",
            "locations": [
               {
                  "id": "SSL2"
               }
            ]
         },
         "items": [
            {
               "id": "id_13owvn_0_1",
               "quantity": {
                  "count": 2
               },
               "location_id": "SSL2",
               "fulfillment_id": "815759e1-9846-4648-855b-474ebeb01c74"
            }
         ],
         "billing": {
            "name": "Rakshith Rai",
            "address": {
               "name": "Rakshith Rai",
               "building": "Plot No. 14",
               "locality": "allahabad",
               "city": "Ghaziabad",
               "state": "Uttar Pradesh",
               "country": "India",
               "area_code": "201010"
            },
            "tax_number": "",
            "email": "rrai@opteamix.com",
            "phone": "9164215281",
            "created_at": "2025-02-13T12:26:36.888Z",
            "updated_at": "2025-02-13T12:26:36.888Z"
         },
         "fulfillments": [
            {
               "id": "815759e1-9846-4648-855b-474ebeb01c74",
               "@ondc/org/provider_name": "Pramaan Store 2",
               "@ondc/org/category": "Standard Delivery",
               "@ondc/org/TAT": "PT24H",
               "state": {
                  "descriptor": {
                     "code": "Out-for-delivery"
                  }
               },
               "type": "Delivery",
               "tracking": true,
               "start": {
                  "location": {
                     "id": "SSL2",
                     "gps": "28.527300, 77.182100",
                     "descriptor": {
                        "name": "Pramaan Store 2",
                        "images": [
                           "https://ondc.org/assets/theme/images/ondc_registered_logo.svg?v=399788fda7"
                        ]
                     },
                     "address": {
                        "locality": "221B",
                        "city": "London",
                        "area_code": "110030",
                        "state": "New Delhi"
                     }
                  },
                  "time": {
                     "range": {
                        "start": "2025-02-13T12:27:51.278Z",
                        "end": "2025-02-13T23:00:00.000Z"
                     },
                     "timestamp": "2025-02-13T12:28:22.847Z"
                  },
                  "contact": {
                     "phone": "9753186420",
                     "email": "ss_seller_2@ss.com"
                  }
               },
               "end": {
                  "contact": {
                     "phone": "9164215281",
                     "email": "rrai@opteamix.com"
                  },
                  "location": {
                     "gps": "17.387140,78.491684",
                     "address": {
                        "city": "Ghaziabad",
                        "name": "allahabad",
                        "state": "Uttar Pradesh",
                        "country": "India",
                        "building": "Plot No. 14",
                        "locality": "allahabad",
                        "area_code": "201010"
                     }
                  },
                  "person": {
                     "name": "Rakshith"
                  },
                  "time": {
                     "range": {
                        "start": "2025-02-14T09:30:00.000Z",
                        "end": "2025-02-14T19:00:00.000Z"
                     }
                  }
               },
               "tags": [
                  {
                     "code": "routing",
                     "list": [
                        {
                           "code": "type",
                           "value": "P2P"
                        }
                     ]
                  },
                  {
                     "code": "tracking",
                     "list": [
                        {
                           "code": "gps_enabled",
                           "value": "yes"
                        },
                        {
                           "code": "url_enabled",
                           "value": "yes"
                        },
                        {
                           "code": "url",
                           "value": "https://ondc.sequelstring.com/track/815759e1-9846-4648-855b-474ebeb01c74"
                        }
                     ]
                  }
               ]
            }
         ],
         "quote": {
            "price": {
               "currency": "INR",
               "value": "210.00"
            },
            "breakup": [
               {
                  "@ondc/org/item_id": "id_13owvn_0_1",
                  "title": "Plain Atta",
                  "@ondc/org/item_quantity": {
                     "count": 2
                  },
                  "@ondc/org/title_type": "item",
                  "price": {
                     "currency": "INR",
                     "value": "130.00"
                  },
                  "item": {
                     "quantity": {
                        "available": {
                           "count": "99"
                        },
                        "maximum": {
                           "count": "99"
                        }
                     },
                     "price": {
                        "currency": "INR",
                        "value": "65.00"
                     }
                  }
               },
               {
                  "@ondc/org/item_id": "815759e1-9846-4648-855b-474ebeb01c74",
                  "title": "Delivery charges",
                  "@ondc/org/title_type": "delivery",
                  "price": {
                     "currency": "INR",
                     "value": "40"
                  }
               },
               {
                  "@ondc/org/item_id": "815759e1-9846-4648-855b-474ebeb01c74",
                  "title": "Convenience Fee",
                  "@ondc/org/title_type": "misc",
                  "price": {
                     "currency": "INR",
                     "value": "40"
                  }
               }
            ],
            "ttl": "PT6H"
         },
         "payment": {
            "status": "PAID",
            "collected_by": "BAP",
            "@ondc/org/settlement_details": [
               {
                  "bank_name": "AXIS BANK LTD ",
                  "branch_name": "NAVI MUMBAI",
                  "upi_address": "",
                  "settlement_type": "neft",
                  "beneficiary_name": "SEQUELSTRING AI",
                  "settlement_phase": "sale-amount",
                  "settlement_status": "NOT-PAID",
                  "settlement_ifsc_code": "AXIS123456",
                  "settlement_counterparty": "seller-app",
                  "settlement_bank_account_no": "9876543210012"
               }
            ],
            "@ondc/org/buyer_app_finder_fee_type": "percent",
            "@ondc/org/buyer_app_finder_fee_amount": "3",
            "type": "ON-ORDER",
            "params": {
               "amount": "210.00",
               "transaction_id": "6747490248070087",
               "currency": "INR"
            }
         },
         "tags": [
            {
               "code": "bpp_terms",
               "list": [
                  {
                     "code": "np_type",
                     "value": "MSN"
                  },
                  {
                     "code": "tax_number",
                     "value": "00ABCDE1234F1Z5"
                  },
                  {
                     "code": "max_liability",
                     "value": "2"
                  },
                  {
                     "code": "max_liability_cap",
                     "value": "10000.00"
                  },
                  {
                     "code": "mandatory_arbitration",
                     "value": "false"
                  },
                  {
                     "code": "court_jurisdiction",
                     "value": "New Delhi"
                  },
                  {
                     "code": "delay_interest",
                     "value": "7.50"
                  },
                  {
                     "code": "provider_tax_number",
                     "value": "ABCDE1234F"
                  }
               ]
            }
         ],
         "created_at": "2025-02-13T12:27:50.964Z",
         "updated_at": "2025-02-13T12:28:34.381Z",
         "documents": [
            {
               "label": "Invoice",
               "url": "https://ondc.sequelstring.com/seller/document/invoice.pdf"
            }
         ]
      }
   }
}


{
   "context": {
      "domain": "ONDC:RET10",
      "city": "std:080",
      "country": "IND",
      "action": "on_status",
      "core_version": "1.2.0",
      "bap_id": "preprod.eazehub.com",
      "bap_uri": "https://preprod.eazehub.com",
      "bpp_id": "pramaan.ondc.org/beta/preprod/mock/seller",
      "bpp_uri": "https://pramaan.ondc.org/beta/preprod/mock/seller",
      "transaction_id": "6747490248070087",
      "message_id": "b21e0efb-4826-4798-b0c3-85e970ea04eb",
      "timestamp": "2025-02-13T12:28:47.602Z",
      "ttl": "PT50S"
   },
   "message": {
      "order": {
         "id": "1000448-1",
         "state": "Completed",
         "provider": {
            "id": "pramaan_provider_2",
            "locations": [
               {
                  "id": "SSL2"
               }
            ]
         },
         "items": [
            {
               "id": "id_13owvn_0_1",
               "quantity": {
                  "count": 2
               },
               "location_id": "SSL2",
               "fulfillment_id": "815759e1-9846-4648-855b-474ebeb01c74"
            }
         ],
         "billing": {
            "name": "Rakshith Rai",
            "address": {
               "name": "Rakshith Rai",
               "building": "Plot No. 14",
               "locality": "allahabad",
               "city": "Ghaziabad",
               "state": "Uttar Pradesh",
               "country": "India",
               "area_code": "201010"
            },
            "tax_number": "",
            "email": "rrai@opteamix.com",
            "phone": "9164215281",
            "created_at": "2025-02-13T12:26:36.888Z",
            "updated_at": "2025-02-13T12:26:36.888Z"
         },
         "fulfillments": [
            {
               "id": "815759e1-9846-4648-855b-474ebeb01c74",
               "@ondc/org/provider_name": "Pramaan Store 2",
               "@ondc/org/category": "Standard Delivery",
               "@ondc/org/TAT": "PT24H",
               "state": {
                  "descriptor": {
                     "code": "Order-delivered"
                  }
               },
               "type": "Delivery",
               "tracking": true,
               "start": {
                  "location": {
                     "id": "SSL2",
                     "gps": "28.527300, 77.182100",
                     "descriptor": {
                        "name": "Pramaan Store 2",
                        "images": [
                           "https://ondc.org/assets/theme/images/ondc_registered_logo.svg?v=399788fda7"
                        ]
                     },
                     "address": {
                        "locality": "221B",
                        "city": "London",
                        "area_code": "110030",
                        "state": "New Delhi"
                     }
                  },
                  "time": {
                     "range": {
                        "start": "2025-02-13T12:27:51.278Z",
                        "end": "2025-02-13T23:00:00.000Z"
                     },
                     "timestamp": "2025-02-13T12:28:22.847Z"
                  },
                  "contact": {
                     "phone": "9753186420",
                     "email": "ss_seller_2@ss.com"
                  }
               },
               "end": {
                  "contact": {
                     "phone": "9164215281",
                     "email": "rrai@opteamix.com"
                  },
                  "location": {
                     "gps": "17.387140,78.491684",
                     "address": {
                        "city": "Ghaziabad",
                        "name": "allahabad",
                        "state": "Uttar Pradesh",
                        "country": "India",
                        "building": "Plot No. 14",
                        "locality": "allahabad",
                        "area_code": "201010"
                     }
                  },
                  "person": {
                     "name": "Rakshith"
                  },
                  "time": {
                     "range": {
                        "start": "2025-02-14T09:30:00.000Z",
                        "end": "2025-02-14T19:00:00.000Z"
                     },
                     "timestamp": "2025-02-13T12:28:47.602Z"
                  }
               },
               "tags": [
                  {
                     "code": "routing",
                     "list": [
                        {
                           "code": "type",
                           "value": "P2P"
                        }
                     ]
                  },
                  {
                     "code": "tracking",
                     "list": [
                        {
                           "code": "gps_enabled",
                           "value": "yes"
                        },
                        {
                           "code": "url_enabled",
                           "value": "yes"
                        },
                        {
                           "code": "url",
                           "value": "https://ondc.sequelstring.com/track/815759e1-9846-4648-855b-474ebeb01c74"
                        }
                     ]
                  }
               ]
            }
         ],
         "quote": {
            "price": {
               "currency": "INR",
               "value": "210.00"
            },
            "breakup": [
               {
                  "@ondc/org/item_id": "id_13owvn_0_1",
                  "title": "Plain Atta",
                  "@ondc/org/item_quantity": {
                     "count": 2
                  },
                  "@ondc/org/title_type": "item",
                  "price": {
                     "currency": "INR",
                     "value": "130.00"
                  },
                  "item": {
                     "quantity": {
                        "available": {
                           "count": "99"
                        },
                        "maximum": {
                           "count": "99"
                        }
                     },
                     "price": {
                        "currency": "INR",
                        "value": "65.00"
                     }
                  }
               },
               {
                  "@ondc/org/item_id": "815759e1-9846-4648-855b-474ebeb01c74",
                  "title": "Delivery charges",
                  "@ondc/org/title_type": "delivery",
                  "price": {
                     "currency": "INR",
                     "value": "40"
                  }
               },
               {
                  "@ondc/org/item_id": "815759e1-9846-4648-855b-474ebeb01c74",
                  "title": "Convenience Fee",
                  "@ondc/org/title_type": "misc",
                  "price": {
                     "currency": "INR",
                     "value": "40"
                  }
               }
            ],
            "ttl": "PT6H"
         },
         "payment": {
            "status": "PAID",
            "collected_by": "BAP",
            "@ondc/org/settlement_details": [
               {
                  "bank_name": "AXIS BANK LTD ",
                  "branch_name": "NAVI MUMBAI",
                  "upi_address": "",
                  "settlement_type": "neft",
                  "beneficiary_name": "SEQUELSTRING AI",
                  "settlement_phase": "sale-amount",
                  "settlement_status": "NOT-PAID",
                  "settlement_ifsc_code": "AXIS123456",
                  "settlement_counterparty": "seller-app",
                  "settlement_bank_account_no": "9876543210012"
               }
            ],
            "@ondc/org/buyer_app_finder_fee_type": "percent",
            "@ondc/org/buyer_app_finder_fee_amount": "3",
            "type": "ON-ORDER",
            "params": {
               "amount": "210.00",
               "transaction_id": "6747490248070087",
               "currency": "INR"
            }
         },
         "tags": [
            {
               "code": "bpp_terms",
               "list": [
                  {
                     "code": "np_type",
                     "value": "MSN"
                  },
                  {
                     "code": "tax_number",
                     "value": "00ABCDE1234F1Z5"
                  },
                  {
                     "code": "max_liability",
                     "value": "2"
                  },
                  {
                     "code": "max_liability_cap",
                     "value": "10000.00"
                  },
                  {
                     "code": "mandatory_arbitration",
                     "value": "false"
                  },
                  {
                     "code": "court_jurisdiction",
                     "value": "New Delhi"
                  },
                  {
                     "code": "delay_interest",
                     "value": "7.50"
                  },
                  {
                     "code": "provider_tax_number",
                     "value": "ABCDE1234F"
                  }
               ]
            }
         ],
         "created_at": "2025-02-13T12:27:50.964Z",
         "updated_at": "2025-02-13T12:28:47.602Z",
         "documents": [
            {
               "label": "Invoice",
               "url": "https://ondc.sequelstring.com/seller/document/invoice.pdf"
            }
         ]
      }
   }
}


