{
   "context": {
      "domain": "ONDC:RET10",
      "city": "std:080",
      "country": "IND",
      "action": "on_track",
      "core_version": "1.2.0",
      "bap_id": "preprod.eazehub.com",
      "bap_uri": "https://preprod.eazehub.com",
      "bpp_id": "pramaan.ondc.org/beta/preprod/mock/seller",
      "bpp_uri": "https://pramaan.ondc.org/beta/preprod/mock/seller",
      "transaction_id": "6747490248070087",
      "message_id": "MSG3c196cb6-2ffd-4748-b13c-ef232a68c00c",
      "timestamp": "2025-02-13T12:29:08.140Z",
      "ttl": "PT30S"
   },
   "message": {
      "tracking": {
         "id": "00ea5459-7955-4583-9c88-9552ac955157",
         "url": "http://sequelstring-lsp-ondc.com/track",
         "status": "active"
      }
   }
}


