{
   "context": {
      "domain": "ONDC:RET10",
      "city": "std:080",
      "country": "IND",
      "action": "select",
      "core_version": "1.2.0",
      "bap_id": "preprod.eazehub.com",
      "bap_uri": "https://preprod.eazehub.com",
      "bpp_id": "pramaan.ondc.org/beta/preprod/mock/seller",
      "bpp_uri": "https://pramaan.ondc.org/beta/preprod/mock/seller",
      "transaction_id": "6747490248070087",
      "message_id": "MSG9eb4426b-cc89-40e3-9587-8213d79cd5e7",
      "timestamp": "2025-02-13T12:25:58.057Z",
      "ttl": "PT30S"
   },
   "message": {
      "order": {
         "provider": {
            "id": "pramaan_provider_2",
            "locations": [
               {
                  "id": "SSL2"
               }
            ]
         },
         "items": [
            {
               "id": "id_13owvn_0_1",
               "location_id": "SSL2",
               "quantity": {
                  "count": 2
               }
            }
         ],
         "fulfillments": [
            {
               "end": {
                  "location": {
                     "gps": "17.387140,78.491684",
                     "address": {
                        "area_code": "110030"
                     }
                  }
               }
            }
         ]
      }
   }
}


