{
   "context": {
      "domain": "ONDC:RET10",
      "city": "std:080",
      "country": "IND",
      "action": "status",
      "core_version": "1.2.0",
      "bap_id": "preprod.eazehub.com",
      "bap_uri": "https://preprod.eazehub.com",
      "bpp_id": "pramaan.ondc.org/beta/preprod/mock/seller",
      "bpp_uri": "https://pramaan.ondc.org/beta/preprod/mock/seller",
      "transaction_id": "6747490248070087",
      "message_id": "MSGc1b7cb76-6c5b-43fe-b950-2567f8469149",
      "timestamp": "2025-02-13T12:27:51.339Z",
      "ttl": "PT30S"
   },
   "message": {
      "order_id": "1000448-1"
   }
}


